Parsed OK
PROGRAM
  TYPE_DECL (Point)
    VAR_DECL (x)
      VAR_TYPE (int)
    VAR_DECL (y)
      VAR_TYPE (int)
    VAR_DECL (label)
      VAR_TYPE (string)
  TYPE_DECL (Student)
    VAR_DECL (name)
      VAR_TYPE (string)
    VAR_DECL (coords)
      VAR_TYPE (Point)
    VAR_DECL (roll)
      VAR_TYPE (int)
  BLOCK
    TYPE_DECL (Student)
      VAR_DECL (name)
        VAR_TYPE (string)
      VAR_DECL (coords)
        VAR_TYPE (Point)
    VAR_DECL (s1)
      VAR_TYPE (Student)
    EXPR_STMT
      ASSIGN (=)
        MEMBER (.name)
          PRIMARY (s1)
        PRIMARY ("Eren Yeager")
  VAR_DECL (s1)
    VAR_TYPE (Student)
  EXPR_STMT
    ASSIGN (=)
      MEMBER (.name)
        PRIMARY (s1)
      PRIMARY ("Eren Yeager")
  EXPR_STMT
    ASSIGN (=)
      MEMBER (.roll)
        PRIMARY (s1)
      PRIMARY (139)
  EXPR_STMT
    ASSIGN (=)
      MEMBER (.x)
        MEMBER (.coords)
          PRIMARY (s1)
      PRIMARY (13)
  EXPR_STMT
    ASSIGN (=)
      MEMBER (.y)
        MEMBER (.coords)
          PRIMARY (s1)
      PRIMARY (9)
  EXPR_STMT
    ASSIGN (=)
      MEMBER (.label)
        MEMBER (.coords)
          PRIMARY (s1)
      PRIMARY ("Paradis")
  VAR_DECL (s2)
    VAR_TYPE (Student)
    PRIMARY (s1)
  EXPR_STMT
    ASSIGN (=)
      MEMBER (.x)
        MEMBER (.coords)
          PRIMARY (s2)
      PRIMARY (100)
