VAR
INT
IDENTIFIER: x
EQ
INT_CONSTANT: 5
SEMI_COLON
IF
LEFT_PAREN
IDENTIFIER: x
GREATER
INT_CONSTANT: 0
RIGHT_PAREN
ECHO
STRING_CONSTANT: Positive
SEMI_COLON
ELSE
IF
LEFT_PAREN
IDENTIFIER: x
EQ_EQ
INT_CONSTANT: 0
RIGHT_PAREN
ECHO
STRING_CONSTANT: Zero
SEMI_COLON
ELSE
ECHO
STRING_CONSTANT: Negative
SEMI_COLON
IF
LEFT_PAREN
BOOL_CONSTANT: 1
RIGHT_PAREN
LEFT_BRACE
ECHO
STRING_CONSTANT: True is True
SEMI_COLON
RIGHT_BRACE
IF
LEFT_PAREN
BOOL_CONSTANT: 0
RIGHT_PAREN
LEFT_BRACE
ECHO
STRING_CONSTANT: False is False
SEMI_COLON
RIGHT_BRACE
IF
LEFT_PAREN
BANG
BOOL_CONSTANT: 1
RIGHT_PAREN
LEFT_BRACE
ECHO
STRING_CONSTANT: Not True is False
SEMI_COLON
RIGHT_BRACE
IF
LEFT_PAREN
BANG
BOOL_CONSTANT: 0
RIGHT_PAREN
LEFT_BRACE
ECHO
STRING_CONSTANT: Not False is True
SEMI_COLON
RIGHT_BRACE
VAR
INT
IDENTIFIER: a
EQ
INT_CONSTANT: 5
SEMI_COLON
VAR
INT
IDENTIFIER: b
EQ
INT_CONSTANT: 10
SEMI_COLON
VAR
INT
IDENTIFIER: max
EQ
LEFT_PAREN
IDENTIFIER: a
GREATER
IDENTIFIER: b
RIGHT_PAREN
QUESTION_MARK
IDENTIFIER: a
COLON
IDENTIFIER: b
SEMI_COLON
ECHO
IDENTIFIER: max
SEMI_COLON
