TYPE
IDENTIFIER: Z
LEFT_BRACE
VAR
INT
IDENTIFIER: q
SEMI_COLON
VAR
STRING
IDENTIFIER: w
SEMI_COLON
RIGHT_BRACE
FUN
IDENTIFIER: foo
LEFT_PAREN
IDENTIFIER: a
COLON
FLOAT
COMMA
IDENTIFIER: b
COLON
BOOLEAN
RIGHT_PAREN
ARROW
INT
LEFT_BRACE
RET
INT_CONSTANT: 42
SEMI_COLON
RIGHT_BRACE
FUN
IDENTIFIER: bar
LEFT_PAREN
IDENTIFIER: c
COLON
STRING
COMMA
IDENTIFIER: d
COLON
DYN
RIGHT_PAREN
ARROW
FLOAT
LEFT_BRACE
RET
FLOAT_CONSTANT: 3.141500
SEMI_COLON
RIGHT_BRACE
FUN
IDENTIFIER: baz
LEFT_PAREN
IDENTIFIER: e
COLON
LIST
LEFT_SQUARE
INT_CONSTANT: 2
RIGHT_SQUARE
COMMA
IDENTIFIER: f
COLON
IDENTIFIER: Z
RIGHT_PAREN
ARROW
STRING
LEFT_BRACE
RET
STRING_CONSTANT: random
SEMI_COLON
RIGHT_BRACE
FUN
IDENTIFIER: qux
LEFT_PAREN
IDENTIFIER: g
COLON
INT
RIGHT_PAREN
ARROW
BOOLEAN
LEFT_BRACE
RET
BOOL_CONSTANT: 1
SEMI_COLON
RIGHT_BRACE
FUN
IDENTIFIER: zap
LEFT_PAREN
IDENTIFIER: h
COLON
FLOAT
COMMA
IDENTIFIER: i
COLON
STRING
COMMA
IDENTIFIER: j
COLON
BOOLEAN
RIGHT_PAREN
ARROW
DYN
LEFT_BRACE
RET
IDENTIFIER: h
SEMI_COLON
RIGHT_BRACE
FUN
IDENTIFIER: zip
LEFT_PAREN
IDENTIFIER: k
COLON
IDENTIFIER: Z
RIGHT_PAREN
ARROW
LIST
LEFT_SQUARE
INT_CONSTANT: 3
RIGHT_SQUARE
LEFT_BRACE
RET
LEFT_SQUARE
INT_CONSTANT: 1
COMMA
BOOL_CONSTANT: 0
COMMA
STRING_CONSTANT: three
RIGHT_SQUARE
SEMI_COLON
RIGHT_BRACE
FUN
IDENTIFIER: bop
LEFT_PAREN
IDENTIFIER: l
COLON
DYN
RIGHT_PAREN
ARROW
IDENTIFIER: Z
LEFT_BRACE
VAR
IDENTIFIER: Z
IDENTIFIER: m
SEMI_COLON
IDENTIFIER: m
DOT
IDENTIFIER: q
EQ
INT_CONSTANT: 99
SEMI_COLON
IDENTIFIER: m
DOT
IDENTIFIER: w
EQ
STRING_CONSTANT: test
SEMI_COLON
RET
IDENTIFIER: m
SEMI_COLON
RIGHT_BRACE
FUN
IDENTIFIER: fnd
LEFT_PAREN
IDENTIFIER: n
COLON
INT
COMMA
IDENTIFIER: o
COLON
FLOAT
RIGHT_PAREN
ARROW
NULL
LEFT_BRACE
VAR
INT
IDENTIFIER: p
EQ
IDENTIFIER: n
PLUS
INT_CONSTANT: 1
SEMI_COLON
RET
NULL
SEMI_COLON
RIGHT_BRACE
