VAR
LIST
LEFT_SQUARE
INT_CONSTANT: 3
RIGHT_SQUARE
IDENTIFIER: myData
EQ
LEFT_SQUARE
INT_CONSTANT: 1
COMMA
STRING_CONSTANT: two
COMMA
FLOAT_CONSTANT: 3.140000
RIGHT_SQUARE
SEMI_COLON
ECHO
IDENTIFIER: myData
LEFT_SQUARE
INT_CONSTANT: 1
RIGHT_SQUARE
SEMI_COLON
IDENTIFIER: myData
LEFT_SQUARE
INT_CONSTANT: 0
RIGHT_SQUARE
EQ
STRING_CONSTANT: hi
SEMI_COLON
VAR
LIST
LEFT_SQUARE
INT_CONSTANT: 3
RIGHT_SQUARE
IDENTIFIER: scores
EQ
LEFT_SQUARE
INT_CONSTANT: 10
COMMA
INT_CONSTANT: 20
COMMA
INT_CONSTANT: 30
RIGHT_SQUARE
SEMI_COLON
IDENTIFIER: scores
LEFT_SQUARE
INT_CONSTANT: 1
RIGHT_SQUARE
EQ
INT_CONSTANT: 99
SEMI_COLON
VAR
LIST
LEFT_SQUARE
INT_CONSTANT: 2
RIGHT_SQUARE
IDENTIFIER: matrix
EQ
LEFT_SQUARE
LEFT_SQUARE
INT_CONSTANT: 1
COMMA
INT_CONSTANT: 2
RIGHT_SQUARE
COMMA
LEFT_SQUARE
INT_CONSTANT: 3
COMMA
INT_CONSTANT: 4
RIGHT_SQUARE
RIGHT_SQUARE
SEMI_COLON
ECHO
IDENTIFIER: matrix
LEFT_SQUARE
INT_CONSTANT: 0
RIGHT_SQUARE
LEFT_SQUARE
INT_CONSTANT: 1
RIGHT_SQUARE
SEMI_COLON
IDENTIFIER: matrix
LEFT_SQUARE
INT_CONSTANT: 1
RIGHT_SQUARE
LEFT_SQUARE
INT_CONSTANT: 1
RIGHT_SQUARE
EQ
INT_CONSTANT: 5
SEMI_COLON
VAR
DYN
IDENTIFIER: mixedList
EQ
LEFT_SQUARE
INT_CONSTANT: 1
COMMA
STRING_CONSTANT: two
COMMA
LEFT_SQUARE
INT_CONSTANT: 3
COMMA
INT_CONSTANT: 4
RIGHT_SQUARE
RIGHT_SQUARE
SEMI_COLON
IDENTIFIER: mixedList
LEFT_SQUARE
INT_CONSTANT: 2
RIGHT_SQUARE
LEFT_SQUARE
INT_CONSTANT: 0
RIGHT_SQUARE
EQ
INT_CONSTANT: 9
SEMI_COLON
VAR
DYN
IDENTIFIER: temp
EQ
LEFT_SQUARE
INT_CONSTANT: 1
COMMA
INT_CONSTANT: 2
COMMA
INT_CONSTANT: 3
RIGHT_SQUARE
SEMI_COLON
VAR
DYN
IDENTIFIER: dupList
EQ
LEFT_SQUARE
IDENTIFIER: temp
COMMA
IDENTIFIER: temp
COMMA
IDENTIFIER: temp
RIGHT_SQUARE
SEMI_COLON
IDENTIFIER: dupList
LEFT_SQUARE
INT_CONSTANT: 0
RIGHT_SQUARE
LEFT_SQUARE
INT_CONSTANT: 0
RIGHT_SQUARE
EQ
INT_CONSTANT: 5
SEMI_COLON
ECHO
IDENTIFIER: dupList
LEFT_SQUARE
INT_CONSTANT: 1
RIGHT_SQUARE
LEFT_SQUARE
INT_CONSTANT: 0
RIGHT_SQUARE
SEMI_COLON
