ECHO
STRING_CONSTANT: Hello!
SEMI_COLON
INT_CONSTANT: 1
PLUS
INT_CONSTANT: 2
SEMI_COLON
IF
LEFT_PAREN
BOOL_CONSTANT: 0
RIGHT_PAREN
LEFT_BRACE
RIGHT_BRACE
WHILE
LEFT_PAREN
BOOL_CONSTANT: 0
RIGHT_PAREN
LEFT_BRACE
BREAK
SEMI_COLON
RIGHT_BRACE
DO
LEFT_BRACE
CONTINUE
SEMI_COLON
RIGHT_BRACE
WHILE
LEFT_PAREN
BOOL_CONSTANT: 0
RIGHT_PAREN
SEMI_COLON
IF
LEFT_PAREN
BOOL_CONSTANT: 0
RIGHT_PAREN
LEFT_BRACE
RIGHT_BRACE
IF
LEFT_PAREN
BOOL_CONSTANT: 1
RIGHT_PAREN
WHILE
LEFT_PAREN
BOOL_CONSTANT: 1
RIGHT_PAREN
BREAK
SEMI_COLON
ELSE
IF
LEFT_PAREN
BOOL_CONSTANT: 0
RIGHT_PAREN
LEFT_BRACE
RIGHT_BRACE
ELSE
INT_CONSTANT: 1
PLUS
INT_CONSTANT: 2
SEMI_COLON
FUN
IDENTIFIER: add
LEFT_PAREN
IDENTIFIER: a
COLON
INT
COMMA
IDENTIFIER: b
COLON
INT
RIGHT_PAREN
ARROW
INT
LEFT_BRACE
RET
IDENTIFIER: a
PLUS
IDENTIFIER: b
SEMI_COLON
RIGHT_BRACE
