TYPE
IDENTIFIER: Point
LEFT_BRACE
VAR
INT
IDENTIFIER: x
SEMI_COLON
VAR
INT
IDENTIFIER: y
SEMI_COLON
VAR
STRING
IDENTIFIER: label
SEMI_COLON
RIGHT_BRACE
TYPE
IDENTIFIER: Student
LEFT_BRACE
VAR
STRING
IDENTIFIER: name
SEMI_COLON
VAR
IDENTIFIER: Point
IDENTIFIER: coords
SEMI_COLON
VAR
INT
IDENTIFIER: roll
SEMI_COLON
RIGHT_BRACE
LEFT_BRACE
TYPE
IDENTIFIER: Student
LEFT_BRACE
VAR
STRING
IDENTIFIER: name
SEMI_COLON
VAR
IDENTIFIER: Point
IDENTIFIER: coords
SEMI_COLON
RIGHT_BRACE
VAR
IDENTIFIER: Student
IDENTIFIER: s1
SEMI_COLON
IDENTIFIER: s1
DOT
IDENTIFIER: name
EQ
STRING_CONSTANT: Eren Yeager
SEMI_COLON
RIGHT_BRACE
VAR
IDENTIFIER: Student
IDENTIFIER: s1
SEMI_COLON
IDENTIFIER: s1
DOT
IDENTIFIER: name
EQ
STRING_CONSTANT: Eren Yeager
SEMI_COLON
IDENTIFIER: s1
DOT
IDENTIFIER: roll
EQ
INT_CONSTANT: 139
SEMI_COLON
IDENTIFIER: s1
DOT
IDENTIFIER: coords
DOT
IDENTIFIER: x
EQ
INT_CONSTANT: 13
SEMI_COLON
IDENTIFIER: s1
DOT
IDENTIFIER: coords
DOT
IDENTIFIER: y
EQ
INT_CONSTANT: 9
SEMI_COLON
IDENTIFIER: s1
DOT
IDENTIFIER: coords
DOT
IDENTIFIER: label
EQ
STRING_CONSTANT: Paradis
SEMI_COLON
VAR
IDENTIFIER: Student
IDENTIFIER: s2
EQ
IDENTIFIER: s1
SEMI_COLON
IDENTIFIER: s2
DOT
IDENTIFIER: coords
DOT
IDENTIFIER: x
EQ
INT_CONSTANT: 100
SEMI_COLON
