FUN
IDENTIFIER: bubbleSort
LEFT_PAREN
IDENTIFIER: arr
COLON
DYN
COMMA
IDENTIFIER: n
COLON
INT
RIGHT_PAREN
ARROW
DYN
LEFT_BRACE
FOR
LEFT_PAREN
VAR
INT
IDENTIFIER: i
EQ
INT_CONSTANT: 0
SEMI_COLON
IDENTIFIER: i
LESS
IDENTIFIER: n
MINUS
INT_CONSTANT: 1
SEMI_COLON
IDENTIFIER: i
PLUS_PLUS
RIGHT_PAREN
FOR
LEFT_PAREN
VAR
INT
IDENTIFIER: j
EQ
INT_CONSTANT: 0
SEMI_COLON
IDENTIFIER: j
LESS
IDENTIFIER: n
MINUS
INT_CONSTANT: 1
SEMI_COLON
IDENTIFIER: j
PLUS_PLUS
RIGHT_PAREN
IF
LEFT_PAREN
IDENTIFIER: arr
LEFT_SQUARE
IDENTIFIER: j
RIGHT_SQUARE
GREATER
IDENTIFIER: arr
LEFT_SQUARE
IDENTIFIER: j
PLUS
INT_CONSTANT: 1
RIGHT_SQUARE
RIGHT_PAREN
LEFT_BRACE
VAR
DYN
IDENTIFIER: temp
EQ
IDENTIFIER: arr
LEFT_SQUARE
IDENTIFIER: j
RIGHT_SQUARE
SEMI_COLON
IDENTIFIER: arr
LEFT_SQUARE
IDENTIFIER: j
RIGHT_SQUARE
EQ
IDENTIFIER: arr
LEFT_SQUARE
IDENTIFIER: j
PLUS
INT_CONSTANT: 1
RIGHT_SQUARE
SEMI_COLON
IDENTIFIER: arr
LEFT_SQUARE
IDENTIFIER: j
PLUS
INT_CONSTANT: 1
RIGHT_SQUARE
EQ
IDENTIFIER: temp
SEMI_COLON
RIGHT_BRACE
RET
IDENTIFIER: arr
SEMI_COLON
RIGHT_BRACE
VAR
LIST
LEFT_SQUARE
INT_CONSTANT: 5
RIGHT_SQUARE
IDENTIFIER: arr
EQ
LEFT_SQUARE
INT_CONSTANT: 5
COMMA
INT_CONSTANT: 1
COMMA
INT_CONSTANT: 4
COMMA
INT_CONSTANT: 2
COMMA
INT_CONSTANT: 8
RIGHT_SQUARE
SEMI_COLON
IDENTIFIER: arr
EQ
IDENTIFIER: bubbleSort
LEFT_PAREN
IDENTIFIER: arr
COMMA
INT_CONSTANT: 5
RIGHT_PAREN
SEMI_COLON
ECHO
IDENTIFIER: arr
SEMI_COLON
