TYPE
IDENTIFIER: Point
LEFT_BRACE
VAR
FLOAT
IDENTIFIER: x
SEMI_COLON
VAR
FLOAT
IDENTIFIER: y
SEMI_COLON
RIGHT_BRACE
TYPE
IDENTIFIER: Rect
LEFT_BRACE
VAR
IDENTIFIER: Point
IDENTIFIER: origin
SEMI_COLON
VAR
FLOAT
IDENTIFIER: width
SEMI_COLON
VAR
FLOAT
IDENTIFIER: height
SEMI_COLON
RIGHT_BRACE
FUN
IDENTIFIER: isInside
LEFT_PAREN
IDENTIFIER: p
COLON
IDENTIFIER: Point
COMMA
IDENTIFIER: r
COLON
IDENTIFIER: Rect
RIGHT_PAREN
ARROW
BOOLEAN
LEFT_BRACE
VAR
BOOLEAN
IDENTIFIER: withinX
EQ
LEFT_PAREN
IDENTIFIER: p
DOT
IDENTIFIER: x
GREATER_EQ
IDENTIFIER: r
DOT
IDENTIFIER: origin
DOT
IDENTIFIER: x
RIGHT_PAREN
DOUBLE_AND
LEFT_PAREN
IDENTIFIER: p
DOT
IDENTIFIER: x
LESS_EQ
IDENTIFIER: r
DOT
IDENTIFIER: origin
DOT
IDENTIFIER: x
PLUS
IDENTIFIER: r
DOT
IDENTIFIER: width
RIGHT_PAREN
SEMI_COLON
VAR
BOOLEAN
IDENTIFIER: withinY
EQ
LEFT_PAREN
IDENTIFIER: p
DOT
IDENTIFIER: y
GREATER_EQ
IDENTIFIER: r
DOT
IDENTIFIER: origin
DOT
IDENTIFIER: y
RIGHT_PAREN
DOUBLE_AND
LEFT_PAREN
IDENTIFIER: p
DOT
IDENTIFIER: y
LESS_EQ
IDENTIFIER: r
DOT
IDENTIFIER: origin
DOT
IDENTIFIER: y
PLUS
IDENTIFIER: r
DOT
IDENTIFIER: height
RIGHT_PAREN
SEMI_COLON
RET
IDENTIFIER: withinX
DOUBLE_AND
IDENTIFIER: withinY
SEMI_COLON
RIGHT_BRACE
VAR
IDENTIFIER: Point
IDENTIFIER: myPoint
SEMI_COLON
IDENTIFIER: myPoint
DOT
IDENTIFIER: x
EQ
FLOAT_CONSTANT: 5.000000
SEMI_COLON
IDENTIFIER: myPoint
DOT
IDENTIFIER: y
EQ
FLOAT_CONSTANT: 10.000000
SEMI_COLON
VAR
IDENTIFIER: Rect
IDENTIFIER: myRect
SEMI_COLON
IDENTIFIER: myRect
DOT
IDENTIFIER: origin
DOT
IDENTIFIER: x
EQ
FLOAT_CONSTANT: 0.000000
SEMI_COLON
IDENTIFIER: myRect
DOT
IDENTIFIER: origin
DOT
IDENTIFIER: y
EQ
FLOAT_CONSTANT: 0.000000
SEMI_COLON
IDENTIFIER: myRect
DOT
IDENTIFIER: width
EQ
FLOAT_CONSTANT: 10.000000
SEMI_COLON
IDENTIFIER: myRect
DOT
IDENTIFIER: height
EQ
FLOAT_CONSTANT: 20.000000
SEMI_COLON
IF
LEFT_PAREN
IDENTIFIER: isInside
LEFT_PAREN
IDENTIFIER: myPoint
COMMA
IDENTIFIER: myRect
RIGHT_PAREN
RIGHT_PAREN
ECHO
STRING_CONSTANT: Collision detected
SEMI_COLON
ELSE
ECHO
STRING_CONSTANT: No collision
SEMI_COLON
