FUN
IDENTIFIER: fizzbuzz
LEFT_PAREN
IDENTIFIER: n
COLON
INT
RIGHT_PAREN
ARROW
NULL
LEFT_BRACE
FOR
LEFT_PAREN
VAR
INT
IDENTIFIER: i
EQ
INT_CONSTANT: 1
SEMI_COLON
IDENTIFIER: i
LESS_EQ
IDENTIFIER: n
SEMI_COLON
IDENTIFIER: i
PLUS_PLUS
RIGHT_PAREN
LEFT_BRACE
IF
LEFT_PAREN
IDENTIFIER: i
PERC
INT_CONSTANT: 15
EQ_EQ
INT_CONSTANT: 0
RIGHT_PAREN
LEFT_BRACE
ECHO
STRING_CONSTANT: FizzBuzz
SEMI_COLON
RIGHT_BRACE
ELSE
IF
LEFT_PAREN
IDENTIFIER: i
PERC
INT_CONSTANT: 3
EQ_EQ
INT_CONSTANT: 0
RIGHT_PAREN
LEFT_BRACE
ECHO
STRING_CONSTANT: Fizz
SEMI_COLON
RIGHT_BRACE
ELSE
IF
LEFT_PAREN
IDENTIFIER: i
PERC
INT_CONSTANT: 5
EQ_EQ
INT_CONSTANT: 0
RIGHT_PAREN
LEFT_BRACE
ECHO
STRING_CONSTANT: Buzz
SEMI_COLON
RIGHT_BRACE
ELSE
LEFT_BRACE
ECHO
IDENTIFIER: i
SEMI_COLON
RIGHT_BRACE
RIGHT_BRACE
RIGHT_BRACE
IDENTIFIER: fizzbuzz
LEFT_PAREN
INT_CONSTANT: 15
RIGHT_PAREN
SEMI_COLON
