FUN
IDENTIFIER: isPrime
LEFT_PAREN
IDENTIFIER: n
COLON
INT
RIGHT_PAREN
ARROW
BOOLEAN
LEFT_BRACE
IF
LEFT_PAREN
IDENTIFIER: n
LESS_EQ
INT_CONSTANT: 1
RIGHT_PAREN
RET
BOOL_CONSTANT: 0
SEMI_COLON
FOR
LEFT_PAREN
VAR
INT
IDENTIFIER: i
EQ
INT_CONSTANT: 2
SEMI_COLON
IDENTIFIER: i
STAR
IDENTIFIER: i
LESS_EQ
IDENTIFIER: n
SEMI_COLON
IDENTIFIER: i
PLUS_PLUS
RIGHT_PAREN
IF
LEFT_PAREN
IDENTIFIER: n
PERC
IDENTIFIER: i
EQ_EQ
INT_CONSTANT: 0
RIGHT_PAREN
RET
BOOL_CONSTANT: 0
SEMI_COLON
RET
BOOL_CONSTANT: 1
SEMI_COLON
RIGHT_BRACE
ECHO
IDENTIFIER: isPrime
LEFT_PAREN
INT_CONSTANT: 17
RIGHT_PAREN
SEMI_COLON
ECHO
IDENTIFIER: isPrime
LEFT_PAREN
INT_CONSTANT: 20
RIGHT_PAREN
SEMI_COLON
