FUN
IDENTIFIER: countDivisors
LEFT_PAREN
IDENTIFIER: n
COLON
INT
RIGHT_PAREN
ARROW
INT
LEFT_BRACE
VAR
INT
IDENTIFIER: count
EQ
INT_CONSTANT: 0
SEMI_COLON
FOR
LEFT_PAREN
VAR
INT
IDENTIFIER: i
EQ
INT_CONSTANT: 1
SEMI_COLON
IDENTIFIER: i
LESS_EQ
IDENTIFIER: n
SEMI_COLON
IDENTIFIER: i
PLUS_PLUS
RIGHT_PAREN
IF
LEFT_PAREN
IDENTIFIER: n
PERC
IDENTIFIER: i
EQ_EQ
INT_CONSTANT: 0
RIGHT_PAREN
IDENTIFIER: count
PLUS_PLUS
SEMI_COLON
RET
IDENTIFIER: count
SEMI_COLON
RIGHT_BRACE
ECHO
IDENTIFIER: countDivisors
LEFT_PAREN
INT_CONSTANT: 12
RIGHT_PAREN
SEMI_COLON
