FUN
IDENTIFIER: gcd
LEFT_PAREN
IDENTIFIER: a
COLON
INT
COMMA
IDENTIFIER: b
COLON
INT
RIGHT_PAREN
ARROW
INT
LEFT_BRACE
WHILE
LEFT_PAREN
IDENTIFIER: b
BANG_EQ
INT_CONSTANT: 0
RIGHT_PAREN
LEFT_BRACE
VAR
INT
IDENTIFIER: temp
EQ
IDENTIFIER: b
SEMI_COLON
IDENTIFIER: b
EQ
IDENTIFIER: a
PERC
IDENTIFIER: b
SEMI_COLON
IDENTIFIER: a
EQ
IDENTIFIER: temp
SEMI_COLON
RIGHT_BRACE
RET
IDENTIFIER: a
SEMI_COLON
RIGHT_BRACE
FUN
IDENTIFIER: solution
LEFT_PAREN
IDENTIFIER: n
COLON
INT
RIGHT_PAREN
ARROW
INT
LEFT_BRACE
VAR
DYN
IDENTIFIER: lcm
EQ
LAMBDA
LEFT_PAREN
IDENTIFIER: a
COLON
INT
COMMA
IDENTIFIER: b
COLON
INT
RIGHT_PAREN
ARROW
INT
LEFT_BRACE
RET
LEFT_PAREN
IDENTIFIER: a
STAR
IDENTIFIER: b
RIGHT_PAREN
SLASH
IDENTIFIER: gcd
LEFT_PAREN
IDENTIFIER: a
COMMA
IDENTIFIER: b
RIGHT_PAREN
SEMI_COLON
RIGHT_BRACE
SEMI_COLON
VAR
INT
IDENTIFIER: result
EQ
INT_CONSTANT: 1
SEMI_COLON
FOR
LEFT_PAREN
VAR
INT
IDENTIFIER: i
EQ
INT_CONSTANT: 2
SEMI_COLON
IDENTIFIER: i
LESS_EQ
IDENTIFIER: n
SEMI_COLON
IDENTIFIER: i
PLUS_PLUS
RIGHT_PAREN
IDENTIFIER: result
EQ
IDENTIFIER: lcm
LEFT_PAREN
IDENTIFIER: result
COMMA
IDENTIFIER: i
RIGHT_PAREN
SEMI_COLON
RET
IDENTIFIER: result
SEMI_COLON
RIGHT_BRACE
ECHO
IDENTIFIER: solution
LEFT_PAREN
INT_CONSTANT: 20
RIGHT_PAREN
SEMI_COLON
