VAR
DYN
IDENTIFIER: v1
SEMI_COLON
VAR
INT
IDENTIFIER: v2
EQ
INT_CONSTANT: 123
SEMI_COLON
VAR
FLOAT
IDENTIFIER: v3
EQ
MINUS
FLOAT_CONSTANT: 31.245001
SEMI_COLON
VAR
BOOLEAN
IDENTIFIER: v4
EQ
BOOL_CONSTANT: 1
DOUBLE_AND
BOOL_CONSTANT: 0
SEMI_COLON
VAR
STRING
IDENTIFIER: v5
EQ
STRING_CONSTANT: aBcD123$((*$@#)~~"\''
SEMI_COLON
VAR
LIST
LEFT_SQUARE
INT_CONSTANT: 5
RIGHT_SQUARE
IDENTIFIER: v6
EQ
LEFT_SQUARE
BOOL_CONSTANT: 0
COMMA
INT_CONSTANT: 1
COMMA
STRING_CONSTANT: two
COMMA
FLOAT_CONSTANT: 3.140000
COMMA
IDENTIFIER: v1
RIGHT_SQUARE
SEMI_COLON
VAR
DYN
IDENTIFIER: v7
EQ
NULL
SEMI_COLON
TYPE
IDENTIFIER: SystemState
LEFT_BRACE
VAR
INT
IDENTIFIER: id
SEMI_COLON
VAR
BOOLEAN
IDENTIFIER: online
SEMI_COLON
VAR
DYN
IDENTIFIER: reboot
SEMI_COLON
RIGHT_BRACE
FUN
IDENTIFIER: fibo
LEFT_PAREN
IDENTIFIER: n
COLON
INT
RIGHT_PAREN
ARROW
INT
LEFT_BRACE
IF
LEFT_PAREN
IDENTIFIER: n
LESS_EQ
INT_CONSTANT: 1
RIGHT_PAREN
LEFT_BRACE
RET
IDENTIFIER: n
SEMI_COLON
RIGHT_BRACE
RET
IDENTIFIER: fibo
LEFT_PAREN
IDENTIFIER: n
MINUS
INT_CONSTANT: 1
RIGHT_PAREN
PLUS
IDENTIFIER: fibo
LEFT_PAREN
IDENTIFIER: n
MINUS
INT_CONSTANT: 2
RIGHT_PAREN
SEMI_COLON
RIGHT_BRACE
FUN
IDENTIFIER: dynReturn
LEFT_PAREN
IDENTIFIER: state
COLON
IDENTIFIER: SystemState
RIGHT_PAREN
ARROW
DYN
LEFT_BRACE
RET
LEFT_PAREN
IDENTIFIER: state
DOT
IDENTIFIER: online
EQ_EQ
BOOL_CONSTANT: 1
RIGHT_PAREN
QUESTION_MARK
STRING_CONSTANT: OK
COLON
NULL
SEMI_COLON
RIGHT_BRACE
VAR
FLOAT
IDENTIFIER: counter
EQ
FLOAT_CONSTANT: 12.340000
SEMI_COLON
IF
LEFT_PAREN
IDENTIFIER: counter
EQ_EQ
INT_CONSTANT: 0
RIGHT_PAREN
LEFT_BRACE
ECHO
STRING_CONSTANT: Zero
SEMI_COLON
RIGHT_BRACE
ELSE
IF
LEFT_PAREN
IDENTIFIER: counter
GREATER
INT_CONSTANT: 0
RIGHT_PAREN
LEFT_BRACE
ECHO
STRING_CONSTANT: Positive
SEMI_COLON
RIGHT_BRACE
ELSE
LEFT_BRACE
ECHO
STRING_CONSTANT: Negative
SEMI_COLON
RIGHT_BRACE
FOR
LEFT_PAREN
VAR
INT
IDENTIFIER: i
EQ
INT_CONSTANT: 0
SEMI_COLON
IDENTIFIER: i
LESS
INT_CONSTANT: 10
SEMI_COLON
IDENTIFIER: i
PLUS_PLUS
RIGHT_PAREN
LEFT_BRACE
IF
LEFT_PAREN
IDENTIFIER: i
PERC
INT_CONSTANT: 2
EQ_EQ
INT_CONSTANT: 0
RIGHT_PAREN
LEFT_BRACE
CONTINUE
SEMI_COLON
RIGHT_BRACE
IF
LEFT_PAREN
IDENTIFIER: i
EQ_EQ
INT_CONSTANT: 7
RIGHT_PAREN
LEFT_BRACE
BREAK
SEMI_COLON
RIGHT_BRACE
ECHO
IDENTIFIER: i
SEMI_COLON
RIGHT_BRACE
WHILE
LEFT_PAREN
IDENTIFIER: counter
GREATER
INT_CONSTANT: 0
RIGHT_PAREN
LEFT_BRACE
IDENTIFIER: counter
MINUS_MINUS
SEMI_COLON
RIGHT_BRACE
DO
LEFT_BRACE
IDENTIFIER: counter
PLUS_PLUS
SEMI_COLON
RIGHT_BRACE
WHILE
LEFT_PAREN
IDENTIFIER: counter
LESS
INT_CONSTANT: 5
RIGHT_PAREN
SEMI_COLON
VAR
IDENTIFIER: SystemState
IDENTIFIER: state
SEMI_COLON
IDENTIFIER: state
DOT
IDENTIFIER: id
EQ
INT_CONSTANT: 101
SEMI_COLON
IDENTIFIER: state
DOT
IDENTIFIER: online
EQ
BOOL_CONSTANT: 1
SEMI_COLON
IDENTIFIER: state
DOT
IDENTIFIER: reboot
EQ
LAMBDA
LEFT_PAREN
IDENTIFIER: s
COLON
IDENTIFIER: SystemState
RIGHT_PAREN
ARROW
NULL
LEFT_BRACE
ECHO
STRING_CONSTANT: Reboot
SEMI_COLON
IDENTIFIER: s
DOT
IDENTIFIER: online
EQ
BOOL_CONSTANT: 0
SEMI_COLON
RIGHT_BRACE
SEMI_COLON
VAR
INT
IDENTIFIER: val
EQ
LEFT_PAREN
INT_CONSTANT: 10
MINUS
INT_CONSTANT: 2
STAR
INT_CONSTANT: 4
SLASH
INT_CONSTANT: 2
RIGHT_PAREN
PERC
INT_CONSTANT: 3
SEMI_COLON
VAR
BOOLEAN
IDENTIFIER: compare
EQ
LEFT_PAREN
IDENTIFIER: val
GREATER
INT_CONSTANT: 0
RIGHT_PAREN
DOUBLE_AND
LEFT_PAREN
IDENTIFIER: val
GREATER_EQ
INT_CONSTANT: 1
RIGHT_PAREN
DOUBLE_PIPE
LEFT_PAREN
IDENTIFIER: val
LESS
INT_CONSTANT: 5
RIGHT_PAREN
DOUBLE_AND
LEFT_PAREN
IDENTIFIER: val
LESS_EQ
INT_CONSTANT: 4
RIGHT_PAREN
DOUBLE_AND
LEFT_PAREN
IDENTIFIER: val
EQ_EQ
INT_CONSTANT: 1
RIGHT_PAREN
DOUBLE_AND
LEFT_PAREN
IDENTIFIER: val
BANG_EQ
INT_CONSTANT: 2
RIGHT_PAREN
SEMI_COLON
VAR
INT
IDENTIFIER: bits
EQ
LEFT_PAREN
INT_CONSTANT: 5
AND
INT_CONSTANT: 3
RIGHT_PAREN
PIPE
INT_CONSTANT: 2
XOR
INT_CONSTANT: 1
SEMI_COLON
IDENTIFIER: bits
EQ
TILDE
IDENTIFIER: bits
SEMI_COLON
IDENTIFIER: bits
EQ
IDENTIFIER: bits
SHIFT_LEFT
INT_CONSTANT: 1
SEMI_COLON
IDENTIFIER: bits
EQ
IDENTIFIER: bits
SHIFT_RIGHT
INT_CONSTANT: 1
SEMI_COLON
IDENTIFIER: val
PLUS_EQ
INT_CONSTANT: 5
SEMI_COLON
IDENTIFIER: val
MINUS_EQ
INT_CONSTANT: 2
SEMI_COLON
IDENTIFIER: val
STAR_EQ
INT_CONSTANT: 2
SEMI_COLON
IDENTIFIER: val
SLASH_EQ
INT_CONSTANT: 2
SEMI_COLON
IDENTIFIER: val
PERC_EQ
INT_CONSTANT: 2
SEMI_COLON
IDENTIFIER: val
PLUS_PLUS
SEMI_COLON
PLUS_PLUS
IDENTIFIER: val
SEMI_COLON
IDENTIFIER: val
MINUS_MINUS
SEMI_COLON
MINUS_MINUS
IDENTIFIER: val
SEMI_COLON
VAR
INT
IDENTIFIER: neg
EQ
MINUS
IDENTIFIER: val
SEMI_COLON
VAR
BOOLEAN
IDENTIFIER: flag
EQ
BOOL_CONSTANT: 1
SEMI_COLON
VAR
BOOLEAN
IDENTIFIER: flipped
EQ
BANG
IDENTIFIER: flag
SEMI_COLON
VAR
BOOLEAN
IDENTIFIER: unflipped
EQ
BANG
BANG
IDENTIFIER: flag
SEMI_COLON
