INT_CONSTANT: 1
BANG_EQ
INT_CONSTANT: 0
QUESTION_MARK
INT_CONSTANT: 2
COLON
LEFT_PAREN
INT_CONSTANT: 3
BANG_EQ
INT_CONSTANT: 0
QUESTION_MARK
INT_CONSTANT: 4
COLON
INT_CONSTANT: 5
RIGHT_PAREN
SEMI_COLON
INT_CONSTANT: 1
BANG_EQ
INT_CONSTANT: 0
QUESTION_MARK
LEFT_PAREN
INT_CONSTANT: 2
BANG_EQ
INT_CONSTANT: 0
QUESTION_MARK
INT_CONSTANT: 3
COLON
INT_CONSTANT: 4
RIGHT_PAREN
COLON
INT_CONSTANT: 5
SEMI_COLON
INT_CONSTANT: 1
BANG_EQ
INT_CONSTANT: 0
QUESTION_MARK
LEFT_PAREN
INT_CONSTANT: 2
BANG_EQ
INT_CONSTANT: 0
QUESTION_MARK
INT_CONSTANT: 3
COLON
LEFT_PAREN
INT_CONSTANT: 4
BANG_EQ
INT_CONSTANT: 0
QUESTION_MARK
INT_CONSTANT: 5
COLON
INT_CONSTANT: 6
RIGHT_PAREN
RIGHT_PAREN
COLON
INT_CONSTANT: 7
SEMI_COLON
VAR
INT
IDENTIFIER: a
SEMI_COLON
VAR
INT
IDENTIFIER: b
SEMI_COLON
VAR
INT
IDENTIFIER: c
SEMI_COLON
VAR
INT
IDENTIFIER: d
SEMI_COLON
IDENTIFIER: a
EQ
LEFT_PAREN
INT_CONSTANT: 1
BANG_EQ
INT_CONSTANT: 0
QUESTION_MARK
INT_CONSTANT: 2
COLON
INT_CONSTANT: 3
RIGHT_PAREN
SEMI_COLON
IDENTIFIER: a
EQ
LEFT_PAREN
INT_CONSTANT: 1
BANG_EQ
INT_CONSTANT: 0
QUESTION_MARK
LEFT_PAREN
IDENTIFIER: b
EQ
INT_CONSTANT: 2
RIGHT_PAREN
COLON
LEFT_PAREN
IDENTIFIER: c
EQ
INT_CONSTANT: 3
RIGHT_PAREN
RIGHT_PAREN
SEMI_COLON
IDENTIFIER: a
EQ
LEFT_PAREN
IDENTIFIER: b
EQ
LEFT_PAREN
INT_CONSTANT: 1
BANG_EQ
INT_CONSTANT: 0
QUESTION_MARK
LEFT_PAREN
IDENTIFIER: c
EQ
INT_CONSTANT: 2
RIGHT_PAREN
COLON
LEFT_PAREN
IDENTIFIER: d
EQ
INT_CONSTANT: 3
RIGHT_PAREN
RIGHT_PAREN
RIGHT_PAREN
SEMI_COLON
