VAR
INT
IDENTIFIER: v1
EQ
INT_CONSTANT: 10
SEMI_COLON
VAR
FLOAT
IDENTIFIER: v2
EQ
FLOAT_CONSTANT: 3.140000
SEMI_COLON
VAR
STRING
IDENTIFIER: v3
EQ
STRING_CONSTANT: Hello World!
SEMI_COLON
VAR
BOOLEAN
IDENTIFIER: v4
EQ
LEFT_PAREN
INT_CONSTANT: 3
LESS
INT_CONSTANT: 5
RIGHT_PAREN
DOUBLE_AND
LEFT_PAREN
INT_CONSTANT: 5
BANG_EQ
INT_CONSTANT: 10
RIGHT_PAREN
SEMI_COLON
VAR
LIST
LEFT_SQUARE
INT_CONSTANT: 3
RIGHT_SQUARE
IDENTIFIER: v5
EQ
LEFT_SQUARE
INT_CONSTANT: 1
COMMA
STRING_CONSTANT: two
COMMA
FLOAT_CONSTANT: 3.140000
RIGHT_SQUARE
SEMI_COLON
VAR
FLOAT
IDENTIFIER: v6
EQ
IDENTIFIER: v1
SEMI_COLON
IDENTIFIER: v2
EQ
IDENTIFIER: v1
SEMI_COLON
VAR
DYN
IDENTIFIER: d1
EQ
INT_CONSTANT: 10
SEMI_COLON
VAR
DYN
IDENTIFIER: d2
EQ
FLOAT_CONSTANT: 3.140000
SEMI_COLON
VAR
DYN
IDENTIFIER: d3
EQ
STRING_CONSTANT: Hello World!
SEMI_COLON
VAR
DYN
IDENTIFIER: d4
EQ
BOOL_CONSTANT: 1
SEMI_COLON
VAR
DYN
IDENTIFIER: d5
EQ
LEFT_SQUARE
INT_CONSTANT: 1
COMMA
STRING_CONSTANT: two
COMMA
FLOAT_CONSTANT: 3.140000
RIGHT_SQUARE
SEMI_COLON
VAR
DYN
IDENTIFIER: f1
EQ
IDENTIFIER: v1
SEMI_COLON
VAR
DYN
IDENTIFIER: f2
EQ
IDENTIFIER: v2
SEMI_COLON
VAR
DYN
IDENTIFIER: f3
EQ
IDENTIFIER: v3
SEMI_COLON
VAR
DYN
IDENTIFIER: f4
EQ
IDENTIFIER: v4
SEMI_COLON
VAR
DYN
IDENTIFIER: f5
EQ
IDENTIFIER: v5
SEMI_COLON
VAR
DYN
IDENTIFIER: g
EQ
IDENTIFIER: d5
SEMI_COLON
