FUN
IDENTIFIER: add
LEFT_PAREN
IDENTIFIER: a
COLON
INT
COMMA
IDENTIFIER: b
COLON
INT
RIGHT_PAREN
ARROW
INT
LEFT_BRACE
RET
IDENTIFIER: a
PLUS
IDENTIFIER: b
SEMI_COLON
RIGHT_BRACE
FUN
IDENTIFIER: factorial
LEFT_PAREN
IDENTIFIER: n
COLON
INT
RIGHT_PAREN
ARROW
INT
LEFT_BRACE
IF
LEFT_PAREN
IDENTIFIER: n
LESS_EQ
INT_CONSTANT: 1
RIGHT_PAREN
LEFT_BRACE
RET
INT_CONSTANT: 1
SEMI_COLON
RIGHT_BRACE
RET
IDENTIFIER: n
STAR
IDENTIFIER: factorial
LEFT_PAREN
IDENTIFIER: n
MINUS
INT_CONSTANT: 1
RIGHT_PAREN
SEMI_COLON
RIGHT_BRACE
VAR
DYN
IDENTIFIER: f
EQ
IDENTIFIER: lambda
LEFT_PAREN
IDENTIFIER: a
COLON
INT
COMMA
IDENTIFIER: b
COLON
INT
RIGHT_PAREN
ARROW
INT
LEFT_BRACE
RET
IDENTIFIER: a
STAR
IDENTIFIER: b
SEMI_COLON
RIGHT_BRACE
SEMI_COLON
