VAR
INT
IDENTIFIER: x
EQ
INT_CONSTANT: 10
SEMI_COLON
VAR
INT
IDENTIFIER: foo
EQ
INT_CONSTANT: 10
SEMI_COLON
VAR
DYN
IDENTIFIER: bar
EQ
STRING_CONSTANT:  dynamic 
SEMI_COLON
IDENTIFIER: bar
EQ
INT_CONSTANT: 100
SEMI_COLON
VAR
BOOLEAN
IDENTIFIER: z
EQ
BOOL_CONSTANT: 0
SEMI_COLON
VAR
BOOLEAN
IDENTIFIER: k
EQ
BOOL_CONSTANT: 1
SEMI_COLON
VAR
FLOAT
IDENTIFIER: r
EQ
FLOAT_CONSTANT: 1.232000
SEMI_COLON
VAR
STRING
IDENTIFIER: x
EQ
STRING_CONSTANT: dkjfalsd
SEMI_COLON
VAR
DYN
IDENTIFIER: h
EQ
NULL
SEMI_COLON
VAR
INT
IDENTIFIER: h
EQ
INT_CONSTANT: 2
SHIFT_LEFT
INT_CONSTANT: 3
SHIFT_RIGHT
INT_CONSTANT: 4
SEMI_COLON
