 primary -> BOOL_CONSTANT
 call_access -> primary
 unary -> call_access
 factor -> unary
 term -> factor
 shift -> term
 comparison -> shift
 equality -> comparison
 bitwise_and -> equality
 bitwise_xor -> bitwise_and
 bitwise_or -> bitwise_xor
 logic_and -> bitwise_or
 logic_or -> logic_and
 ternary -> logic_or
 assignment -> ternary
 expression -> assignment
 var_type -> INT
 typedVar -> IDENTIFIER COLON var_type
 parameters -> typedVar
 var_type -> INT
 typedVar -> IDENTIFIER COLON var_type
 parameters -> parameters COMMA typedVar
 var_type -> INT
 continueStmt -> CONTINUE SEMI_COLON
 statement -> continueStmt
 declaration -> statement
 decList -> declaration
 primary -> IDENTIFIER
 call_access -> primary
 unary -> call_access
 factor -> unary
 term -> factor
 primary -> IDENTIFIER
 call_access -> primary
 unary -> call_access
 factor -> unary
 term -> term PLUS factor
 shift -> term
 comparison -> shift
 equality -> comparison
 bitwise_and -> equality
 bitwise_xor -> bitwise_and
 bitwise_or -> bitwise_xor
 logic_and -> bitwise_or
 logic_or -> logic_and
 ternary -> logic_or
 assignment -> ternary
 expression -> assignment
 returnStmt -> RET expression SEMI_COLON
 statement -> returnStmt
 declaration -> statement
 decList -> decList declaration
 block -> LEFT_BRACE decList RIGHT_BRACE
 function -> LEFT_PAREN parameters RIGHT_PAREN ARROW var_type block
 funDecl -> FUN IDENTIFIER function
 declaration -> funDecl
 decList -> declaration
 block -> LEFT_BRACE decList RIGHT_BRACE
 statement -> block
 whileStmt -> WHILE LEFT_PAREN expression RIGHT_PAREN statement
 statement -> whileStmt
 declaration -> statement
 decList -> declaration
 program -> decList

Parsed successfully.

=== VISUAL DERIVATION TREE (Parse Tree) ===
program
  decList
    declaration
      statement
        whileStmt
          WHILE (while)
          LEFT_PAREN (()
          expression
            assignment
              ternary
                logic_or
                  logic_and
                    bitwise_or
                      bitwise_xor
                        bitwise_and
                          equality
                            comparison
                              shift
                                term
                                  factor
                                    unary
                                      call_access
                                        primary
                                          BOOL_CONSTANT (true)
          RIGHT_PAREN ())
          statement
            block
              LEFT_BRACE ({)
              decList
                declaration
                  funDecl
                    FUN (fun)
                    IDENTIFIER (foo)
                    function
                      LEFT_PAREN (()
                      parameters
                        parameters
                          typedVar
                            IDENTIFIER (a)
                            COLON (:)
                            var_type
                              INT (int)
                        COMMA (,)
                        typedVar
                          IDENTIFIER (b)
                          COLON (:)
                          var_type
                            INT (int)
                      RIGHT_PAREN ())
                      ARROW (->)
                      var_type
                        INT (int)
                      block
                        LEFT_BRACE ({)
                        decList
                          decList
                            declaration
                              statement
                                continueStmt
                                  CONTINUE (continue)
                                  SEMI_COLON (;)
                          declaration
                            statement
                              returnStmt
                                RET (ret)
                                expression
                                  assignment
                                    ternary
                                      logic_or
                                        logic_and
                                          bitwise_or
                                            bitwise_xor
                                              bitwise_and
                                                equality
                                                  comparison
                                                    shift
                                                      term
                                                        term
                                                          factor
                                                            unary
                                                              call_access
                                                                primary
                                                                  IDENTIFIER (a)
                                                        PLUS (+)
                                                        factor
                                                          unary
                                                            call_access
                                                              primary
                                                                IDENTIFIER (b)
                                SEMI_COLON (;)
                        RIGHT_BRACE (})
              RIGHT_BRACE (})
