 primary -> INT_CONSTANT
 call_access -> primary
 primary -> INT_CONSTANT
 call_access -> primary
 unary -> call_access
 factor -> unary
 term -> factor
 shift -> term
 comparison -> shift
 equality -> comparison
 bitwise_and -> equality
 bitwise_xor -> bitwise_and
 bitwise_or -> bitwise_xor
 logic_and -> bitwise_or
 logic_or -> logic_and
 ternary -> logic_or
 assignment -> ternary
 assignment -> call_access EQ assignment
 expression -> assignment
 exprStmt -> expression SEMI_COLON
 statement -> exprStmt
 declaration -> statement
 decList -> declaration
 program -> decList

Parsed successfully.

=== VISUAL DERIVATION TREE (Parse Tree) ===
program
  decList
    declaration
      statement
        exprStmt
          expression
            assignment
              call_access
                primary
                  INT_CONSTANT (5)
              EQ (=)
              assignment
                ternary
                  logic_or
                    logic_and
                      bitwise_or
                        bitwise_xor
                          bitwise_and
                            equality
                              comparison
                                shift
                                  term
                                    factor
                                      unary
                                        call_access
                                          primary
                                            INT_CONSTANT (10)
          SEMI_COLON (;)
