 var_type -> DYN
 var_type -> INT
 typedVar -> IDENTIFIER COLON var_type
 parameters -> typedVar
 var_type -> BOOL
 primary -> IDENTIFIER
 call_access -> primary
 unary -> call_access
 factor -> unary
 primary -> INT_CONSTANT
 call_access -> primary
 unary -> call_access
 factor -> factor STAR unary
 term -> factor
 shift -> term
 comparison -> shift
 equality -> comparison
 bitwise_and -> equality
 bitwise_xor -> bitwise_and
 bitwise_or -> bitwise_xor
 logic_and -> bitwise_or
 logic_or -> logic_and
 ternary -> logic_or
 assignment -> ternary
 expression -> assignment
 returnStmt -> RET expression SEMI_COLON
 statement -> returnStmt
 declaration -> statement
 decList -> declaration
 block -> LEFT_BRACE decList RIGHT_BRACE
 function -> LEFT_PAREN parameters RIGHT_PAREN ARROW var_type block
 anonFunc -> LAMBDA function
 primary -> anonFunc
 call_access -> primary
 unary -> call_access
 factor -> unary
 term -> factor
 shift -> term
 comparison -> shift
 equality -> comparison
 bitwise_and -> equality
 bitwise_xor -> bitwise_and
 bitwise_or -> bitwise_xor
 logic_and -> bitwise_or
 logic_or -> logic_and
 ternary -> logic_or
 assignment -> ternary
 expression -> assignment
 varDecl -> VAR var_type IDENTIFIER EQ expression SEMI_COLON
 declaration -> varDecl
 decList -> declaration
 program -> decList

Parsed successfully.

=== VISUAL DERIVATION TREE (Parse Tree) ===
program
  decList
    declaration
      varDecl
        VAR (var)
        var_type
          DYN (dyn)
        IDENTIFIER (doubleIt)
        EQ (=)
        expression
          assignment
            ternary
              logic_or
                logic_and
                  bitwise_or
                    bitwise_xor
                      bitwise_and
                        equality
                          comparison
                            shift
                              term
                                factor
                                  unary
                                    call_access
                                      primary
                                        anonFunc
                                          LAMBDA (lambda)
                                          function
                                            LEFT_PAREN (()
                                            parameters
                                              typedVar
                                                IDENTIFIER (a)
                                                COLON (:)
                                                var_type
                                                  INT (int)
                                            RIGHT_PAREN ())
                                            ARROW (->)
                                            var_type
                                              BOOL (bool)
                                            block
                                              LEFT_BRACE ({)
                                              decList
                                                declaration
                                                  statement
                                                    returnStmt
                                                      RET (ret)
                                                      expression
                                                        assignment
                                                          ternary
                                                            logic_or
                                                              logic_and
                                                                bitwise_or
                                                                  bitwise_xor
                                                                    bitwise_and
                                                                      equality
                                                                        comparison
                                                                          shift
                                                                            term
                                                                              factor
                                                                                factor
                                                                                  unary
                                                                                    call_access
                                                                                      primary
                                                                                        IDENTIFIER (a)
                                                                                STAR (*)
                                                                                unary
                                                                                  call_access
                                                                                    primary
                                                                                      INT_CONSTANT (2)
                                                      SEMI_COLON (;)
                                              RIGHT_BRACE (})
        SEMI_COLON (;)
