 var_type -> INT
 varDecl -> VAR var_type IDENTIFIER SEMI_COLON
 inTypeDeclList -> varDecl
 var_type -> INT
 varDecl -> VAR var_type IDENTIFIER SEMI_COLON
 inTypeDeclList -> inTypeDeclList varDecl
 typeDecl -> TYPE IDENTIFIER LEFT_BRACE inTypeDeclList RIGHT_BRACE
 declaration -> typeDecl
 decList -> declaration
 var_type -> IDENTIFIER
 primary -> INT_CONSTANT
 call_access -> primary
 unary -> call_access
 factor -> unary
 term -> factor
 shift -> term
 comparison -> shift
 equality -> comparison
 bitwise_and -> equality
 bitwise_xor -> bitwise_and
 bitwise_or -> bitwise_xor
 logic_and -> bitwise_or
 logic_or -> logic_and
 ternary -> logic_or
 assignment -> ternary
 expression -> assignment
 varDecl -> VAR var_type IDENTIFIER EQ expression SEMI_COLON
 declaration -> varDecl
 decList -> decList declaration
 program -> decList

Parsed successfully.

=== VISUAL DERIVATION TREE (Parse Tree) ===
program
  decList
    decList
      declaration
        typeDecl
          TYPE (type)
          IDENTIFIER (Point)
          LEFT_BRACE ({)
          inTypeDeclList
            inTypeDeclList
              varDecl
                VAR (var)
                var_type
                  INT (int)
                IDENTIFIER (x)
                SEMI_COLON (;)
            varDecl
              VAR (var)
              var_type
                INT (int)
              IDENTIFIER (y)
              SEMI_COLON (;)
          RIGHT_BRACE (})
    declaration
      varDecl
        VAR (var)
        var_type
          IDENTIFIER (Point)
        IDENTIFIER (p)
        EQ (=)
        expression
          assignment
            ternary
              logic_or
                logic_and
                  bitwise_or
                    bitwise_xor
                      bitwise_and
                        equality
                          comparison
                            shift
                              term
                                factor
                                  unary
                                    call_access
                                      primary
                                        INT_CONSTANT (123)
        SEMI_COLON (;)
