Parsed OK
IR
+------+----------------+----------------------------------+----------------------------------+----------------------------------+
| idx  | opcode         | arg1                             | arg2                             | res                              |
+------+----------------+----------------------------------+----------------------------------+----------------------------------+
| 0000 | =              | 5                                | _                                | _sym1                            |
| 0001 | >              | _sym1                            | 0                                | t2                               |
| 0002 | IF_FALSE       | t2                               | _L0                              | _                                |
| 0003 | ECHO           | Positive                         | _                                | _                                |
| 0004 | GOTO           | _L1                              | _                                | _                                |
| 0005 | LABEL          | _                                | _                                | _L0                              |
| 0006 | ==             | _sym1                            | 0                                | t3                               |
| 0007 | IF_FALSE       | t3                               | _L2                              | _                                |
| 0008 | ECHO           | Zero                             | _                                | _                                |
| 0009 | GOTO           | _L3                              | _                                | _                                |
| 0010 | LABEL          | _                                | _                                | _L2                              |
| 0011 | ECHO           | Negative                         | _                                | _                                |
| 0012 | LABEL          | _                                | _                                | _L3                              |
| 0013 | LABEL          | _                                | _                                | _L1                              |
| 0014 | IF_FALSE       | true                             | _L4                              | _                                |
| 0015 | ECHO           | True is True                     | _                                | _                                |
| 0016 | LABEL          | _                                | _                                | _L4                              |
| 0017 | IF_FALSE       | false                            | _L5                              | _                                |
| 0018 | ECHO           | False is False                   | _                                | _                                |
| 0019 | LABEL          | _                                | _                                | _L5                              |
| 0020 | !              | true                             | _                                | t4                               |
| 0021 | IF_FALSE       | t4                               | _L6                              | _                                |
| 0022 | ECHO           | Not True is False                | _                                | _                                |
| 0023 | LABEL          | _                                | _                                | _L6                              |
| 0024 | !              | false                            | _                                | t5                               |
| 0025 | IF_FALSE       | t5                               | _L7                              | _                                |
| 0026 | ECHO           | Not False is True                | _                                | _                                |
| 0027 | LABEL          | _                                | _                                | _L7                              |
| 0028 | =              | 5                                | _                                | _sym2                            |
| 0029 | =              | 10                               | _                                | _sym3                            |
| 0030 | >              | _sym2                            | _sym3                            | t7                               |
| 0031 | IF_FALSE       | t7                               | _L8                              | _                                |
| 0032 | =              | _sym2                            | _                                | t6                               |
| 0033 | GOTO           | _L9                              | _                                | _                                |
| 0034 | LABEL          | _                                | _                                | _L8                              |
| 0035 | =              | _sym3                            | _                                | t6                               |
| 0036 | LABEL          | _                                | _                                | _L9                              |
| 0037 | =              | t6                               | _                                | _sym4                            |
| 0038 | ECHO           | _sym4                            | _                                | _                                |
+------+----------------+----------------------------------+----------------------------------+----------------------------------+

--- Symbol Table (Debug) ---
+-------+----------------------------------+-------+--------------------------+
| Index | Name                             | Depth | Type                     |
+-------+----------------------------------+-------+--------------------------+
| _sym1 | x                                | 0     | int                      |
| _sym2 | a                                | 0     | int                      |
| _sym3 | b                                | 0     | int                      |
| _sym4 | max                              | 0     | int                      |
+-------+----------------------------------+-------+--------------------------+

--- Type Registry (Debug) ---
+------------------------------+----------------------------------------------------+
| Index | Type Name            | Members (Name : Type)                              |
+------------------------------+----------------------------------------------------+
+------------------------------+----------------------------------------------------+
