Parsed OK
IR
+------+----------------+----------------------------------+----------------------------------+----------------------------------+
| idx  | opcode         | arg1                             | arg2                             | res                              |
+------+----------------+----------------------------------+----------------------------------+----------------------------------+
| 0000 | =              | Newline: 
 Tab: 	 Quotes: " ' Backslash: \ \n \\ should be supported.
 | _                                | _sym1                            |
| 0001 | =              | Newline: 
 Tab: 	 Quotes: " ' Backslash: \ \n \\ should be supported.
 | _                                | _sym2                            |
| 0002 | ECHO           | _sym1                            | _                                | _                                |
| 0003 | ECHO           | _sym2                            | _                                | _                                |
| 0004 | ==             | _sym1                            | _sym2                            | t2                               |
| 0005 | ECHO           | t2                               | _                                | _                                |
+------+----------------+----------------------------------+----------------------------------+----------------------------------+

--- Symbol Table (Debug) ---
+-------+----------------------------------+-------+--------------------------+
| Index | Name                             | Depth | Type                     |
+-------+----------------------------------+-------+--------------------------+
| _sym1 | t1                               | 0     | string                   |
| _sym2 | t2                               | 0     | string                   |
+-------+----------------------------------+-------+--------------------------+

--- Type Registry (Debug) ---
+------------------------------+----------------------------------------------------+
| Index | Type Name            | Members (Name : Type)                              |
+------------------------------+----------------------------------------------------+
+------------------------------+----------------------------------------------------+
