Parsed OK
IR
+------+----------------+----------------------------------+----------------------------------+----------------------------------+
| idx  | opcode         | arg1                             | arg2                             | res                              |
+------+----------------+----------------------------------+----------------------------------+----------------------------------+
| 0000 | LIST_ELEM      | 1                                | _                                | _                                |
| 0001 | LIST_ELEM      | two                              | _                                | _                                |
| 0002 | LIST_ELEM      | 3.14                             | _                                | _                                |
| 0003 | LIST_LITERAL   | 3                                | _                                | t2                               |
| 0004 | =              | t2                               | _                                | _sym1                            |
| 0005 | INDEX_ACCESS   | _sym1                            | 1                                | t3                               |
| 0006 | ECHO           | t3                               | _                                | _                                |
| 0007 | STORE_INDEX    | _sym1                            | 0                                | hi                               |
| 0008 | LIST_ELEM      | 10                               | _                                | _                                |
| 0009 | LIST_ELEM      | 20                               | _                                | _                                |
| 0010 | LIST_ELEM      | 30                               | _                                | _                                |
| 0011 | LIST_LITERAL   | 3                                | _                                | t4                               |
| 0012 | =              | t4                               | _                                | _sym2                            |
| 0013 | STORE_INDEX    | _sym2                            | 1                                | 99                               |
| 0014 | LIST_ELEM      | 1                                | _                                | _                                |
| 0015 | LIST_ELEM      | 2                                | _                                | _                                |
| 0016 | LIST_LITERAL   | 2                                | _                                | t6                               |
| 0017 | LIST_ELEM      | t6                               | _                                | _                                |
| 0018 | LIST_ELEM      | 3                                | _                                | _                                |
| 0019 | LIST_ELEM      | 4                                | _                                | _                                |
| 0020 | LIST_LITERAL   | 2                                | _                                | t7                               |
| 0021 | LIST_ELEM      | t7                               | _                                | _                                |
| 0022 | LIST_LITERAL   | 2                                | _                                | t5                               |
| 0023 | =              | t5                               | _                                | _sym3                            |
| 0024 | INDEX_ACCESS   | _sym3                            | 0                                | t9                               |
| 0025 | INDEX_ACCESS   | t9                               | 1                                | t8                               |
| 0026 | ECHO           | t8                               | _                                | _                                |
| 0027 | INDEX_ACCESS   | _sym3                            | 1                                | t10                              |
| 0028 | STORE_INDEX    | t10                              | 1                                | 5                                |
| 0029 | LIST_ELEM      | 1                                | _                                | _                                |
| 0030 | LIST_ELEM      | two                              | _                                | _                                |
| 0031 | LIST_ELEM      | 3                                | _                                | _                                |
| 0032 | LIST_ELEM      | 4                                | _                                | _                                |
| 0033 | LIST_LITERAL   | 2                                | _                                | t12                              |
| 0034 | LIST_ELEM      | t12                              | _                                | _                                |
| 0035 | LIST_LITERAL   | 3                                | _                                | t11                              |
| 0036 | =              | t11                              | _                                | _sym4                            |
| 0037 | INDEX_ACCESS   | _sym4                            | 2                                | t13                              |
| 0038 | STORE_INDEX    | t13                              | 0                                | 9                                |
| 0039 | LIST_ELEM      | 1                                | _                                | _                                |
| 0040 | LIST_ELEM      | 2                                | _                                | _                                |
| 0041 | LIST_ELEM      | 3                                | _                                | _                                |
| 0042 | LIST_LITERAL   | 3                                | _                                | t14                              |
| 0043 | =              | t14                              | _                                | _sym5                            |
| 0044 | LIST_ELEM      | _sym5                            | _                                | _                                |
| 0045 | LIST_ELEM      | _sym5                            | _                                | _                                |
| 0046 | LIST_ELEM      | _sym5                            | _                                | _                                |
| 0047 | LIST_LITERAL   | 3                                | _                                | t15                              |
| 0048 | =              | t15                              | _                                | _sym6                            |
| 0049 | INDEX_ACCESS   | _sym6                            | 0                                | t16                              |
| 0050 | STORE_INDEX    | t16                              | 0                                | 5                                |
| 0051 | INDEX_ACCESS   | _sym6                            | 1                                | t18                              |
| 0052 | INDEX_ACCESS   | t18                              | 0                                | t17                              |
| 0053 | ECHO           | t17                              | _                                | _                                |
+------+----------------+----------------------------------+----------------------------------+----------------------------------+

--- Symbol Table (Debug) ---
+-------+----------------------------------+-------+--------------------------+
| Index | Name                             | Depth | Type                     |
+-------+----------------------------------+-------+--------------------------+
| _sym1 | myData                           | 0     | list                     |
| _sym2 | scores                           | 0     | list                     |
| _sym3 | matrix                           | 0     | list                     |
| _sym4 | mixedList                        | 0     | dyn                      |
| _sym5 | temp                             | 0     | dyn                      |
| _sym6 | dupList                          | 0     | dyn                      |
+-------+----------------------------------+-------+--------------------------+

--- Type Registry (Debug) ---
+------------------------------+----------------------------------------------------+
| Index | Type Name            | Members (Name : Type)                              |
+------------------------------+----------------------------------------------------+
+------------------------------+----------------------------------------------------+
