Parsed OK
IR
+------+----------------+----------------------------------+----------------------------------+----------------------------------+
| idx  | opcode         | arg1                             | arg2                             | res                              |
+------+----------------+----------------------------------+----------------------------------+----------------------------------+
| 0000 | =              | 10                               | _                                | _sym1                            |
| 0001 | =              | 3.14                             | _                                | _sym2                            |
| 0002 | =              | Hello World!                     | _                                | _sym3                            |
| 0003 | <              | 3                                | 5                                | t2                               |
| 0004 | IF_FALSE       | t2                               | _L0                              | _                                |
| 0005 | !=             | 5                                | 10                               | t4                               |
| 0006 | =              | t4                               | _                                | t3                               |
| 0007 | GOTO           | _L1                              | _                                | _                                |
| 0008 | LABEL          | _                                | _                                | _L0                              |
| 0009 | =              | false                            | _                                | t3                               |
| 0010 | LABEL          | _                                | _                                | _L1                              |
| 0011 | =              | t3                               | _                                | _sym4                            |
| 0012 | LIST_ELEM      | 1                                | _                                | _                                |
| 0013 | LIST_ELEM      | two                              | _                                | _                                |
| 0014 | LIST_ELEM      | 3.14                             | _                                | _                                |
| 0015 | LIST_LITERAL   | 3                                | _                                | t5                               |
| 0016 | =              | t5                               | _                                | _sym5                            |
| 0017 | =              | _sym1                            | _                                | _sym6                            |
| 0018 | =              | _sym1                            | _                                | _sym2                            |
| 0019 | =              | 10                               | _                                | _sym7                            |
| 0020 | =              | 3.14                             | _                                | _sym8                            |
| 0021 | =              | Hello World!                     | _                                | _sym9                            |
| 0022 | =              | true                             | _                                | _sym10                           |
| 0023 | LIST_ELEM      | 1                                | _                                | _                                |
| 0024 | LIST_ELEM      | two                              | _                                | _                                |
| 0025 | LIST_ELEM      | 3.14                             | _                                | _                                |
| 0026 | LIST_LITERAL   | 3                                | _                                | t6                               |
| 0027 | =              | t6                               | _                                | _sym11                           |
| 0028 | =              | _sym1                            | _                                | _sym12                           |
| 0029 | =              | _sym2                            | _                                | _sym13                           |
| 0030 | =              | _sym3                            | _                                | _sym14                           |
| 0031 | =              | _sym4                            | _                                | _sym15                           |
| 0032 | =              | _sym5                            | _                                | _sym16                           |
| 0033 | =              | _sym11                           | _                                | _sym17                           |
+------+----------------+----------------------------------+----------------------------------+----------------------------------+

--- Symbol Table (Debug) ---
+-------+----------------------------------+-------+--------------------------+
| Index | Name                             | Depth | Type                     |
+-------+----------------------------------+-------+--------------------------+
| _sym1 | v1                               | 0     | int                      |
| _sym2 | v2                               | 0     | float                    |
| _sym3 | v3                               | 0     | string                   |
| _sym4 | v4                               | 0     | bool                     |
| _sym5 | v5                               | 0     | list                     |
| _sym6 | v6                               | 0     | float                    |
| _sym7 | d1                               | 0     | dyn                      |
| _sym8 | d2                               | 0     | dyn                      |
| _sym9 | d3                               | 0     | dyn                      |
| _sym10| d4                               | 0     | dyn                      |
| _sym11| d5                               | 0     | dyn                      |
| _sym12| f1                               | 0     | dyn                      |
| _sym13| f2                               | 0     | dyn                      |
| _sym14| f3                               | 0     | dyn                      |
| _sym15| f4                               | 0     | dyn                      |
| _sym16| f5                               | 0     | dyn                      |
| _sym17| g                                | 0     | dyn                      |
+-------+----------------------------------+-------+--------------------------+

--- Type Registry (Debug) ---
+------------------------------+----------------------------------------------------+
| Index | Type Name            | Members (Name : Type)                              |
+------------------------------+----------------------------------------------------+
+------------------------------+----------------------------------------------------+
