Parsed OK
IR
+------+----------------+----------------------------------+----------------------------------+----------------------------------+
| idx  | opcode         | arg1                             | arg2                             | res                              |
+------+----------------+----------------------------------+----------------------------------+----------------------------------+
| 0000 | FUNC           | _sym1                            | 2                                | int                              |
| 0001 | FUNC_PARAM     | _sym1                            | 0:_sym2                          | int                              |
| 0002 | FUNC_PARAM     | _sym1                            | 1:_sym3                          | int                              |
| 0003 | LABEL          | _                                | _                                | _L0                              |
| 0004 | !=             | _sym3                            | 0                                | t2                               |
| 0005 | IF_FALSE       | t2                               | _L1                              | _                                |
| 0006 | =              | _sym3                            | _                                | _sym4                            |
| 0007 | %              | _sym2                            | _sym3                            | t3                               |
| 0008 | =              | t3                               | _                                | _sym3                            |
| 0009 | =              | _sym4                            | _                                | _sym2                            |
| 0010 | GOTO           | _L0                              | _                                | _                                |
| 0011 | LABEL          | _                                | _                                | _L1                              |
| 0012 | RETURN         | _sym2                            | _                                | _                                |
| 0013 | ENDFUNC        | _                                | _                                | _                                |
| 0014 | PARAM          | 12                               | _                                | _                                |
| 0015 | PARAM          | 20                               | _                                | _                                |
| 0016 | CALL           | _sym1                            | 2                                | t4                               |
| 0017 | ECHO           | t4                               | _                                | _                                |
+------+----------------+----------------------------------+----------------------------------+----------------------------------+

--- Symbol Table (Debug) ---
+-------+----------------------------------+-------+--------------------------+
| Index | Name                             | Depth | Type                     |
+-------+----------------------------------+-------+--------------------------+
| _sym1 | gcd                              | 0     | int                      |
| _sym2 | a                                | 1     | int                      |
| _sym3 | b                                | 1     | int                      |
| _sym4 | temp                             | 2     | int                      |
+-------+----------------------------------+-------+--------------------------+

--- Type Registry (Debug) ---
+------------------------------+----------------------------------------------------+
| Index | Type Name            | Members (Name : Type)                              |
+------------------------------+----------------------------------------------------+
+------------------------------+----------------------------------------------------+
