Parsed OK
IR
+------+----------------+----------------------------------+----------------------------------+----------------------------------+
| idx  | opcode         | arg1                             | arg2                             | res                              |
+------+----------------+----------------------------------+----------------------------------+----------------------------------+
| 0000 | FUNC           | _sym1                            | 1                                | null                             |
| 0001 | FUNC_PARAM     | _sym1                            | 0:_sym2                          | int                              |
| 0002 | =              | 1                                | _                                | _sym3                            |
| 0003 | LABEL          | _                                | _                                | _L0                              |
| 0004 | <=             | _sym3                            | _sym2                            | t2                               |
| 0005 | IF_FALSE       | t2                               | _L2                              | _                                |
| 0006 | %              | _sym3                            | 15                               | t4                               |
| 0007 | ==             | t4                               | 0                                | t3                               |
| 0008 | IF_FALSE       | t3                               | _L3                              | _                                |
| 0009 | ECHO           | FizzBuzz                         | _                                | _                                |
| 0010 | GOTO           | _L4                              | _                                | _                                |
| 0011 | LABEL          | _                                | _                                | _L3                              |
| 0012 | %              | _sym3                            | 3                                | t6                               |
| 0013 | ==             | t6                               | 0                                | t5                               |
| 0014 | IF_FALSE       | t5                               | _L5                              | _                                |
| 0015 | ECHO           | Fizz                             | _                                | _                                |
| 0016 | GOTO           | _L6                              | _                                | _                                |
| 0017 | LABEL          | _                                | _                                | _L5                              |
| 0018 | %              | _sym3                            | 5                                | t8                               |
| 0019 | ==             | t8                               | 0                                | t7                               |
| 0020 | IF_FALSE       | t7                               | _L7                              | _                                |
| 0021 | ECHO           | Buzz                             | _                                | _                                |
| 0022 | GOTO           | _L8                              | _                                | _                                |
| 0023 | LABEL          | _                                | _                                | _L7                              |
| 0024 | ECHO           | _sym3                            | _                                | _                                |
| 0025 | LABEL          | _                                | _                                | _L8                              |
| 0026 | LABEL          | _                                | _                                | _L6                              |
| 0027 | LABEL          | _                                | _                                | _L4                              |
| 0028 | LABEL          | _                                | _                                | _L1                              |
| 0029 | =              | _sym3                            | _                                | t9                               |
| 0030 | +              | _sym3                            | 1                                | t10                              |
| 0031 | =              | t10                              | _                                | _sym3                            |
| 0032 | GOTO           | _L0                              | _                                | _                                |
| 0033 | LABEL          | _                                | _                                | _L2                              |
| 0034 | ENDFUNC        | _                                | _                                | _                                |
| 0035 | PARAM          | 15                               | _                                | _                                |
| 0036 | CALL           | _sym1                            | 1                                | t11                              |
+------+----------------+----------------------------------+----------------------------------+----------------------------------+

--- Symbol Table (Debug) ---
+-------+----------------------------------+-------+--------------------------+
| Index | Name                             | Depth | Type                     |
+-------+----------------------------------+-------+--------------------------+
| _sym1 | fizzbuzz                         | 0     | null                     |
| _sym2 | n                                | 1     | int                      |
| _sym3 | i                                | 2     | int                      |
+-------+----------------------------------+-------+--------------------------+

--- Type Registry (Debug) ---
+------------------------------+----------------------------------------------------+
| Index | Type Name            | Members (Name : Type)                              |
+------------------------------+----------------------------------------------------+
+------------------------------+----------------------------------------------------+
