Parsed OK
IR
+------+----------------+----------------------------------+----------------------------------+----------------------------------+
| idx  | opcode         | arg1                             | arg2                             | res                              |
+------+----------------+----------------------------------+----------------------------------+----------------------------------+
| 0000 | FUNC           | _sym1                            | 1                                | bool                             |
| 0001 | FUNC_PARAM     | _sym1                            | 0:_sym2                          | int                              |
| 0002 | =              | _sym2                            | _                                | _sym3                            |
| 0003 | =              | 0                                | _                                | _sym4                            |
| 0004 | LABEL          | _                                | _                                | _L0                              |
| 0005 | >              | _sym2                            | 0                                | t2                               |
| 0006 | IF_FALSE       | t2                               | _L1                              | _                                |
| 0007 | %              | _sym2                            | 10                               | t3                               |
| 0008 | =              | t3                               | _                                | _sym5                            |
| 0009 | *              | _sym4                            | 10                               | t5                               |
| 0010 | +              | t5                               | _sym5                            | t4                               |
| 0011 | =              | t4                               | _                                | _sym4                            |
| 0012 | /              | _sym2                            | 10                               | t6                               |
| 0013 | =              | t6                               | _                                | _sym2                            |
| 0014 | GOTO           | _L0                              | _                                | _                                |
| 0015 | LABEL          | _                                | _                                | _L1                              |
| 0016 | ==             | _sym3                            | _sym4                            | t7                               |
| 0017 | RETURN         | t7                               | _                                | _                                |
| 0018 | ENDFUNC        | _                                | _                                | _                                |
| 0019 | PARAM          | 121                              | _                                | _                                |
| 0020 | CALL           | _sym1                            | 1                                | t8                               |
| 0021 | ECHO           | t8                               | _                                | _                                |
| 0022 | PARAM          | 123                              | _                                | _                                |
| 0023 | CALL           | _sym1                            | 1                                | t9                               |
| 0024 | ECHO           | t9                               | _                                | _                                |
+------+----------------+----------------------------------+----------------------------------+----------------------------------+

--- Symbol Table (Debug) ---
+-------+----------------------------------+-------+--------------------------+
| Index | Name                             | Depth | Type                     |
+-------+----------------------------------+-------+--------------------------+
| _sym1 | isPalindrome                     | 0     | bool                     |
| _sym2 | n                                | 1     | int                      |
| _sym3 | org                              | 1     | int                      |
| _sym4 | rev                              | 1     | int                      |
| _sym5 | d                                | 2     | int                      |
+-------+----------------------------------+-------+--------------------------+

--- Type Registry (Debug) ---
+------------------------------+----------------------------------------------------+
| Index | Type Name            | Members (Name : Type)                              |
+------------------------------+----------------------------------------------------+
+------------------------------+----------------------------------------------------+
