Parsed OK
IR
+------+----------------+----------------------------------+----------------------------------+----------------------------------+
| idx  | opcode         | arg1                             | arg2                             | res                              |
+------+----------------+----------------------------------+----------------------------------+----------------------------------+
| 0000 | FUNC           | _sym1                            | 1                                | int                              |
| 0001 | FUNC_PARAM     | _sym1                            | 0:_sym2                          | int                              |
| 0002 | =              | 0                                | _                                | _sym3                            |
| 0003 | =              | 1                                | _                                | _sym4                            |
| 0004 | LABEL          | _                                | _                                | _L0                              |
| 0005 | <=             | _sym4                            | _sym2                            | t2                               |
| 0006 | IF_FALSE       | t2                               | _L2                              | _                                |
| 0007 | %              | _sym2                            | _sym4                            | t4                               |
| 0008 | ==             | t4                               | 0                                | t3                               |
| 0009 | IF_FALSE       | t3                               | _L3                              | _                                |
| 0010 | =              | _sym3                            | _                                | t5                               |
| 0011 | +              | _sym3                            | 1                                | t6                               |
| 0012 | =              | t6                               | _                                | _sym3                            |
| 0013 | LABEL          | _                                | _                                | _L3                              |
| 0014 | LABEL          | _                                | _                                | _L1                              |
| 0015 | =              | _sym4                            | _                                | t7                               |
| 0016 | +              | _sym4                            | 1                                | t8                               |
| 0017 | =              | t8                               | _                                | _sym4                            |
| 0018 | GOTO           | _L0                              | _                                | _                                |
| 0019 | LABEL          | _                                | _                                | _L2                              |
| 0020 | RETURN         | _sym3                            | _                                | _                                |
| 0021 | ENDFUNC        | _                                | _                                | _                                |
| 0022 | PARAM          | 12                               | _                                | _                                |
| 0023 | CALL           | _sym1                            | 1                                | t9                               |
| 0024 | ECHO           | t9                               | _                                | _                                |
+------+----------------+----------------------------------+----------------------------------+----------------------------------+

--- Symbol Table (Debug) ---
+-------+----------------------------------+-------+--------------------------+
| Index | Name                             | Depth | Type                     |
+-------+----------------------------------+-------+--------------------------+
| _sym1 | countDivisors                    | 0     | int                      |
| _sym2 | n                                | 1     | int                      |
| _sym3 | count                            | 1     | int                      |
| _sym4 | i                                | 2     | int                      |
+-------+----------------------------------+-------+--------------------------+

--- Type Registry (Debug) ---
+------------------------------+----------------------------------------------------+
| Index | Type Name            | Members (Name : Type)                              |
+------------------------------+----------------------------------------------------+
+------------------------------+----------------------------------------------------+
