Parsed OK
IR
+------+----------------+----------------------------------+----------------------------------+----------------------------------+
| idx  | opcode         | arg1                             | arg2                             | res                              |
+------+----------------+----------------------------------+----------------------------------+----------------------------------+
| 0000 | FUNC           | _sym1                            | 2                                | int                              |
| 0001 | FUNC_PARAM     | _sym1                            | 0:_sym2                          | int                              |
| 0002 | FUNC_PARAM     | _sym1                            | 1:_sym3                          | int                              |
| 0003 | LABEL          | _                                | _                                | _L0                              |
| 0004 | !=             | _sym3                            | 0                                | t2                               |
| 0005 | IF_FALSE       | t2                               | _L1                              | _                                |
| 0006 | =              | _sym3                            | _                                | _sym4                            |
| 0007 | %              | _sym2                            | _sym3                            | t3                               |
| 0008 | =              | t3                               | _                                | _sym3                            |
| 0009 | =              | _sym4                            | _                                | _sym2                            |
| 0010 | GOTO           | _L0                              | _                                | _                                |
| 0011 | LABEL          | _                                | _                                | _L1                              |
| 0012 | RETURN         | _sym2                            | _                                | _                                |
| 0013 | ENDFUNC        | _                                | _                                | _                                |
| 0014 | FUNC           | _sym5                            | 1                                | int                              |
| 0015 | FUNC_PARAM     | _sym5                            | 0:_sym6                          | int                              |
| 0016 | FUNC           | _lambda1                         | 2                                | int                              |
| 0017 | FUNC_PARAM     | _lambda1                         | 0:_sym7                          | int                              |
| 0018 | FUNC_PARAM     | _lambda1                         | 1:_sym8                          | int                              |
| 0019 | *              | _sym7                            | _sym8                            | t5                               |
| 0020 | PARAM          | _sym7                            | _                                | _                                |
| 0021 | PARAM          | _sym8                            | _                                | _                                |
| 0022 | CALL           | _sym1                            | 2                                | t6                               |
| 0023 | /              | t5                               | t6                               | t4                               |
| 0024 | RETURN         | t4                               | _                                | _                                |
| 0025 | ENDFUNC        | _                                | _                                | _                                |
| 0026 | =              | _lambda1                         | _                                | t7                               |
| 0027 | =              | t7                               | _                                | _sym9                            |
| 0028 | =              | 1                                | _                                | _sym10                           |
| 0029 | =              | 2                                | _                                | _sym11                           |
| 0030 | LABEL          | _                                | _                                | _L2                              |
| 0031 | <=             | _sym11                           | _sym6                            | t8                               |
| 0032 | IF_FALSE       | t8                               | _L4                              | _                                |
| 0033 | PARAM          | _sym10                           | _                                | _                                |
| 0034 | PARAM          | _sym11                           | _                                | _                                |
| 0035 | CALL           | _sym9                            | 2                                | t9                               |
| 0036 | =              | t9                               | _                                | _sym10                           |
| 0037 | LABEL          | _                                | _                                | _L3                              |
| 0038 | =              | _sym11                           | _                                | t10                              |
| 0039 | +              | _sym11                           | 1                                | t11                              |
| 0040 | =              | t11                              | _                                | _sym11                           |
| 0041 | GOTO           | _L2                              | _                                | _                                |
| 0042 | LABEL          | _                                | _                                | _L4                              |
| 0043 | RETURN         | _sym10                           | _                                | _                                |
| 0044 | ENDFUNC        | _                                | _                                | _                                |
| 0045 | PARAM          | 20                               | _                                | _                                |
| 0046 | CALL           | _sym5                            | 1                                | t12                              |
| 0047 | ECHO           | t12                              | _                                | _                                |
+------+----------------+----------------------------------+----------------------------------+----------------------------------+

--- Symbol Table (Debug) ---
+-------+----------------------------------+-------+--------------------------+
| Index | Name                             | Depth | Type                     |
+-------+----------------------------------+-------+--------------------------+
| _sym1 | gcd                              | 0     | int                      |
| _sym2 | a                                | 1     | int                      |
| _sym3 | b                                | 1     | int                      |
| _sym4 | temp                             | 2     | int                      |
| _sym5 | solution                         | 0     | int                      |
| _sym6 | n                                | 1     | int                      |
| _sym7 | a                                | 2     | int                      |
| _sym8 | b                                | 2     | int                      |
| _sym9 | lcm                              | 1     | dyn                      |
| _sym10| result                           | 1     | int                      |
| _sym11| i                                | 2     | int                      |
+-------+----------------------------------+-------+--------------------------+

--- Type Registry (Debug) ---
+------------------------------+----------------------------------------------------+
| Index | Type Name            | Members (Name : Type)                              |
+------------------------------+----------------------------------------------------+
+------------------------------+----------------------------------------------------+
