Parsed OK
IR
+------+----------------+----------------------------------+----------------------------------+----------------------------------+
| idx  | opcode         | arg1                             | arg2                             | res                              |
+------+----------------+----------------------------------+----------------------------------+----------------------------------+
| 0000 | FUNC           | _sym1                            | 1                                | bool                             |
| 0001 | FUNC_PARAM     | _sym1                            | 0:_sym2                          | int                              |
| 0002 | >=             | _sym2                            | 4                                | t2                               |
| 0003 | IF_FALSE       | t2                               | _L0                              | _                                |
| 0004 | %              | _sym2                            | 2                                | t5                               |
| 0005 | ==             | t5                               | 0                                | t4                               |
| 0006 | =              | t4                               | _                                | t3                               |
| 0007 | GOTO           | _L1                              | _                                | _                                |
| 0008 | LABEL          | _                                | _                                | _L0                              |
| 0009 | =              | false                            | _                                | t3                               |
| 0010 | LABEL          | _                                | _                                | _L1                              |
| 0011 | RETURN         | t3                               | _                                | _                                |
| 0012 | ENDFUNC        | _                                | _                                | _                                |
| 0013 | =              | 8                                | _                                | _sym3                            |
| 0014 | PARAM          | _sym3                            | _                                | _                                |
| 0015 | CALL           | _sym1                            | 1                                | t7                               |
| 0016 | IF_FALSE       | t7                               | _L2                              | _                                |
| 0017 | =              | YES                              | _                                | t6                               |
| 0018 | GOTO           | _L3                              | _                                | _                                |
| 0019 | LABEL          | _                                | _                                | _L2                              |
| 0020 | =              | NO                               | _                                | t6                               |
| 0021 | LABEL          | _                                | _                                | _L3                              |
| 0022 | ECHO           | t6                               | _                                | _                                |
+------+----------------+----------------------------------+----------------------------------+----------------------------------+

--- Symbol Table (Debug) ---
+-------+----------------------------------+-------+--------------------------+
| Index | Name                             | Depth | Type                     |
+-------+----------------------------------+-------+--------------------------+
| _sym1 | canDivideWatermelon              | 0     | bool                     |
| _sym2 | weight                           | 1     | int                      |
| _sym3 | w                                | 0     | int                      |
+-------+----------------------------------+-------+--------------------------+

--- Type Registry (Debug) ---
+------------------------------+----------------------------------------------------+
| Index | Type Name            | Members (Name : Type)                              |
+------------------------------+----------------------------------------------------+
+------------------------------+----------------------------------------------------+
