 var_type -> DYN
 typedVar -> IDENTIFIER COLON var_type
 parameters -> typedVar
 var_type -> INT
 typedVar -> IDENTIFIER COLON var_type
 parameters -> parameters COMMA typedVar
 var_type -> DYN
 var_type -> INT
 primary -> INT_CONSTANT
 call_access -> primary
 unary -> call_access
 factor -> unary
 term -> factor
 shift -> term
 comparison -> shift
 equality -> comparison
 bitwise_and -> equality
 bitwise_xor -> bitwise_and
 bitwise_or -> bitwise_xor
 logic_and -> bitwise_or
 logic_or -> logic_and
 ternary -> logic_or
 assignment -> ternary
 expression -> assignment
 varDecl -> VAR var_type IDENTIFIER EQ expression SEMI_COLON
 forInit -> varDecl
 primary -> IDENTIFIER
 call_access -> primary
 unary -> call_access
 factor -> unary
 term -> factor
 shift -> term
 comparison -> shift
 primary -> IDENTIFIER
 call_access -> primary
 unary -> call_access
 factor -> unary
 term -> factor
 primary -> INT_CONSTANT
 call_access -> primary
 unary -> call_access
 factor -> unary
 term -> term MINUS factor
 shift -> term
 comparison -> comparison LESS shift
 equality -> comparison
 bitwise_and -> equality
 bitwise_xor -> bitwise_and
 bitwise_or -> bitwise_xor
 logic_and -> bitwise_or
 logic_or -> logic_and
 ternary -> logic_or
 assignment -> ternary
 expression -> assignment
 optExpr -> expression
 primary -> IDENTIFIER
 call_access -> primary
 call_access -> call_access PLUS_PLUS
 unary -> call_access
 factor -> unary
 term -> factor
 shift -> term
 comparison -> shift
 equality -> comparison
 bitwise_and -> equality
 bitwise_xor -> bitwise_and
 bitwise_or -> bitwise_xor
 logic_and -> bitwise_or
 logic_or -> logic_and
 ternary -> logic_or
 assignment -> ternary
 expression -> assignment
 optExpr -> expression
 var_type -> INT
 primary -> INT_CONSTANT
 call_access -> primary
 unary -> call_access
 factor -> unary
 term -> factor
 shift -> term
 comparison -> shift
 equality -> comparison
 bitwise_and -> equality
 bitwise_xor -> bitwise_and
 bitwise_or -> bitwise_xor
 logic_and -> bitwise_or
 logic_or -> logic_and
 ternary -> logic_or
 assignment -> ternary
 expression -> assignment
 varDecl -> VAR var_type IDENTIFIER EQ expression SEMI_COLON
 forInit -> varDecl
 primary -> IDENTIFIER
 call_access -> primary
 unary -> call_access
 factor -> unary
 term -> factor
 shift -> term
 comparison -> shift
 primary -> IDENTIFIER
 call_access -> primary
 unary -> call_access
 factor -> unary
 term -> factor
 primary -> INT_CONSTANT
 call_access -> primary
 unary -> call_access
 factor -> unary
 term -> term MINUS factor
 shift -> term
 comparison -> comparison LESS shift
 equality -> comparison
 bitwise_and -> equality
 bitwise_xor -> bitwise_and
 bitwise_or -> bitwise_xor
 logic_and -> bitwise_or
 logic_or -> logic_and
 ternary -> logic_or
 assignment -> ternary
 expression -> assignment
 optExpr -> expression
 primary -> IDENTIFIER
 call_access -> primary
 call_access -> call_access PLUS_PLUS
 unary -> call_access
 factor -> unary
 term -> factor
 shift -> term
 comparison -> shift
 equality -> comparison
 bitwise_and -> equality
 bitwise_xor -> bitwise_and
 bitwise_or -> bitwise_xor
 logic_and -> bitwise_or
 logic_or -> logic_and
 ternary -> logic_or
 assignment -> ternary
 expression -> assignment
 optExpr -> expression
 primary -> IDENTIFIER
 call_access -> primary
 primary -> IDENTIFIER
 call_access -> primary
 unary -> call_access
 factor -> unary
 term -> factor
 shift -> term
 comparison -> shift
 equality -> comparison
 bitwise_and -> equality
 bitwise_xor -> bitwise_and
 bitwise_or -> bitwise_xor
 logic_and -> bitwise_or
 logic_or -> logic_and
 ternary -> logic_or
 assignment -> ternary
 expression -> assignment
 call_access -> call_access LEFT_SQUARE expression RIGHT_SQUARE
 unary -> call_access
 factor -> unary
 term -> factor
 shift -> term
 comparison -> shift
 primary -> IDENTIFIER
 call_access -> primary
 primary -> IDENTIFIER
 call_access -> primary
 unary -> call_access
 factor -> unary
 term -> factor
 primary -> INT_CONSTANT
 call_access -> primary
 unary -> call_access
 factor -> unary
 term -> term PLUS factor
 shift -> term
 comparison -> shift
 equality -> comparison
 bitwise_and -> equality
 bitwise_xor -> bitwise_and
 bitwise_or -> bitwise_xor
 logic_and -> bitwise_or
 logic_or -> logic_and
 ternary -> logic_or
 assignment -> ternary
 expression -> assignment
 call_access -> call_access LEFT_SQUARE expression RIGHT_SQUARE
 unary -> call_access
 factor -> unary
 term -> factor
 shift -> term
 comparison -> comparison GREATER shift
 equality -> comparison
 bitwise_and -> equality
 bitwise_xor -> bitwise_and
 bitwise_or -> bitwise_xor
 logic_and -> bitwise_or
 logic_or -> logic_and
 ternary -> logic_or
 assignment -> ternary
 expression -> assignment
 var_type -> DYN
 primary -> IDENTIFIER
 call_access -> primary
 primary -> IDENTIFIER
 call_access -> primary
 unary -> call_access
 factor -> unary
 term -> factor
 shift -> term
 comparison -> shift
 equality -> comparison
 bitwise_and -> equality
 bitwise_xor -> bitwise_and
 bitwise_or -> bitwise_xor
 logic_and -> bitwise_or
 logic_or -> logic_and
 ternary -> logic_or
 assignment -> ternary
 expression -> assignment
 call_access -> call_access LEFT_SQUARE expression RIGHT_SQUARE
 unary -> call_access
 factor -> unary
 term -> factor
 shift -> term
 comparison -> shift
 equality -> comparison
 bitwise_and -> equality
 bitwise_xor -> bitwise_and
 bitwise_or -> bitwise_xor
 logic_and -> bitwise_or
 logic_or -> logic_and
 ternary -> logic_or
 assignment -> ternary
 expression -> assignment
 varDecl -> VAR var_type IDENTIFIER EQ expression SEMI_COLON
 declaration -> varDecl
 decList -> declaration
 primary -> IDENTIFIER
 call_access -> primary
 primary -> IDENTIFIER
 call_access -> primary
 unary -> call_access
 factor -> unary
 term -> factor
 shift -> term
 comparison -> shift
 equality -> comparison
 bitwise_and -> equality
 bitwise_xor -> bitwise_and
 bitwise_or -> bitwise_xor
 logic_and -> bitwise_or
 logic_or -> logic_and
 ternary -> logic_or
 assignment -> ternary
 expression -> assignment
 call_access -> call_access LEFT_SQUARE expression RIGHT_SQUARE
 primary -> IDENTIFIER
 call_access -> primary
 primary -> IDENTIFIER
 call_access -> primary
 unary -> call_access
 factor -> unary
 term -> factor
 primary -> INT_CONSTANT
 call_access -> primary
 unary -> call_access
 factor -> unary
 term -> term PLUS factor
 shift -> term
 comparison -> shift
 equality -> comparison
 bitwise_and -> equality
 bitwise_xor -> bitwise_and
 bitwise_or -> bitwise_xor
 logic_and -> bitwise_or
 logic_or -> logic_and
 ternary -> logic_or
 assignment -> ternary
 expression -> assignment
 call_access -> call_access LEFT_SQUARE expression RIGHT_SQUARE
 unary -> call_access
 factor -> unary
 term -> factor
 shift -> term
 comparison -> shift
 equality -> comparison
 bitwise_and -> equality
 bitwise_xor -> bitwise_and
 bitwise_or -> bitwise_xor
 logic_and -> bitwise_or
 logic_or -> logic_and
 ternary -> logic_or
 assignment -> ternary
 assignment -> call_access EQ assignment
 expression -> assignment
 exprStmt -> expression SEMI_COLON
 statement -> exprStmt
 declaration -> statement
 decList -> decList declaration
 primary -> IDENTIFIER
 call_access -> primary
 primary -> IDENTIFIER
 call_access -> primary
 unary -> call_access
 factor -> unary
 term -> factor
 primary -> INT_CONSTANT
 call_access -> primary
 unary -> call_access
 factor -> unary
 term -> term PLUS factor
 shift -> term
 comparison -> shift
 equality -> comparison
 bitwise_and -> equality
 bitwise_xor -> bitwise_and
 bitwise_or -> bitwise_xor
 logic_and -> bitwise_or
 logic_or -> logic_and
 ternary -> logic_or
 assignment -> ternary
 expression -> assignment
 call_access -> call_access LEFT_SQUARE expression RIGHT_SQUARE
 primary -> IDENTIFIER
 call_access -> primary
 unary -> call_access
 factor -> unary
 term -> factor
 shift -> term
 comparison -> shift
 equality -> comparison
 bitwise_and -> equality
 bitwise_xor -> bitwise_and
 bitwise_or -> bitwise_xor
 logic_and -> bitwise_or
 logic_or -> logic_and
 ternary -> logic_or
 assignment -> ternary
 assignment -> call_access EQ assignment
 expression -> assignment
 exprStmt -> expression SEMI_COLON
 statement -> exprStmt
 declaration -> statement
 decList -> decList declaration
 block -> LEFT_BRACE decList RIGHT_BRACE
 statement -> block
 ifStmt -> IF LEFT_PAREN expression RIGHT_PAREN statement
 statement -> ifStmt
 forStmt -> FOR LEFT_PAREN forInit optExpr SEMI_COLON optExpr RIGHT_PAREN statement
 statement -> forStmt
 forStmt -> FOR LEFT_PAREN forInit optExpr SEMI_COLON optExpr RIGHT_PAREN statement
 statement -> forStmt
 declaration -> statement
 decList -> declaration
 primary -> IDENTIFIER
 call_access -> primary
 unary -> call_access
 factor -> unary
 term -> factor
 shift -> term
 comparison -> shift
 equality -> comparison
 bitwise_and -> equality
 bitwise_xor -> bitwise_and
 bitwise_or -> bitwise_xor
 logic_and -> bitwise_or
 logic_or -> logic_and
 ternary -> logic_or
 assignment -> ternary
 expression -> assignment
 returnStmt -> RET expression SEMI_COLON
 statement -> returnStmt
 declaration -> statement
 decList -> decList declaration
 block -> LEFT_BRACE decList RIGHT_BRACE
 function -> LEFT_PAREN parameters RIGHT_PAREN ARROW var_type block
 funDecl -> FUN IDENTIFIER function
 declaration -> funDecl
 decList -> declaration
 var_type -> LIST LEFT_SQUARE INT_CONSTANT RIGHT_SQUARE
 primary -> INT_CONSTANT
 call_access -> primary
 unary -> call_access
 factor -> unary
 term -> factor
 shift -> term
 comparison -> shift
 equality -> comparison
 bitwise_and -> equality
 bitwise_xor -> bitwise_and
 bitwise_or -> bitwise_xor
 logic_and -> bitwise_or
 logic_or -> logic_and
 ternary -> logic_or
 assignment -> ternary
 expression -> assignment
 elements -> expression
 primary -> INT_CONSTANT
 call_access -> primary
 unary -> call_access
 factor -> unary
 term -> factor
 shift -> term
 comparison -> shift
 equality -> comparison
 bitwise_and -> equality
 bitwise_xor -> bitwise_and
 bitwise_or -> bitwise_xor
 logic_and -> bitwise_or
 logic_or -> logic_and
 ternary -> logic_or
 assignment -> ternary
 expression -> assignment
 elements -> elements COMMA expression
 primary -> INT_CONSTANT
 call_access -> primary
 unary -> call_access
 factor -> unary
 term -> factor
 shift -> term
 comparison -> shift
 equality -> comparison
 bitwise_and -> equality
 bitwise_xor -> bitwise_and
 bitwise_or -> bitwise_xor
 logic_and -> bitwise_or
 logic_or -> logic_and
 ternary -> logic_or
 assignment -> ternary
 expression -> assignment
 elements -> elements COMMA expression
 primary -> INT_CONSTANT
 call_access -> primary
 unary -> call_access
 factor -> unary
 term -> factor
 shift -> term
 comparison -> shift
 equality -> comparison
 bitwise_and -> equality
 bitwise_xor -> bitwise_and
 bitwise_or -> bitwise_xor
 logic_and -> bitwise_or
 logic_or -> logic_and
 ternary -> logic_or
 assignment -> ternary
 expression -> assignment
 elements -> elements COMMA expression
 primary -> INT_CONSTANT
 call_access -> primary
 unary -> call_access
 factor -> unary
 term -> factor
 shift -> term
 comparison -> shift
 equality -> comparison
 bitwise_and -> equality
 bitwise_xor -> bitwise_and
 bitwise_or -> bitwise_xor
 logic_and -> bitwise_or
 logic_or -> logic_and
 ternary -> logic_or
 assignment -> ternary
 expression -> assignment
 elements -> elements COMMA expression
 primary -> LEFT_SQUARE elements RIGHT_SQUARE
 call_access -> primary
 unary -> call_access
 factor -> unary
 term -> factor
 shift -> term
 comparison -> shift
 equality -> comparison
 bitwise_and -> equality
 bitwise_xor -> bitwise_and
 bitwise_or -> bitwise_xor
 logic_and -> bitwise_or
 logic_or -> logic_and
 ternary -> logic_or
 assignment -> ternary
 expression -> assignment
 varDecl -> VAR var_type IDENTIFIER EQ expression SEMI_COLON
 declaration -> varDecl
 decList -> decList declaration
 primary -> IDENTIFIER
 call_access -> primary
 primary -> IDENTIFIER
 call_access -> primary
 primary -> IDENTIFIER
 call_access -> primary
 unary -> call_access
 factor -> unary
 term -> factor
 shift -> term
 comparison -> shift
 equality -> comparison
 bitwise_and -> equality
 bitwise_xor -> bitwise_and
 bitwise_or -> bitwise_xor
 logic_and -> bitwise_or
 logic_or -> logic_and
 ternary -> logic_or
 assignment -> ternary
 expression -> assignment
 arguments -> expression
 primary -> INT_CONSTANT
 call_access -> primary
 unary -> call_access
 factor -> unary
 term -> factor
 shift -> term
 comparison -> shift
 equality -> comparison
 bitwise_and -> equality
 bitwise_xor -> bitwise_and
 bitwise_or -> bitwise_xor
 logic_and -> bitwise_or
 logic_or -> logic_and
 ternary -> logic_or
 assignment -> ternary
 expression -> assignment
 arguments -> arguments COMMA expression
 call_access -> call_access LEFT_PAREN arguments RIGHT_PAREN
 unary -> call_access
 factor -> unary
 term -> factor
 shift -> term
 comparison -> shift
 equality -> comparison
 bitwise_and -> equality
 bitwise_xor -> bitwise_and
 bitwise_or -> bitwise_xor
 logic_and -> bitwise_or
 logic_or -> logic_and
 ternary -> logic_or
 assignment -> ternary
 assignment -> call_access EQ assignment
 expression -> assignment
 exprStmt -> expression SEMI_COLON
 statement -> exprStmt
 declaration -> statement
 decList -> decList declaration
 primary -> IDENTIFIER
 call_access -> primary
 unary -> call_access
 factor -> unary
 term -> factor
 shift -> term
 comparison -> shift
 equality -> comparison
 bitwise_and -> equality
 bitwise_xor -> bitwise_and
 bitwise_or -> bitwise_xor
 logic_and -> bitwise_or
 logic_or -> logic_and
 ternary -> logic_or
 assignment -> ternary
 expression -> assignment
 echoStmt -> ECH expression SEMI_COLON
 statement -> echoStmt
 declaration -> statement
 decList -> decList declaration
 program -> decList

Parsed successfully.

=== VISUAL DERIVATION TREE (Parse Tree) ===
program
  decList
    decList
      decList
        decList
          declaration
            funDecl
              FUN (fun)
              IDENTIFIER (bubbleSort)
              function
                LEFT_PAREN (()
                parameters
                  parameters
                    typedVar
                      IDENTIFIER (arr)
                      COLON (:)
                      var_type
                        DYN (dyn)
                  COMMA (,)
                  typedVar
                    IDENTIFIER (n)
                    COLON (:)
                    var_type
                      INT (int)
                RIGHT_PAREN ())
                ARROW (->)
                var_type
                  DYN (dyn)
                block
                  LEFT_BRACE ({)
                  decList
                    decList
                      declaration
                        statement
                          forStmt
                            FOR (for)
                            LEFT_PAREN (()
                            forInit
                              varDecl
                                VAR (var)
                                var_type
                                  INT (int)
                                IDENTIFIER (i)
                                EQ (=)
                                expression
                                  assignment
                                    ternary
                                      logic_or
                                        logic_and
                                          bitwise_or
                                            bitwise_xor
                                              bitwise_and
                                                equality
                                                  comparison
                                                    shift
                                                      term
                                                        factor
                                                          unary
                                                            call_access
                                                              primary
                                                                INT_CONSTANT (0)
                                SEMI_COLON (;)
                            optExpr
                              expression
                                assignment
                                  ternary
                                    logic_or
                                      logic_and
                                        bitwise_or
                                          bitwise_xor
                                            bitwise_and
                                              equality
                                                comparison
                                                  comparison
                                                    shift
                                                      term
                                                        factor
                                                          unary
                                                            call_access
                                                              primary
                                                                IDENTIFIER (i)
                                                  LESS (<)
                                                  shift
                                                    term
                                                      term
                                                        factor
                                                          unary
                                                            call_access
                                                              primary
                                                                IDENTIFIER (n)
                                                      MINUS (-)
                                                      factor
                                                        unary
                                                          call_access
                                                            primary
                                                              INT_CONSTANT (1)
                            SEMI_COLON (;)
                            optExpr
                              expression
                                assignment
                                  ternary
                                    logic_or
                                      logic_and
                                        bitwise_or
                                          bitwise_xor
                                            bitwise_and
                                              equality
                                                comparison
                                                  shift
                                                    term
                                                      factor
                                                        unary
                                                          call_access
                                                            call_access
                                                              primary
                                                                IDENTIFIER (i)
                                                            PLUS_PLUS (++)
                            RIGHT_PAREN ())
                            statement
                              forStmt
                                FOR (for)
                                LEFT_PAREN (()
                                forInit
                                  varDecl
                                    VAR (var)
                                    var_type
                                      INT (int)
                                    IDENTIFIER (j)
                                    EQ (=)
                                    expression
                                      assignment
                                        ternary
                                          logic_or
                                            logic_and
                                              bitwise_or
                                                bitwise_xor
                                                  bitwise_and
                                                    equality
                                                      comparison
                                                        shift
                                                          term
                                                            factor
                                                              unary
                                                                call_access
                                                                  primary
                                                                    INT_CONSTANT (0)
                                    SEMI_COLON (;)
                                optExpr
                                  expression
                                    assignment
                                      ternary
                                        logic_or
                                          logic_and
                                            bitwise_or
                                              bitwise_xor
                                                bitwise_and
                                                  equality
                                                    comparison
                                                      comparison
                                                        shift
                                                          term
                                                            factor
                                                              unary
                                                                call_access
                                                                  primary
                                                                    IDENTIFIER (j)
                                                      LESS (<)
                                                      shift
                                                        term
                                                          term
                                                            factor
                                                              unary
                                                                call_access
                                                                  primary
                                                                    IDENTIFIER (n)
                                                          MINUS (-)
                                                          factor
                                                            unary
                                                              call_access
                                                                primary
                                                                  INT_CONSTANT (1)
                                SEMI_COLON (;)
                                optExpr
                                  expression
                                    assignment
                                      ternary
                                        logic_or
                                          logic_and
                                            bitwise_or
                                              bitwise_xor
                                                bitwise_and
                                                  equality
                                                    comparison
                                                      shift
                                                        term
                                                          factor
                                                            unary
                                                              call_access
                                                                call_access
                                                                  primary
                                                                    IDENTIFIER (j)
                                                                PLUS_PLUS (++)
                                RIGHT_PAREN ())
                                statement
                                  ifStmt
                                    IF (if)
                                    LEFT_PAREN (()
                                    expression
                                      assignment
                                        ternary
                                          logic_or
                                            logic_and
                                              bitwise_or
                                                bitwise_xor
                                                  bitwise_and
                                                    equality
                                                      comparison
                                                        comparison
                                                          shift
                                                            term
                                                              factor
                                                                unary
                                                                  call_access
                                                                    call_access
                                                                      primary
                                                                        IDENTIFIER (arr)
                                                                    LEFT_SQUARE ([)
                                                                    expression
                                                                      assignment
                                                                        ternary
                                                                          logic_or
                                                                            logic_and
                                                                              bitwise_or
                                                                                bitwise_xor
                                                                                  bitwise_and
                                                                                    equality
                                                                                      comparison
                                                                                        shift
                                                                                          term
                                                                                            factor
                                                                                              unary
                                                                                                call_access
                                                                                                  primary
                                                                                                    IDENTIFIER (j)
                                                                    RIGHT_SQUARE (])
                                                        GREATER (>)
                                                        shift
                                                          term
                                                            factor
                                                              unary
                                                                call_access
                                                                  call_access
                                                                    primary
                                                                      IDENTIFIER (arr)
                                                                  LEFT_SQUARE ([)
                                                                  expression
                                                                    assignment
                                                                      ternary
                                                                        logic_or
                                                                          logic_and
                                                                            bitwise_or
                                                                              bitwise_xor
                                                                                bitwise_and
                                                                                  equality
                                                                                    comparison
                                                                                      shift
                                                                                        term
                                                                                          term
                                                                                            factor
                                                                                              unary
                                                                                                call_access
                                                                                                  primary
                                                                                                    IDENTIFIER (j)
                                                                                          PLUS (+)
                                                                                          factor
                                                                                            unary
                                                                                              call_access
                                                                                                primary
                                                                                                  INT_CONSTANT (1)
                                                                  RIGHT_SQUARE (])
                                    RIGHT_PAREN ())
                                    statement
                                      block
                                        LEFT_BRACE ({)
                                        decList
                                          decList
                                            decList
                                              declaration
                                                varDecl
                                                  VAR (var)
                                                  var_type
                                                    DYN (dyn)
                                                  IDENTIFIER (temp)
                                                  EQ (=)
                                                  expression
                                                    assignment
                                                      ternary
                                                        logic_or
                                                          logic_and
                                                            bitwise_or
                                                              bitwise_xor
                                                                bitwise_and
                                                                  equality
                                                                    comparison
                                                                      shift
                                                                        term
                                                                          factor
                                                                            unary
                                                                              call_access
                                                                                call_access
                                                                                  primary
                                                                                    IDENTIFIER (arr)
                                                                                LEFT_SQUARE ([)
                                                                                expression
                                                                                  assignment
                                                                                    ternary
                                                                                      logic_or
                                                                                        logic_and
                                                                                          bitwise_or
                                                                                            bitwise_xor
                                                                                              bitwise_and
                                                                                                equality
                                                                                                  comparison
                                                                                                    shift
                                                                                                      term
                                                                                                        factor
                                                                                                          unary
                                                                                                            call_access
                                                                                                              primary
                                                                                                                IDENTIFIER (j)
                                                                                RIGHT_SQUARE (])
                                                  SEMI_COLON (;)
                                            declaration
                                              statement
                                                exprStmt
                                                  expression
                                                    assignment
                                                      call_access
                                                        call_access
                                                          primary
                                                            IDENTIFIER (arr)
                                                        LEFT_SQUARE ([)
                                                        expression
                                                          assignment
                                                            ternary
                                                              logic_or
                                                                logic_and
                                                                  bitwise_or
                                                                    bitwise_xor
                                                                      bitwise_and
                                                                        equality
                                                                          comparison
                                                                            shift
                                                                              term
                                                                                factor
                                                                                  unary
                                                                                    call_access
                                                                                      primary
                                                                                        IDENTIFIER (j)
                                                        RIGHT_SQUARE (])
                                                      EQ (=)
                                                      assignment
                                                        ternary
                                                          logic_or
                                                            logic_and
                                                              bitwise_or
                                                                bitwise_xor
                                                                  bitwise_and
                                                                    equality
                                                                      comparison
                                                                        shift
                                                                          term
                                                                            factor
                                                                              unary
                                                                                call_access
                                                                                  call_access
                                                                                    primary
                                                                                      IDENTIFIER (arr)
                                                                                  LEFT_SQUARE ([)
                                                                                  expression
                                                                                    assignment
                                                                                      ternary
                                                                                        logic_or
                                                                                          logic_and
                                                                                            bitwise_or
                                                                                              bitwise_xor
                                                                                                bitwise_and
                                                                                                  equality
                                                                                                    comparison
                                                                                                      shift
                                                                                                        term
                                                                                                          term
                                                                                                            factor
                                                                                                              unary
                                                                                                                call_access
                                                                                                                  primary
                                                                                                                    IDENTIFIER (j)
                                                                                                          PLUS (+)
                                                                                                          factor
                                                                                                            unary
                                                                                                              call_access
                                                                                                                primary
                                                                                                                  INT_CONSTANT (1)
                                                                                  RIGHT_SQUARE (])
                                                  SEMI_COLON (;)
                                          declaration
                                            statement
                                              exprStmt
                                                expression
                                                  assignment
                                                    call_access
                                                      call_access
                                                        primary
                                                          IDENTIFIER (arr)
                                                      LEFT_SQUARE ([)
                                                      expression
                                                        assignment
                                                          ternary
                                                            logic_or
                                                              logic_and
                                                                bitwise_or
                                                                  bitwise_xor
                                                                    bitwise_and
                                                                      equality
                                                                        comparison
                                                                          shift
                                                                            term
                                                                              term
                                                                                factor
                                                                                  unary
                                                                                    call_access
                                                                                      primary
                                                                                        IDENTIFIER (j)
                                                                              PLUS (+)
                                                                              factor
                                                                                unary
                                                                                  call_access
                                                                                    primary
                                                                                      INT_CONSTANT (1)
                                                      RIGHT_SQUARE (])
                                                    EQ (=)
                                                    assignment
                                                      ternary
                                                        logic_or
                                                          logic_and
                                                            bitwise_or
                                                              bitwise_xor
                                                                bitwise_and
                                                                  equality
                                                                    comparison
                                                                      shift
                                                                        term
                                                                          factor
                                                                            unary
                                                                              call_access
                                                                                primary
                                                                                  IDENTIFIER (temp)
                                                SEMI_COLON (;)
                                        RIGHT_BRACE (})
                    declaration
                      statement
                        returnStmt
                          RET (ret)
                          expression
                            assignment
                              ternary
                                logic_or
                                  logic_and
                                    bitwise_or
                                      bitwise_xor
                                        bitwise_and
                                          equality
                                            comparison
                                              shift
                                                term
                                                  factor
                                                    unary
                                                      call_access
                                                        primary
                                                          IDENTIFIER (arr)
                          SEMI_COLON (;)
                  RIGHT_BRACE (})
        declaration
          varDecl
            VAR (var)
            var_type
              LIST (list)
              LEFT_SQUARE ([)
              INT_CONSTANT (5)
              RIGHT_SQUARE (])
            IDENTIFIER (arr)
            EQ (=)
            expression
              assignment
                ternary
                  logic_or
                    logic_and
                      bitwise_or
                        bitwise_xor
                          bitwise_and
                            equality
                              comparison
                                shift
                                  term
                                    factor
                                      unary
                                        call_access
                                          primary
                                            LEFT_SQUARE ([)
                                            elements
                                              elements
                                                elements
                                                  elements
                                                    elements
                                                      expression
                                                        assignment
                                                          ternary
                                                            logic_or
                                                              logic_and
                                                                bitwise_or
                                                                  bitwise_xor
                                                                    bitwise_and
                                                                      equality
                                                                        comparison
                                                                          shift
                                                                            term
                                                                              factor
                                                                                unary
                                                                                  call_access
                                                                                    primary
                                                                                      INT_CONSTANT (5)
                                                    COMMA (,)
                                                    expression
                                                      assignment
                                                        ternary
                                                          logic_or
                                                            logic_and
                                                              bitwise_or
                                                                bitwise_xor
                                                                  bitwise_and
                                                                    equality
                                                                      comparison
                                                                        shift
                                                                          term
                                                                            factor
                                                                              unary
                                                                                call_access
                                                                                  primary
                                                                                    INT_CONSTANT (1)
                                                  COMMA (,)
                                                  expression
                                                    assignment
                                                      ternary
                                                        logic_or
                                                          logic_and
                                                            bitwise_or
                                                              bitwise_xor
                                                                bitwise_and
                                                                  equality
                                                                    comparison
                                                                      shift
                                                                        term
                                                                          factor
                                                                            unary
                                                                              call_access
                                                                                primary
                                                                                  INT_CONSTANT (4)
                                                COMMA (,)
                                                expression
                                                  assignment
                                                    ternary
                                                      logic_or
                                                        logic_and
                                                          bitwise_or
                                                            bitwise_xor
                                                              bitwise_and
                                                                equality
                                                                  comparison
                                                                    shift
                                                                      term
                                                                        factor
                                                                          unary
                                                                            call_access
                                                                              primary
                                                                                INT_CONSTANT (2)
                                              COMMA (,)
                                              expression
                                                assignment
                                                  ternary
                                                    logic_or
                                                      logic_and
                                                        bitwise_or
                                                          bitwise_xor
                                                            bitwise_and
                                                              equality
                                                                comparison
                                                                  shift
                                                                    term
                                                                      factor
                                                                        unary
                                                                          call_access
                                                                            primary
                                                                              INT_CONSTANT (8)
                                            RIGHT_SQUARE (])
            SEMI_COLON (;)
      declaration
        statement
          exprStmt
            expression
              assignment
                call_access
                  primary
                    IDENTIFIER (arr)
                EQ (=)
                assignment
                  ternary
                    logic_or
                      logic_and
                        bitwise_or
                          bitwise_xor
                            bitwise_and
                              equality
                                comparison
                                  shift
                                    term
                                      factor
                                        unary
                                          call_access
                                            call_access
                                              primary
                                                IDENTIFIER (bubbleSort)
                                            LEFT_PAREN (()
                                            arguments
                                              arguments
                                                expression
                                                  assignment
                                                    ternary
                                                      logic_or
                                                        logic_and
                                                          bitwise_or
                                                            bitwise_xor
                                                              bitwise_and
                                                                equality
                                                                  comparison
                                                                    shift
                                                                      term
                                                                        factor
                                                                          unary
                                                                            call_access
                                                                              primary
                                                                                IDENTIFIER (arr)
                                              COMMA (,)
                                              expression
                                                assignment
                                                  ternary
                                                    logic_or
                                                      logic_and
                                                        bitwise_or
                                                          bitwise_xor
                                                            bitwise_and
                                                              equality
                                                                comparison
                                                                  shift
                                                                    term
                                                                      factor
                                                                        unary
                                                                          call_access
                                                                            primary
                                                                              INT_CONSTANT (5)
                                            RIGHT_PAREN ())
            SEMI_COLON (;)
    declaration
      statement
        echoStmt
          ECH (echo)
          expression
            assignment
              ternary
                logic_or
                  logic_and
                    bitwise_or
                      bitwise_xor
                        bitwise_and
                          equality
                            comparison
                              shift
                                term
                                  factor
                                    unary
                                      call_access
                                        primary
                                          IDENTIFIER (arr)
          SEMI_COLON (;)
