 var_type -> INT
 typedVar -> IDENTIFIER COLON var_type
 parameters -> typedVar
 var_type -> INT
 typedVar -> IDENTIFIER COLON var_type
 parameters -> parameters COMMA typedVar
 var_type -> INT
 primary -> IDENTIFIER
 call_access -> primary
 unary -> call_access
 factor -> unary
 term -> factor
 shift -> term
 comparison -> shift
 equality -> comparison
 primary -> INT_CONSTANT
 call_access -> primary
 unary -> call_access
 factor -> unary
 term -> factor
 shift -> term
 comparison -> shift
 equality -> equality BANG_EQ comparison
 bitwise_and -> equality
 bitwise_xor -> bitwise_and
 bitwise_or -> bitwise_xor
 logic_and -> bitwise_or
 logic_or -> logic_and
 ternary -> logic_or
 assignment -> ternary
 expression -> assignment
 var_type -> INT
 primary -> IDENTIFIER
 call_access -> primary
 unary -> call_access
 factor -> unary
 term -> factor
 shift -> term
 comparison -> shift
 equality -> comparison
 bitwise_and -> equality
 bitwise_xor -> bitwise_and
 bitwise_or -> bitwise_xor
 logic_and -> bitwise_or
 logic_or -> logic_and
 ternary -> logic_or
 assignment -> ternary
 expression -> assignment
 varDecl -> VAR var_type IDENTIFIER EQ expression SEMI_COLON
 declaration -> varDecl
 decList -> declaration
 primary -> IDENTIFIER
 call_access -> primary
 primary -> IDENTIFIER
 call_access -> primary
 unary -> call_access
 factor -> unary
 primary -> IDENTIFIER
 call_access -> primary
 unary -> call_access
 factor -> factor PERC unary
 term -> factor
 shift -> term
 comparison -> shift
 equality -> comparison
 bitwise_and -> equality
 bitwise_xor -> bitwise_and
 bitwise_or -> bitwise_xor
 logic_and -> bitwise_or
 logic_or -> logic_and
 ternary -> logic_or
 assignment -> ternary
 assignment -> call_access EQ assignment
 expression -> assignment
 exprStmt -> expression SEMI_COLON
 statement -> exprStmt
 declaration -> statement
 decList -> decList declaration
 primary -> IDENTIFIER
 call_access -> primary
 primary -> IDENTIFIER
 call_access -> primary
 unary -> call_access
 factor -> unary
 term -> factor
 shift -> term
 comparison -> shift
 equality -> comparison
 bitwise_and -> equality
 bitwise_xor -> bitwise_and
 bitwise_or -> bitwise_xor
 logic_and -> bitwise_or
 logic_or -> logic_and
 ternary -> logic_or
 assignment -> ternary
 assignment -> call_access EQ assignment
 expression -> assignment
 exprStmt -> expression SEMI_COLON
 statement -> exprStmt
 declaration -> statement
 decList -> decList declaration
 block -> LEFT_BRACE decList RIGHT_BRACE
 statement -> block
 whileStmt -> WHILE LEFT_PAREN expression RIGHT_PAREN statement
 statement -> whileStmt
 declaration -> statement
 decList -> declaration
 primary -> IDENTIFIER
 call_access -> primary
 unary -> call_access
 factor -> unary
 term -> factor
 shift -> term
 comparison -> shift
 equality -> comparison
 bitwise_and -> equality
 bitwise_xor -> bitwise_and
 bitwise_or -> bitwise_xor
 logic_and -> bitwise_or
 logic_or -> logic_and
 ternary -> logic_or
 assignment -> ternary
 expression -> assignment
 returnStmt -> RET expression SEMI_COLON
 statement -> returnStmt
 declaration -> statement
 decList -> decList declaration
 block -> LEFT_BRACE decList RIGHT_BRACE
 function -> LEFT_PAREN parameters RIGHT_PAREN ARROW var_type block
 funDecl -> FUN IDENTIFIER function
 declaration -> funDecl
 decList -> declaration
 primary -> IDENTIFIER
 call_access -> primary
 primary -> INT_CONSTANT
 call_access -> primary
 unary -> call_access
 factor -> unary
 term -> factor
 shift -> term
 comparison -> shift
 equality -> comparison
 bitwise_and -> equality
 bitwise_xor -> bitwise_and
 bitwise_or -> bitwise_xor
 logic_and -> bitwise_or
 logic_or -> logic_and
 ternary -> logic_or
 assignment -> ternary
 expression -> assignment
 arguments -> expression
 primary -> INT_CONSTANT
 call_access -> primary
 unary -> call_access
 factor -> unary
 term -> factor
 shift -> term
 comparison -> shift
 equality -> comparison
 bitwise_and -> equality
 bitwise_xor -> bitwise_and
 bitwise_or -> bitwise_xor
 logic_and -> bitwise_or
 logic_or -> logic_and
 ternary -> logic_or
 assignment -> ternary
 expression -> assignment
 arguments -> arguments COMMA expression
 call_access -> call_access LEFT_PAREN arguments RIGHT_PAREN
 unary -> call_access
 factor -> unary
 term -> factor
 shift -> term
 comparison -> shift
 equality -> comparison
 bitwise_and -> equality
 bitwise_xor -> bitwise_and
 bitwise_or -> bitwise_xor
 logic_and -> bitwise_or
 logic_or -> logic_and
 ternary -> logic_or
 assignment -> ternary
 expression -> assignment
 echoStmt -> ECH expression SEMI_COLON
 statement -> echoStmt
 declaration -> statement
 decList -> decList declaration
 program -> decList

Parsed successfully.

=== VISUAL DERIVATION TREE (Parse Tree) ===
program
  decList
    decList
      declaration
        funDecl
          FUN (fun)
          IDENTIFIER (gcd)
          function
            LEFT_PAREN (()
            parameters
              parameters
                typedVar
                  IDENTIFIER (a)
                  COLON (:)
                  var_type
                    INT (int)
              COMMA (,)
              typedVar
                IDENTIFIER (b)
                COLON (:)
                var_type
                  INT (int)
            RIGHT_PAREN ())
            ARROW (->)
            var_type
              INT (int)
            block
              LEFT_BRACE ({)
              decList
                decList
                  declaration
                    statement
                      whileStmt
                        WHILE (while)
                        LEFT_PAREN (()
                        expression
                          assignment
                            ternary
                              logic_or
                                logic_and
                                  bitwise_or
                                    bitwise_xor
                                      bitwise_and
                                        equality
                                          equality
                                            comparison
                                              shift
                                                term
                                                  factor
                                                    unary
                                                      call_access
                                                        primary
                                                          IDENTIFIER (b)
                                          BANG_EQ (!=)
                                          comparison
                                            shift
                                              term
                                                factor
                                                  unary
                                                    call_access
                                                      primary
                                                        INT_CONSTANT (0)
                        RIGHT_PAREN ())
                        statement
                          block
                            LEFT_BRACE ({)
                            decList
                              decList
                                decList
                                  declaration
                                    varDecl
                                      VAR (var)
                                      var_type
                                        INT (int)
                                      IDENTIFIER (temp)
                                      EQ (=)
                                      expression
                                        assignment
                                          ternary
                                            logic_or
                                              logic_and
                                                bitwise_or
                                                  bitwise_xor
                                                    bitwise_and
                                                      equality
                                                        comparison
                                                          shift
                                                            term
                                                              factor
                                                                unary
                                                                  call_access
                                                                    primary
                                                                      IDENTIFIER (b)
                                      SEMI_COLON (;)
                                declaration
                                  statement
                                    exprStmt
                                      expression
                                        assignment
                                          call_access
                                            primary
                                              IDENTIFIER (b)
                                          EQ (=)
                                          assignment
                                            ternary
                                              logic_or
                                                logic_and
                                                  bitwise_or
                                                    bitwise_xor
                                                      bitwise_and
                                                        equality
                                                          comparison
                                                            shift
                                                              term
                                                                factor
                                                                  factor
                                                                    unary
                                                                      call_access
                                                                        primary
                                                                          IDENTIFIER (a)
                                                                  PERC (%)
                                                                  unary
                                                                    call_access
                                                                      primary
                                                                        IDENTIFIER (b)
                                      SEMI_COLON (;)
                              declaration
                                statement
                                  exprStmt
                                    expression
                                      assignment
                                        call_access
                                          primary
                                            IDENTIFIER (a)
                                        EQ (=)
                                        assignment
                                          ternary
                                            logic_or
                                              logic_and
                                                bitwise_or
                                                  bitwise_xor
                                                    bitwise_and
                                                      equality
                                                        comparison
                                                          shift
                                                            term
                                                              factor
                                                                unary
                                                                  call_access
                                                                    primary
                                                                      IDENTIFIER (temp)
                                    SEMI_COLON (;)
                            RIGHT_BRACE (})
                declaration
                  statement
                    returnStmt
                      RET (ret)
                      expression
                        assignment
                          ternary
                            logic_or
                              logic_and
                                bitwise_or
                                  bitwise_xor
                                    bitwise_and
                                      equality
                                        comparison
                                          shift
                                            term
                                              factor
                                                unary
                                                  call_access
                                                    primary
                                                      IDENTIFIER (a)
                      SEMI_COLON (;)
              RIGHT_BRACE (})
    declaration
      statement
        echoStmt
          ECH (echo)
          expression
            assignment
              ternary
                logic_or
                  logic_and
                    bitwise_or
                      bitwise_xor
                        bitwise_and
                          equality
                            comparison
                              shift
                                term
                                  factor
                                    unary
                                      call_access
                                        call_access
                                          primary
                                            IDENTIFIER (gcd)
                                        LEFT_PAREN (()
                                        arguments
                                          arguments
                                            expression
                                              assignment
                                                ternary
                                                  logic_or
                                                    logic_and
                                                      bitwise_or
                                                        bitwise_xor
                                                          bitwise_and
                                                            equality
                                                              comparison
                                                                shift
                                                                  term
                                                                    factor
                                                                      unary
                                                                        call_access
                                                                          primary
                                                                            INT_CONSTANT (12)
                                          COMMA (,)
                                          expression
                                            assignment
                                              ternary
                                                logic_or
                                                  logic_and
                                                    bitwise_or
                                                      bitwise_xor
                                                        bitwise_and
                                                          equality
                                                            comparison
                                                              shift
                                                                term
                                                                  factor
                                                                    unary
                                                                      call_access
                                                                        primary
                                                                          INT_CONSTANT (20)
                                        RIGHT_PAREN ())
          SEMI_COLON (;)
