 var_type -> INT
 typedVar -> IDENTIFIER COLON var_type
 parameters -> typedVar
 var_type -> NULL
 var_type -> INT
 primary -> INT_CONSTANT
 call_access -> primary
 unary -> call_access
 factor -> unary
 term -> factor
 shift -> term
 comparison -> shift
 equality -> comparison
 bitwise_and -> equality
 bitwise_xor -> bitwise_and
 bitwise_or -> bitwise_xor
 logic_and -> bitwise_or
 logic_or -> logic_and
 ternary -> logic_or
 assignment -> ternary
 expression -> assignment
 varDecl -> VAR var_type IDENTIFIER EQ expression SEMI_COLON
 forInit -> varDecl
 primary -> IDENTIFIER
 call_access -> primary
 unary -> call_access
 factor -> unary
 term -> factor
 shift -> term
 comparison -> shift
 primary -> IDENTIFIER
 call_access -> primary
 unary -> call_access
 factor -> unary
 term -> factor
 shift -> term
 comparison -> comparison LESS_EQ shift
 equality -> comparison
 bitwise_and -> equality
 bitwise_xor -> bitwise_and
 bitwise_or -> bitwise_xor
 logic_and -> bitwise_or
 logic_or -> logic_and
 ternary -> logic_or
 assignment -> ternary
 expression -> assignment
 optExpr -> expression
 primary -> IDENTIFIER
 call_access -> primary
 call_access -> call_access PLUS_PLUS
 unary -> call_access
 factor -> unary
 term -> factor
 shift -> term
 comparison -> shift
 equality -> comparison
 bitwise_and -> equality
 bitwise_xor -> bitwise_and
 bitwise_or -> bitwise_xor
 logic_and -> bitwise_or
 logic_or -> logic_and
 ternary -> logic_or
 assignment -> ternary
 expression -> assignment
 optExpr -> expression
 primary -> IDENTIFIER
 call_access -> primary
 unary -> call_access
 factor -> unary
 primary -> INT_CONSTANT
 call_access -> primary
 unary -> call_access
 factor -> factor PERC unary
 term -> factor
 shift -> term
 comparison -> shift
 equality -> comparison
 primary -> INT_CONSTANT
 call_access -> primary
 unary -> call_access
 factor -> unary
 term -> factor
 shift -> term
 comparison -> shift
 equality -> equality EQ_EQ comparison
 bitwise_and -> equality
 bitwise_xor -> bitwise_and
 bitwise_or -> bitwise_xor
 logic_and -> bitwise_or
 logic_or -> logic_and
 ternary -> logic_or
 assignment -> ternary
 expression -> assignment
 primary -> STRING_CONSTANT
 call_access -> primary
 unary -> call_access
 factor -> unary
 term -> factor
 shift -> term
 comparison -> shift
 equality -> comparison
 bitwise_and -> equality
 bitwise_xor -> bitwise_and
 bitwise_or -> bitwise_xor
 logic_and -> bitwise_or
 logic_or -> logic_and
 ternary -> logic_or
 assignment -> ternary
 expression -> assignment
 echoStmt -> ECH expression SEMI_COLON
 statement -> echoStmt
 declaration -> statement
 decList -> declaration
 block -> LEFT_BRACE decList RIGHT_BRACE
 statement -> block
 primary -> IDENTIFIER
 call_access -> primary
 unary -> call_access
 factor -> unary
 primary -> INT_CONSTANT
 call_access -> primary
 unary -> call_access
 factor -> factor PERC unary
 term -> factor
 shift -> term
 comparison -> shift
 equality -> comparison
 primary -> INT_CONSTANT
 call_access -> primary
 unary -> call_access
 factor -> unary
 term -> factor
 shift -> term
 comparison -> shift
 equality -> equality EQ_EQ comparison
 bitwise_and -> equality
 bitwise_xor -> bitwise_and
 bitwise_or -> bitwise_xor
 logic_and -> bitwise_or
 logic_or -> logic_and
 ternary -> logic_or
 assignment -> ternary
 expression -> assignment
 primary -> STRING_CONSTANT
 call_access -> primary
 unary -> call_access
 factor -> unary
 term -> factor
 shift -> term
 comparison -> shift
 equality -> comparison
 bitwise_and -> equality
 bitwise_xor -> bitwise_and
 bitwise_or -> bitwise_xor
 logic_and -> bitwise_or
 logic_or -> logic_and
 ternary -> logic_or
 assignment -> ternary
 expression -> assignment
 echoStmt -> ECH expression SEMI_COLON
 statement -> echoStmt
 declaration -> statement
 decList -> declaration
 block -> LEFT_BRACE decList RIGHT_BRACE
 statement -> block
 primary -> IDENTIFIER
 call_access -> primary
 unary -> call_access
 factor -> unary
 primary -> INT_CONSTANT
 call_access -> primary
 unary -> call_access
 factor -> factor PERC unary
 term -> factor
 shift -> term
 comparison -> shift
 equality -> comparison
 primary -> INT_CONSTANT
 call_access -> primary
 unary -> call_access
 factor -> unary
 term -> factor
 shift -> term
 comparison -> shift
 equality -> equality EQ_EQ comparison
 bitwise_and -> equality
 bitwise_xor -> bitwise_and
 bitwise_or -> bitwise_xor
 logic_and -> bitwise_or
 logic_or -> logic_and
 ternary -> logic_or
 assignment -> ternary
 expression -> assignment
 primary -> STRING_CONSTANT
 call_access -> primary
 unary -> call_access
 factor -> unary
 term -> factor
 shift -> term
 comparison -> shift
 equality -> comparison
 bitwise_and -> equality
 bitwise_xor -> bitwise_and
 bitwise_or -> bitwise_xor
 logic_and -> bitwise_or
 logic_or -> logic_and
 ternary -> logic_or
 assignment -> ternary
 expression -> assignment
 echoStmt -> ECH expression SEMI_COLON
 statement -> echoStmt
 declaration -> statement
 decList -> declaration
 block -> LEFT_BRACE decList RIGHT_BRACE
 statement -> block
 primary -> IDENTIFIER
 call_access -> primary
 unary -> call_access
 factor -> unary
 term -> factor
 shift -> term
 comparison -> shift
 equality -> comparison
 bitwise_and -> equality
 bitwise_xor -> bitwise_and
 bitwise_or -> bitwise_xor
 logic_and -> bitwise_or
 logic_or -> logic_and
 ternary -> logic_or
 assignment -> ternary
 expression -> assignment
 echoStmt -> ECH expression SEMI_COLON
 statement -> echoStmt
 declaration -> statement
 decList -> declaration
 block -> LEFT_BRACE decList RIGHT_BRACE
 statement -> block
 ifStmt -> IF LEFT_PAREN expression RIGHT_PAREN statement ELSE statement
 statement -> ifStmt
 ifStmt -> IF LEFT_PAREN expression RIGHT_PAREN statement ELSE statement
 statement -> ifStmt
 ifStmt -> IF LEFT_PAREN expression RIGHT_PAREN statement ELSE statement
 statement -> ifStmt
 declaration -> statement
 decList -> declaration
 block -> LEFT_BRACE decList RIGHT_BRACE
 statement -> block
 forStmt -> FOR LEFT_PAREN forInit optExpr SEMI_COLON optExpr RIGHT_PAREN statement
 statement -> forStmt
 declaration -> statement
 decList -> declaration
 block -> LEFT_BRACE decList RIGHT_BRACE
 function -> LEFT_PAREN parameters RIGHT_PAREN ARROW var_type block
 funDecl -> FUN IDENTIFIER function
 declaration -> funDecl
 decList -> declaration
 primary -> IDENTIFIER
 call_access -> primary
 primary -> INT_CONSTANT
 call_access -> primary
 unary -> call_access
 factor -> unary
 term -> factor
 shift -> term
 comparison -> shift
 equality -> comparison
 bitwise_and -> equality
 bitwise_xor -> bitwise_and
 bitwise_or -> bitwise_xor
 logic_and -> bitwise_or
 logic_or -> logic_and
 ternary -> logic_or
 assignment -> ternary
 expression -> assignment
 arguments -> expression
 call_access -> call_access LEFT_PAREN arguments RIGHT_PAREN
 unary -> call_access
 factor -> unary
 term -> factor
 shift -> term
 comparison -> shift
 equality -> comparison
 bitwise_and -> equality
 bitwise_xor -> bitwise_and
 bitwise_or -> bitwise_xor
 logic_and -> bitwise_or
 logic_or -> logic_and
 ternary -> logic_or
 assignment -> ternary
 expression -> assignment
 exprStmt -> expression SEMI_COLON
 statement -> exprStmt
 declaration -> statement
 decList -> decList declaration
 program -> decList

Parsed successfully.

=== VISUAL DERIVATION TREE (Parse Tree) ===
program
  decList
    decList
      declaration
        funDecl
          FUN (fun)
          IDENTIFIER (fizzbuzz)
          function
            LEFT_PAREN (()
            parameters
              typedVar
                IDENTIFIER (n)
                COLON (:)
                var_type
                  INT (int)
            RIGHT_PAREN ())
            ARROW (->)
            var_type
              NULL (null)
            block
              LEFT_BRACE ({)
              decList
                declaration
                  statement
                    forStmt
                      FOR (for)
                      LEFT_PAREN (()
                      forInit
                        varDecl
                          VAR (var)
                          var_type
                            INT (int)
                          IDENTIFIER (i)
                          EQ (=)
                          expression
                            assignment
                              ternary
                                logic_or
                                  logic_and
                                    bitwise_or
                                      bitwise_xor
                                        bitwise_and
                                          equality
                                            comparison
                                              shift
                                                term
                                                  factor
                                                    unary
                                                      call_access
                                                        primary
                                                          INT_CONSTANT (1)
                          SEMI_COLON (;)
                      optExpr
                        expression
                          assignment
                            ternary
                              logic_or
                                logic_and
                                  bitwise_or
                                    bitwise_xor
                                      bitwise_and
                                        equality
                                          comparison
                                            comparison
                                              shift
                                                term
                                                  factor
                                                    unary
                                                      call_access
                                                        primary
                                                          IDENTIFIER (i)
                                            LESS_EQ (<=)
                                            shift
                                              term
                                                factor
                                                  unary
                                                    call_access
                                                      primary
                                                        IDENTIFIER (n)
                      SEMI_COLON (;)
                      optExpr
                        expression
                          assignment
                            ternary
                              logic_or
                                logic_and
                                  bitwise_or
                                    bitwise_xor
                                      bitwise_and
                                        equality
                                          comparison
                                            shift
                                              term
                                                factor
                                                  unary
                                                    call_access
                                                      call_access
                                                        primary
                                                          IDENTIFIER (i)
                                                      PLUS_PLUS (++)
                      RIGHT_PAREN ())
                      statement
                        block
                          LEFT_BRACE ({)
                          decList
                            declaration
                              statement
                                ifStmt
                                  IF (if)
                                  LEFT_PAREN (()
                                  expression
                                    assignment
                                      ternary
                                        logic_or
                                          logic_and
                                            bitwise_or
                                              bitwise_xor
                                                bitwise_and
                                                  equality
                                                    equality
                                                      comparison
                                                        shift
                                                          term
                                                            factor
                                                              factor
                                                                unary
                                                                  call_access
                                                                    primary
                                                                      IDENTIFIER (i)
                                                              PERC (%)
                                                              unary
                                                                call_access
                                                                  primary
                                                                    INT_CONSTANT (15)
                                                    EQ_EQ (==)
                                                    comparison
                                                      shift
                                                        term
                                                          factor
                                                            unary
                                                              call_access
                                                                primary
                                                                  INT_CONSTANT (0)
                                  RIGHT_PAREN ())
                                  statement
                                    block
                                      LEFT_BRACE ({)
                                      decList
                                        declaration
                                          statement
                                            echoStmt
                                              ECH (echo)
                                              expression
                                                assignment
                                                  ternary
                                                    logic_or
                                                      logic_and
                                                        bitwise_or
                                                          bitwise_xor
                                                            bitwise_and
                                                              equality
                                                                comparison
                                                                  shift
                                                                    term
                                                                      factor
                                                                        unary
                                                                          call_access
                                                                            primary
                                                                              STRING_CONSTANT (FizzBuzz)
                                              SEMI_COLON (;)
                                      RIGHT_BRACE (})
                                  ELSE (else)
                                  statement
                                    ifStmt
                                      IF (if)
                                      LEFT_PAREN (()
                                      expression
                                        assignment
                                          ternary
                                            logic_or
                                              logic_and
                                                bitwise_or
                                                  bitwise_xor
                                                    bitwise_and
                                                      equality
                                                        equality
                                                          comparison
                                                            shift
                                                              term
                                                                factor
                                                                  factor
                                                                    unary
                                                                      call_access
                                                                        primary
                                                                          IDENTIFIER (i)
                                                                  PERC (%)
                                                                  unary
                                                                    call_access
                                                                      primary
                                                                        INT_CONSTANT (3)
                                                        EQ_EQ (==)
                                                        comparison
                                                          shift
                                                            term
                                                              factor
                                                                unary
                                                                  call_access
                                                                    primary
                                                                      INT_CONSTANT (0)
                                      RIGHT_PAREN ())
                                      statement
                                        block
                                          LEFT_BRACE ({)
                                          decList
                                            declaration
                                              statement
                                                echoStmt
                                                  ECH (echo)
                                                  expression
                                                    assignment
                                                      ternary
                                                        logic_or
                                                          logic_and
                                                            bitwise_or
                                                              bitwise_xor
                                                                bitwise_and
                                                                  equality
                                                                    comparison
                                                                      shift
                                                                        term
                                                                          factor
                                                                            unary
                                                                              call_access
                                                                                primary
                                                                                  STRING_CONSTANT (Fizz)
                                                  SEMI_COLON (;)
                                          RIGHT_BRACE (})
                                      ELSE (else)
                                      statement
                                        ifStmt
                                          IF (if)
                                          LEFT_PAREN (()
                                          expression
                                            assignment
                                              ternary
                                                logic_or
                                                  logic_and
                                                    bitwise_or
                                                      bitwise_xor
                                                        bitwise_and
                                                          equality
                                                            equality
                                                              comparison
                                                                shift
                                                                  term
                                                                    factor
                                                                      factor
                                                                        unary
                                                                          call_access
                                                                            primary
                                                                              IDENTIFIER (i)
                                                                      PERC (%)
                                                                      unary
                                                                        call_access
                                                                          primary
                                                                            INT_CONSTANT (5)
                                                            EQ_EQ (==)
                                                            comparison
                                                              shift
                                                                term
                                                                  factor
                                                                    unary
                                                                      call_access
                                                                        primary
                                                                          INT_CONSTANT (0)
                                          RIGHT_PAREN ())
                                          statement
                                            block
                                              LEFT_BRACE ({)
                                              decList
                                                declaration
                                                  statement
                                                    echoStmt
                                                      ECH (echo)
                                                      expression
                                                        assignment
                                                          ternary
                                                            logic_or
                                                              logic_and
                                                                bitwise_or
                                                                  bitwise_xor
                                                                    bitwise_and
                                                                      equality
                                                                        comparison
                                                                          shift
                                                                            term
                                                                              factor
                                                                                unary
                                                                                  call_access
                                                                                    primary
                                                                                      STRING_CONSTANT (Buzz)
                                                      SEMI_COLON (;)
                                              RIGHT_BRACE (})
                                          ELSE (else)
                                          statement
                                            block
                                              LEFT_BRACE ({)
                                              decList
                                                declaration
                                                  statement
                                                    echoStmt
                                                      ECH (echo)
                                                      expression
                                                        assignment
                                                          ternary
                                                            logic_or
                                                              logic_and
                                                                bitwise_or
                                                                  bitwise_xor
                                                                    bitwise_and
                                                                      equality
                                                                        comparison
                                                                          shift
                                                                            term
                                                                              factor
                                                                                unary
                                                                                  call_access
                                                                                    primary
                                                                                      IDENTIFIER (i)
                                                      SEMI_COLON (;)
                                              RIGHT_BRACE (})
                          RIGHT_BRACE (})
              RIGHT_BRACE (})
    declaration
      statement
        exprStmt
          expression
            assignment
              ternary
                logic_or
                  logic_and
                    bitwise_or
                      bitwise_xor
                        bitwise_and
                          equality
                            comparison
                              shift
                                term
                                  factor
                                    unary
                                      call_access
                                        call_access
                                          primary
                                            IDENTIFIER (fizzbuzz)
                                        LEFT_PAREN (()
                                        arguments
                                          expression
                                            assignment
                                              ternary
                                                logic_or
                                                  logic_and
                                                    bitwise_or
                                                      bitwise_xor
                                                        bitwise_and
                                                          equality
                                                            comparison
                                                              shift
                                                                term
                                                                  factor
                                                                    unary
                                                                      call_access
                                                                        primary
                                                                          INT_CONSTANT (15)
                                        RIGHT_PAREN ())
          SEMI_COLON (;)
