 var_type -> FLOAT
 primary -> INT_CONSTANT
 call_access -> primary
 unary -> call_access
 factor -> unary
 term -> factor
 shift -> term
 comparison -> shift
 equality -> comparison
 bitwise_and -> equality
 bitwise_xor -> bitwise_and
 bitwise_or -> bitwise_xor
 logic_and -> bitwise_or
 logic_or -> logic_and
 ternary -> logic_or
 assignment -> ternary
 expression -> assignment
 varDecl -> VAR var_type IDENTIFIER EQ expression SEMI_COLON
 declaration -> varDecl
 decList -> declaration
 var_type -> FLOAT
 primary -> IDENTIFIER
 call_access -> primary
 unary -> call_access
 factor -> unary
 term -> factor
 shift -> term
 comparison -> shift
 equality -> comparison
 primary -> INT_CONSTANT
 call_access -> primary
 unary -> call_access
 factor -> unary
 term -> factor
 shift -> term
 comparison -> shift
 equality -> equality EQ_EQ comparison
 bitwise_and -> equality
 bitwise_xor -> bitwise_and
 bitwise_or -> bitwise_xor
 logic_and -> bitwise_or
 logic_or -> logic_and
 ternary -> logic_or
 assignment -> ternary
 expression -> assignment
 primary -> LEFT_PAREN expression RIGHT_PAREN
 call_access -> primary
 unary -> call_access
 factor -> unary
 term -> factor
 shift -> term
 comparison -> shift
 equality -> comparison
 bitwise_and -> equality
 bitwise_xor -> bitwise_and
 bitwise_or -> bitwise_xor
 logic_and -> bitwise_or
 logic_or -> logic_and
 primary -> INT_CONSTANT
 call_access -> primary
 unary -> call_access
 factor -> unary
 term -> factor
 shift -> term
 comparison -> shift
 equality -> comparison
 bitwise_and -> equality
 bitwise_xor -> bitwise_and
 bitwise_or -> bitwise_xor
 logic_and -> bitwise_or
 logic_or -> logic_and
 ternary -> logic_or
 assignment -> ternary
 primary -> FLOAT_CONSTANT
 call_access -> primary
 unary -> call_access
 factor -> unary
 term -> factor
 shift -> term
 comparison -> shift
 equality -> comparison
 bitwise_and -> equality
 bitwise_xor -> bitwise_and
 bitwise_or -> bitwise_xor
 logic_and -> bitwise_or
 logic_or -> logic_and
 ternary -> logic_or
 assignment -> ternary
 ternary -> logic_or QUESTION_MARK assignment COLON assignment
 assignment -> ternary
 expression -> assignment
 varDecl -> VAR var_type IDENTIFIER EQ expression SEMI_COLON
 declaration -> varDecl
 decList -> decList declaration
 var_type -> INT
 primary -> INT_CONSTANT
 call_access -> primary
 unary -> call_access
 factor -> unary
 term -> factor
 shift -> term
 comparison -> shift
 equality -> comparison
 bitwise_and -> equality
 bitwise_xor -> bitwise_and
 bitwise_or -> bitwise_xor
 logic_and -> bitwise_or
 logic_or -> logic_and
 ternary -> logic_or
 assignment -> ternary
 expression -> assignment
 varDecl -> VAR var_type IDENTIFIER EQ expression SEMI_COLON
 declaration -> varDecl
 decList -> decList declaration
 primary -> IDENTIFIER
 call_access -> primary
 primary -> IDENTIFIER
 call_access -> primary
 unary -> call_access
 factor -> unary
 term -> factor
 primary -> IDENTIFIER
 call_access -> primary
 unary -> call_access
 factor -> unary
 term -> term PLUS factor
 shift -> term
 comparison -> shift
 equality -> comparison
 bitwise_and -> equality
 bitwise_xor -> bitwise_and
 bitwise_or -> bitwise_xor
 logic_and -> bitwise_or
 logic_or -> logic_and
 ternary -> logic_or
 assignment -> ternary
 assignment -> call_access EQ assignment
 expression -> assignment
 exprStmt -> expression SEMI_COLON
 statement -> exprStmt
 declaration -> statement
 decList -> decList declaration
 program -> decList

Parsed successfully.

=== VISUAL DERIVATION TREE (Parse Tree) ===
program
  decList
    decList
      decList
        decList
          declaration
            varDecl
              VAR (var)
              var_type
                FLOAT (float)
              IDENTIFIER (x)
              EQ (=)
              expression
                assignment
                  ternary
                    logic_or
                      logic_and
                        bitwise_or
                          bitwise_xor
                            bitwise_and
                              equality
                                comparison
                                  shift
                                    term
                                      factor
                                        unary
                                          call_access
                                            primary
                                              INT_CONSTANT (10)
              SEMI_COLON (;)
        declaration
          varDecl
            VAR (var)
            var_type
              FLOAT (float)
            IDENTIFIER (y)
            EQ (=)
            expression
              assignment
                ternary
                  logic_or
                    logic_and
                      bitwise_or
                        bitwise_xor
                          bitwise_and
                            equality
                              comparison
                                shift
                                  term
                                    factor
                                      unary
                                        call_access
                                          primary
                                            LEFT_PAREN (()
                                            expression
                                              assignment
                                                ternary
                                                  logic_or
                                                    logic_and
                                                      bitwise_or
                                                        bitwise_xor
                                                          bitwise_and
                                                            equality
                                                              equality
                                                                comparison
                                                                  shift
                                                                    term
                                                                      factor
                                                                        unary
                                                                          call_access
                                                                            primary
                                                                              IDENTIFIER (x)
                                                              EQ_EQ (==)
                                                              comparison
                                                                shift
                                                                  term
                                                                    factor
                                                                      unary
                                                                        call_access
                                                                          primary
                                                                            INT_CONSTANT (10)
                                            RIGHT_PAREN ())
                  QUESTION_MARK (?)
                  assignment
                    ternary
                      logic_or
                        logic_and
                          bitwise_or
                            bitwise_xor
                              bitwise_and
                                equality
                                  comparison
                                    shift
                                      term
                                        factor
                                          unary
                                            call_access
                                              primary
                                                INT_CONSTANT (5)
                  COLON (:)
                  assignment
                    ternary
                      logic_or
                        logic_and
                          bitwise_or
                            bitwise_xor
                              bitwise_and
                                equality
                                  comparison
                                    shift
                                      term
                                        factor
                                          unary
                                            call_access
                                              primary
                                                FLOAT_CONSTANT (10.500000)
            SEMI_COLON (;)
      declaration
        varDecl
          VAR (var)
          var_type
            INT (int)
          IDENTIFIER (z)
          EQ (=)
          expression
            assignment
              ternary
                logic_or
                  logic_and
                    bitwise_or
                      bitwise_xor
                        bitwise_and
                          equality
                            comparison
                              shift
                                term
                                  factor
                                    unary
                                      call_access
                                        primary
                                          INT_CONSTANT (10)
          SEMI_COLON (;)
    declaration
      statement
        exprStmt
          expression
            assignment
              call_access
                primary
                  IDENTIFIER (y)
              EQ (=)
              assignment
                ternary
                  logic_or
                    logic_and
                      bitwise_or
                        bitwise_xor
                          bitwise_and
                            equality
                              comparison
                                shift
                                  term
                                    term
                                      factor
                                        unary
                                          call_access
                                            primary
                                              IDENTIFIER (y)
                                    PLUS (+)
                                    factor
                                      unary
                                        call_access
                                          primary
                                            IDENTIFIER (z)
          SEMI_COLON (;)
