 primary -> STRING_CONSTANT
 call_access -> primary
 unary -> call_access
 factor -> unary
 term -> factor
 shift -> term
 comparison -> shift
 equality -> comparison
 bitwise_and -> equality
 bitwise_xor -> bitwise_and
 bitwise_or -> bitwise_xor
 logic_and -> bitwise_or
 logic_or -> logic_and
 ternary -> logic_or
 assignment -> ternary
 expression -> assignment
 echoStmt -> ECH expression SEMI_COLON
 statement -> echoStmt
 declaration -> statement
 decList -> declaration
 primary -> INT_CONSTANT
 call_access -> primary
 unary -> call_access
 factor -> unary
 term -> factor
 primary -> INT_CONSTANT
 call_access -> primary
 unary -> call_access
 factor -> unary
 term -> term PLUS factor
 shift -> term
 comparison -> shift
 equality -> comparison
 bitwise_and -> equality
 bitwise_xor -> bitwise_and
 bitwise_or -> bitwise_xor
 logic_and -> bitwise_or
 logic_or -> logic_and
 ternary -> logic_or
 assignment -> ternary
 expression -> assignment
 exprStmt -> expression SEMI_COLON
 statement -> exprStmt
 declaration -> statement
 decList -> decList declaration
 primary -> BOOL_CONSTANT
 call_access -> primary
 unary -> call_access
 factor -> unary
 term -> factor
 shift -> term
 comparison -> shift
 equality -> comparison
 bitwise_and -> equality
 bitwise_xor -> bitwise_and
 bitwise_or -> bitwise_xor
 logic_and -> bitwise_or
 logic_or -> logic_and
 ternary -> logic_or
 assignment -> ternary
 expression -> assignment
 block -> LEFT_BRACE RIGHT_BRACE
 statement -> block
 ifStmt -> IF LEFT_PAREN expression RIGHT_PAREN statement
 statement -> ifStmt
 declaration -> statement
 decList -> decList declaration
 primary -> BOOL_CONSTANT
 call_access -> primary
 unary -> call_access
 factor -> unary
 term -> factor
 shift -> term
 comparison -> shift
 equality -> comparison
 bitwise_and -> equality
 bitwise_xor -> bitwise_and
 bitwise_or -> bitwise_xor
 logic_and -> bitwise_or
 logic_or -> logic_and
 ternary -> logic_or
 assignment -> ternary
 expression -> assignment
 breakStmt -> BREAK SEMI_COLON
 statement -> breakStmt
 declaration -> statement
 decList -> declaration
 block -> LEFT_BRACE decList RIGHT_BRACE
 statement -> block
 whileStmt -> WHILE LEFT_PAREN expression RIGHT_PAREN statement
 statement -> whileStmt
 declaration -> statement
 decList -> decList declaration
 continueStmt -> CONTINUE SEMI_COLON
 statement -> continueStmt
 declaration -> statement
 decList -> declaration
 block -> LEFT_BRACE decList RIGHT_BRACE
 statement -> block
 primary -> BOOL_CONSTANT
 call_access -> primary
 unary -> call_access
 factor -> unary
 term -> factor
 shift -> term
 comparison -> shift
 equality -> comparison
 bitwise_and -> equality
 bitwise_xor -> bitwise_and
 bitwise_or -> bitwise_xor
 logic_and -> bitwise_or
 logic_or -> logic_and
 ternary -> logic_or
 assignment -> ternary
 expression -> assignment
 dowhileStmt -> DO statement WHILE LEFT_PAREN expression RIGHT_PAREN SEMI_COLON
 statement -> dowhileStmt
 declaration -> statement
 decList -> decList declaration
 primary -> BOOL_CONSTANT
 call_access -> primary
 unary -> call_access
 factor -> unary
 term -> factor
 shift -> term
 comparison -> shift
 equality -> comparison
 bitwise_and -> equality
 bitwise_xor -> bitwise_and
 bitwise_or -> bitwise_xor
 logic_and -> bitwise_or
 logic_or -> logic_and
 ternary -> logic_or
 assignment -> ternary
 expression -> assignment
 block -> LEFT_BRACE RIGHT_BRACE
 statement -> block
 ifStmt -> IF LEFT_PAREN expression RIGHT_PAREN statement
 statement -> ifStmt
 declaration -> statement
 decList -> decList declaration
 primary -> BOOL_CONSTANT
 call_access -> primary
 unary -> call_access
 factor -> unary
 term -> factor
 shift -> term
 comparison -> shift
 equality -> comparison
 bitwise_and -> equality
 bitwise_xor -> bitwise_and
 bitwise_or -> bitwise_xor
 logic_and -> bitwise_or
 logic_or -> logic_and
 ternary -> logic_or
 assignment -> ternary
 expression -> assignment
 primary -> BOOL_CONSTANT
 call_access -> primary
 unary -> call_access
 factor -> unary
 term -> factor
 shift -> term
 comparison -> shift
 equality -> comparison
 bitwise_and -> equality
 bitwise_xor -> bitwise_and
 bitwise_or -> bitwise_xor
 logic_and -> bitwise_or
 logic_or -> logic_and
 ternary -> logic_or
 assignment -> ternary
 expression -> assignment
 breakStmt -> BREAK SEMI_COLON
 statement -> breakStmt
 whileStmt -> WHILE LEFT_PAREN expression RIGHT_PAREN statement
 statement -> whileStmt
 primary -> BOOL_CONSTANT
 call_access -> primary
 unary -> call_access
 factor -> unary
 term -> factor
 shift -> term
 comparison -> shift
 equality -> comparison
 bitwise_and -> equality
 bitwise_xor -> bitwise_and
 bitwise_or -> bitwise_xor
 logic_and -> bitwise_or
 logic_or -> logic_and
 ternary -> logic_or
 assignment -> ternary
 expression -> assignment
 block -> LEFT_BRACE RIGHT_BRACE
 statement -> block
 primary -> INT_CONSTANT
 call_access -> primary
 unary -> call_access
 factor -> unary
 term -> factor
 primary -> INT_CONSTANT
 call_access -> primary
 unary -> call_access
 factor -> unary
 term -> term PLUS factor
 shift -> term
 comparison -> shift
 equality -> comparison
 bitwise_and -> equality
 bitwise_xor -> bitwise_and
 bitwise_or -> bitwise_xor
 logic_and -> bitwise_or
 logic_or -> logic_and
 ternary -> logic_or
 assignment -> ternary
 expression -> assignment
 exprStmt -> expression SEMI_COLON
 statement -> exprStmt
 ifStmt -> IF LEFT_PAREN expression RIGHT_PAREN statement ELSE statement
 statement -> ifStmt
 ifStmt -> IF LEFT_PAREN expression RIGHT_PAREN statement ELSE statement
 statement -> ifStmt
 declaration -> statement
 decList -> decList declaration
 var_type -> INT
 typedVar -> IDENTIFIER COLON var_type
 parameters -> typedVar
 var_type -> INT
 typedVar -> IDENTIFIER COLON var_type
 parameters -> parameters COMMA typedVar
 var_type -> INT
 primary -> IDENTIFIER
 call_access -> primary
 unary -> call_access
 factor -> unary
 term -> factor
 primary -> IDENTIFIER
 call_access -> primary
 unary -> call_access
 factor -> unary
 term -> term PLUS factor
 shift -> term
 comparison -> shift
 equality -> comparison
 bitwise_and -> equality
 bitwise_xor -> bitwise_and
 bitwise_or -> bitwise_xor
 logic_and -> bitwise_or
 logic_or -> logic_and
 ternary -> logic_or
 assignment -> ternary
 expression -> assignment
 returnStmt -> RET expression SEMI_COLON
 statement -> returnStmt
 declaration -> statement
 decList -> declaration
 block -> LEFT_BRACE decList RIGHT_BRACE
 function -> LEFT_PAREN parameters RIGHT_PAREN ARROW var_type block
 funDecl -> FUN IDENTIFIER function
 declaration -> funDecl
 decList -> decList declaration
 program -> decList

Parsed successfully.

=== VISUAL DERIVATION TREE (Parse Tree) ===
program
  decList
    decList
      decList
        decList
          decList
            decList
              decList
                decList
                  declaration
                    statement
                      echoStmt
                        ECH (echo)
                        expression
                          assignment
                            ternary
                              logic_or
                                logic_and
                                  bitwise_or
                                    bitwise_xor
                                      bitwise_and
                                        equality
                                          comparison
                                            shift
                                              term
                                                factor
                                                  unary
                                                    call_access
                                                      primary
                                                        STRING_CONSTANT (Hello!)
                        SEMI_COLON (;)
                declaration
                  statement
                    exprStmt
                      expression
                        assignment
                          ternary
                            logic_or
                              logic_and
                                bitwise_or
                                  bitwise_xor
                                    bitwise_and
                                      equality
                                        comparison
                                          shift
                                            term
                                              term
                                                factor
                                                  unary
                                                    call_access
                                                      primary
                                                        INT_CONSTANT (1)
                                              PLUS (+)
                                              factor
                                                unary
                                                  call_access
                                                    primary
                                                      INT_CONSTANT (2)
                      SEMI_COLON (;)
              declaration
                statement
                  ifStmt
                    IF (if)
                    LEFT_PAREN (()
                    expression
                      assignment
                        ternary
                          logic_or
                            logic_and
                              bitwise_or
                                bitwise_xor
                                  bitwise_and
                                    equality
                                      comparison
                                        shift
                                          term
                                            factor
                                              unary
                                                call_access
                                                  primary
                                                    BOOL_CONSTANT (false)
                    RIGHT_PAREN ())
                    statement
                      block
                        LEFT_BRACE ({)
                        RIGHT_BRACE (})
            declaration
              statement
                whileStmt
                  WHILE (while)
                  LEFT_PAREN (()
                  expression
                    assignment
                      ternary
                        logic_or
                          logic_and
                            bitwise_or
                              bitwise_xor
                                bitwise_and
                                  equality
                                    comparison
                                      shift
                                        term
                                          factor
                                            unary
                                              call_access
                                                primary
                                                  BOOL_CONSTANT (false)
                  RIGHT_PAREN ())
                  statement
                    block
                      LEFT_BRACE ({)
                      decList
                        declaration
                          statement
                            breakStmt
                              BREAK (break)
                              SEMI_COLON (;)
                      RIGHT_BRACE (})
          declaration
            statement
              dowhileStmt
                DO (do)
                statement
                  block
                    LEFT_BRACE ({)
                    decList
                      declaration
                        statement
                          continueStmt
                            CONTINUE (continue)
                            SEMI_COLON (;)
                    RIGHT_BRACE (})
                WHILE (while)
                LEFT_PAREN (()
                expression
                  assignment
                    ternary
                      logic_or
                        logic_and
                          bitwise_or
                            bitwise_xor
                              bitwise_and
                                equality
                                  comparison
                                    shift
                                      term
                                        factor
                                          unary
                                            call_access
                                              primary
                                                BOOL_CONSTANT (false)
                RIGHT_PAREN ())
                SEMI_COLON (;)
        declaration
          statement
            ifStmt
              IF (if)
              LEFT_PAREN (()
              expression
                assignment
                  ternary
                    logic_or
                      logic_and
                        bitwise_or
                          bitwise_xor
                            bitwise_and
                              equality
                                comparison
                                  shift
                                    term
                                      factor
                                        unary
                                          call_access
                                            primary
                                              BOOL_CONSTANT (false)
              RIGHT_PAREN ())
              statement
                block
                  LEFT_BRACE ({)
                  RIGHT_BRACE (})
      declaration
        statement
          ifStmt
            IF (if)
            LEFT_PAREN (()
            expression
              assignment
                ternary
                  logic_or
                    logic_and
                      bitwise_or
                        bitwise_xor
                          bitwise_and
                            equality
                              comparison
                                shift
                                  term
                                    factor
                                      unary
                                        call_access
                                          primary
                                            BOOL_CONSTANT (true)
            RIGHT_PAREN ())
            statement
              whileStmt
                WHILE (while)
                LEFT_PAREN (()
                expression
                  assignment
                    ternary
                      logic_or
                        logic_and
                          bitwise_or
                            bitwise_xor
                              bitwise_and
                                equality
                                  comparison
                                    shift
                                      term
                                        factor
                                          unary
                                            call_access
                                              primary
                                                BOOL_CONSTANT (true)
                RIGHT_PAREN ())
                statement
                  breakStmt
                    BREAK (break)
                    SEMI_COLON (;)
            ELSE (else)
            statement
              ifStmt
                IF (if)
                LEFT_PAREN (()
                expression
                  assignment
                    ternary
                      logic_or
                        logic_and
                          bitwise_or
                            bitwise_xor
                              bitwise_and
                                equality
                                  comparison
                                    shift
                                      term
                                        factor
                                          unary
                                            call_access
                                              primary
                                                BOOL_CONSTANT (false)
                RIGHT_PAREN ())
                statement
                  block
                    LEFT_BRACE ({)
                    RIGHT_BRACE (})
                ELSE (else)
                statement
                  exprStmt
                    expression
                      assignment
                        ternary
                          logic_or
                            logic_and
                              bitwise_or
                                bitwise_xor
                                  bitwise_and
                                    equality
                                      comparison
                                        shift
                                          term
                                            term
                                              factor
                                                unary
                                                  call_access
                                                    primary
                                                      INT_CONSTANT (1)
                                            PLUS (+)
                                            factor
                                              unary
                                                call_access
                                                  primary
                                                    INT_CONSTANT (2)
                    SEMI_COLON (;)
    declaration
      funDecl
        FUN (fun)
        IDENTIFIER (add)
        function
          LEFT_PAREN (()
          parameters
            parameters
              typedVar
                IDENTIFIER (a)
                COLON (:)
                var_type
                  INT (int)
            COMMA (,)
            typedVar
              IDENTIFIER (b)
              COLON (:)
              var_type
                INT (int)
          RIGHT_PAREN ())
          ARROW (->)
          var_type
            INT (int)
          block
            LEFT_BRACE ({)
            decList
              declaration
                statement
                  returnStmt
                    RET (ret)
                    expression
                      assignment
                        ternary
                          logic_or
                            logic_and
                              bitwise_or
                                bitwise_xor
                                  bitwise_and
                                    equality
                                      comparison
                                        shift
                                          term
                                            term
                                              factor
                                                unary
                                                  call_access
                                                    primary
                                                      IDENTIFIER (a)
                                            PLUS (+)
                                            factor
                                              unary
                                                call_access
                                                  primary
                                                    IDENTIFIER (b)
                    SEMI_COLON (;)
            RIGHT_BRACE (})
