FUN
IDENTIFIER: gcd
LEFT_PAREN
IDENTIFIER: a
COLON
INT
COMMA
IDENTIFIER: b
COLON
INT
RIGHT_PAREN
ARROW
INT
LEFT_BRACE
WHILE
LEFT_PAREN
IDENTIFIER: b
BANG_EQ
INT_CONSTANT: 0
RIGHT_PAREN
LEFT_BRACE
VAR
INT
IDENTIFIER: temp
EQ
IDENTIFIER: b
SEMI_COLON
IDENTIFIER: b
EQ
IDENTIFIER: a
PERC
IDENTIFIER: b
SEMI_COLON
IDENTIFIER: a
EQ
IDENTIFIER: temp
SEMI_COLON
RIGHT_BRACE
RET
IDENTIFIER: a
SEMI_COLON
RIGHT_BRACE
ECHO
IDENTIFIER: gcd
LEFT_PAREN
INT_CONSTANT: 12
COMMA
INT_CONSTANT: 20
RIGHT_PAREN
SEMI_COLON
