FUN
IDENTIFIER: isPalindrome
LEFT_PAREN
IDENTIFIER: n
COLON
INT
RIGHT_PAREN
ARROW
BOOLEAN
LEFT_BRACE
VAR
INT
IDENTIFIER: org
EQ
IDENTIFIER: n
SEMI_COLON
VAR
INT
IDENTIFIER: rev
EQ
INT_CONSTANT: 0
SEMI_COLON
WHILE
LEFT_PAREN
IDENTIFIER: n
GREATER
INT_CONSTANT: 0
RIGHT_PAREN
LEFT_BRACE
VAR
INT
IDENTIFIER: d
EQ
IDENTIFIER: n
PERC
INT_CONSTANT: 10
SEMI_COLON
IDENTIFIER: rev
EQ
LEFT_PAREN
IDENTIFIER: rev
STAR
INT_CONSTANT: 10
RIGHT_PAREN
PLUS
IDENTIFIER: d
SEMI_COLON
IDENTIFIER: n
EQ
IDENTIFIER: n
SLASH
INT_CONSTANT: 10
SEMI_COLON
RIGHT_BRACE
RET
IDENTIFIER: org
EQ_EQ
IDENTIFIER: rev
SEMI_COLON
RIGHT_BRACE
ECHO
IDENTIFIER: isPalindrome
LEFT_PAREN
INT_CONSTANT: 121
RIGHT_PAREN
SEMI_COLON
ECHO
IDENTIFIER: isPalindrome
LEFT_PAREN
INT_CONSTANT: 123
RIGHT_PAREN
SEMI_COLON
