Parsed OK
IR
+------+----------------+----------------------------------+----------------------------------+----------------------------------+
| idx  | opcode         | arg1                             | arg2                             | res                              |
+------+----------------+----------------------------------+----------------------------------+----------------------------------+
| 0000 | FUNC           | _sym1                            | 2                                | dyn                              |
| 0001 | FUNC_PARAM     | _sym1                            | 0:_sym2                          | dyn                              |
| 0002 | FUNC_PARAM     | _sym1                            | 1:_sym3                          | int                              |
| 0003 | =              | 0                                | _                                | _sym4                            |
| 0004 | LABEL          | _                                | _                                | _L0                              |
| 0005 | -              | _sym3                            | 1                                | t3                               |
| 0006 | <              | _sym4                            | t3                               | t2                               |
| 0007 | IF_FALSE       | t2                               | _L2                              | _                                |
| 0008 | =              | 0                                | _                                | _sym5                            |
| 0009 | LABEL          | _                                | _                                | _L3                              |
| 0010 | -              | _sym3                            | 1                                | t5                               |
| 0011 | <              | _sym5                            | t5                               | t4                               |
| 0012 | IF_FALSE       | t4                               | _L5                              | _                                |
| 0013 | INDEX_ACCESS   | _sym2                            | _sym5                            | t7                               |
| 0014 | +              | _sym5                            | 1                                | t9                               |
| 0015 | INDEX_ACCESS   | _sym2                            | t9                               | t8                               |
| 0016 | >              | t7                               | t8                               | t6                               |
| 0017 | IF_FALSE       | t6                               | _L6                              | _                                |
| 0018 | INDEX_ACCESS   | _sym2                            | _sym5                            | t10                              |
| 0019 | =              | t10                              | _                                | _sym6                            |
| 0020 | +              | _sym5                            | 1                                | t12                              |
| 0021 | INDEX_ACCESS   | _sym2                            | t12                              | t11                              |
| 0022 | STORE_INDEX    | _sym2                            | _sym5                            | t11                              |
| 0023 | +              | _sym5                            | 1                                | t13                              |
| 0024 | STORE_INDEX    | _sym2                            | t13                              | _sym6                            |
| 0025 | LABEL          | _                                | _                                | _L6                              |
| 0026 | LABEL          | _                                | _                                | _L4                              |
| 0027 | =              | _sym5                            | _                                | t14                              |
| 0028 | +              | _sym5                            | 1                                | t15                              |
| 0029 | =              | t15                              | _                                | _sym5                            |
| 0030 | GOTO           | _L3                              | _                                | _                                |
| 0031 | LABEL          | _                                | _                                | _L5                              |
| 0032 | LABEL          | _                                | _                                | _L1                              |
| 0033 | =              | _sym4                            | _                                | t16                              |
| 0034 | +              | _sym4                            | 1                                | t17                              |
| 0035 | =              | t17                              | _                                | _sym4                            |
| 0036 | GOTO           | _L0                              | _                                | _                                |
| 0037 | LABEL          | _                                | _                                | _L2                              |
| 0038 | RETURN         | _sym2                            | _                                | _                                |
| 0039 | ENDFUNC        | _                                | _                                | _                                |
| 0040 | LIST_ELEM      | 5                                | _                                | _                                |
| 0041 | LIST_ELEM      | 1                                | _                                | _                                |
| 0042 | LIST_ELEM      | 4                                | _                                | _                                |
| 0043 | LIST_ELEM      | 2                                | _                                | _                                |
| 0044 | LIST_ELEM      | 8                                | _                                | _                                |
| 0045 | LIST_LITERAL   | 5                                | _                                | t18                              |
| 0046 | =              | t18                              | _                                | _sym7                            |
| 0047 | PARAM          | _sym7                            | _                                | _                                |
| 0048 | PARAM          | 5                                | _                                | _                                |
| 0049 | CALL           | _sym1                            | 2                                | t19                              |
| 0050 | =              | t19                              | _                                | _sym7                            |
| 0051 | ECHO           | _sym7                            | _                                | _                                |
+------+----------------+----------------------------------+----------------------------------+----------------------------------+

--- Symbol Table (Debug) ---
+-------+----------------------------------+-------+--------------------------+
| Index | Name                             | Depth | Type                     |
+-------+----------------------------------+-------+--------------------------+
| _sym1 | bubbleSort                       | 0     | dyn                      |
| _sym2 | arr                              | 1     | dyn                      |
| _sym3 | n                                | 1     | int                      |
| _sym4 | i                                | 2     | int                      |
| _sym5 | j                                | 3     | int                      |
| _sym6 | temp                             | 4     | dyn                      |
| _sym7 | arr                              | 0     | list                     |
+-------+----------------------------------+-------+--------------------------+

--- Type Registry (Debug) ---
+------------------------------+----------------------------------------------------+
| Index | Type Name            | Members (Name : Type)                              |
+------------------------------+----------------------------------------------------+
+------------------------------+----------------------------------------------------+
