Parsed OK
IR
+------+----------------+----------------------------------+----------------------------------+----------------------------------+
| idx  | opcode         | arg1                             | arg2                             | res                              |
+------+----------------+----------------------------------+----------------------------------+----------------------------------+
| 0000 | FUNC           | _sym1                            | 1                                | int                              |
| 0001 | FUNC_PARAM     | _sym1                            | 0:_sym2                          | int                              |
| 0002 | <=             | _sym2                            | 1                                | t2                               |
| 0003 | IF_FALSE       | t2                               | _L0                              | _                                |
| 0004 | RETURN         | _sym2                            | _                                | _                                |
| 0005 | LABEL          | _                                | _                                | _L0                              |
| 0006 | -              | _sym2                            | 1                                | t4                               |
| 0007 | PARAM          | t4                               | _                                | _                                |
| 0008 | CALL           | _sym1                            | 1                                | t5                               |
| 0009 | -              | _sym2                            | 2                                | t6                               |
| 0010 | PARAM          | t6                               | _                                | _                                |
| 0011 | CALL           | _sym1                            | 1                                | t7                               |
| 0012 | +              | t5                               | t7                               | t3                               |
| 0013 | RETURN         | t3                               | _                                | _                                |
| 0014 | ENDFUNC        | _                                | _                                | _                                |
| 0015 | PARAM          | 10                               | _                                | _                                |
| 0016 | CALL           | _sym1                            | 1                                | t8                               |
| 0017 | ECHO           | t8                               | _                                | _                                |
+------+----------------+----------------------------------+----------------------------------+----------------------------------+

--- Symbol Table (Debug) ---
+-------+----------------------------------+-------+--------------------------+
| Index | Name                             | Depth | Type                     |
+-------+----------------------------------+-------+--------------------------+
| _sym1 | fib                              | 0     | int                      |
| _sym2 | n                                | 1     | int                      |
+-------+----------------------------------+-------+--------------------------+

--- Type Registry (Debug) ---
+------------------------------+----------------------------------------------------+
| Index | Type Name            | Members (Name : Type)                              |
+------------------------------+----------------------------------------------------+
+------------------------------+----------------------------------------------------+
