Parsed OK
IR
+------+----------------+----------------------------------+----------------------------------+----------------------------------+
| idx  | opcode         | arg1                             | arg2                             | res                              |
+------+----------------+----------------------------------+----------------------------------+----------------------------------+
| 0000 | FUNC           | _sym1                            | 1                                | bool                             |
| 0001 | FUNC_PARAM     | _sym1                            | 0:_sym2                          | int                              |
| 0002 | <=             | _sym2                            | 1                                | t2                               |
| 0003 | IF_FALSE       | t2                               | _L0                              | _                                |
| 0004 | RETURN         | false                            | _                                | _                                |
| 0005 | LABEL          | _                                | _                                | _L0                              |
| 0006 | =              | 2                                | _                                | _sym3                            |
| 0007 | LABEL          | _                                | _                                | _L1                              |
| 0008 | *              | _sym3                            | _sym3                            | t4                               |
| 0009 | <=             | t4                               | _sym2                            | t3                               |
| 0010 | IF_FALSE       | t3                               | _L3                              | _                                |
| 0011 | %              | _sym2                            | _sym3                            | t6                               |
| 0012 | ==             | t6                               | 0                                | t5                               |
| 0013 | IF_FALSE       | t5                               | _L4                              | _                                |
| 0014 | RETURN         | false                            | _                                | _                                |
| 0015 | LABEL          | _                                | _                                | _L4                              |
| 0016 | LABEL          | _                                | _                                | _L2                              |
| 0017 | =              | _sym3                            | _                                | t7                               |
| 0018 | +              | _sym3                            | 1                                | t8                               |
| 0019 | =              | t8                               | _                                | _sym3                            |
| 0020 | GOTO           | _L1                              | _                                | _                                |
| 0021 | LABEL          | _                                | _                                | _L3                              |
| 0022 | RETURN         | true                             | _                                | _                                |
| 0023 | ENDFUNC        | _                                | _                                | _                                |
| 0024 | PARAM          | 17                               | _                                | _                                |
| 0025 | CALL           | _sym1                            | 1                                | t9                               |
| 0026 | ECHO           | t9                               | _                                | _                                |
| 0027 | PARAM          | 20                               | _                                | _                                |
| 0028 | CALL           | _sym1                            | 1                                | t10                              |
| 0029 | ECHO           | t10                              | _                                | _                                |
+------+----------------+----------------------------------+----------------------------------+----------------------------------+

--- Symbol Table (Debug) ---
+-------+----------------------------------+-------+--------------------------+
| Index | Name                             | Depth | Type                     |
+-------+----------------------------------+-------+--------------------------+
| _sym1 | isPrime                          | 0     | bool                     |
| _sym2 | n                                | 1     | int                      |
| _sym3 | i                                | 2     | int                      |
+-------+----------------------------------+-------+--------------------------+

--- Type Registry (Debug) ---
+------------------------------+----------------------------------------------------+
| Index | Type Name            | Members (Name : Type)                              |
+------------------------------+----------------------------------------------------+
+------------------------------+----------------------------------------------------+
