VAR
INT
IDENTIFIER: x
EQ
INT_CONSTANT: 42
SEMI_COLON
VAR
DYN
IDENTIFIER: result1
EQ
IDENTIFIER: x
LEFT_SQUARE
INT_CONSTANT: 0
RIGHT_SQUARE
SEMI_COLON
VAR
STRING
IDENTIFIER: s
EQ
STRING_CONSTANT: hello
SEMI_COLON
VAR
DYN
IDENTIFIER: result2
EQ
IDENTIFIER: s
LEFT_SQUARE
INT_CONSTANT: 1
RIGHT_SQUARE
SEMI_COLON
VAR
BOOLEAN
IDENTIFIER: flag
EQ
BOOL_CONSTANT: 1
SEMI_COLON
VAR
DYN
IDENTIFIER: result3
EQ
IDENTIFIER: flag
LEFT_SQUARE
INT_CONSTANT: 0
RIGHT_SQUARE
SEMI_COLON
VAR
DYN
IDENTIFIER: result4
EQ
MINUS
IDENTIFIER: flag
SEMI_COLON
VAR
DYN
IDENTIFIER: result5
EQ
TILDE
IDENTIFIER: s
SEMI_COLON
VAR
DYN
IDENTIFIER: result6
EQ
IDENTIFIER: flag
PLUS
IDENTIFIER: flag
SEMI_COLON
VAR
DYN
IDENTIFIER: result7
EQ
IDENTIFIER: s
STAR
INT_CONSTANT: 3
SEMI_COLON
VAR
DYN
IDENTIFIER: result8
EQ
IDENTIFIER: flag
AND
IDENTIFIER: flag
SEMI_COLON
