 var_type -> FLOAT
 varDecl -> VAR var_type IDENTIFIER SEMI_COLON
 inTypeDeclList -> varDecl
 var_type -> FLOAT
 varDecl -> VAR var_type IDENTIFIER SEMI_COLON
 inTypeDeclList -> inTypeDeclList varDecl
 typeDecl -> TYPE IDENTIFIER LEFT_BRACE inTypeDeclList RIGHT_BRACE
 declaration -> typeDecl
 decList -> declaration
 var_type -> IDENTIFIER
 varDecl -> VAR var_type IDENTIFIER SEMI_COLON
 inTypeDeclList -> varDecl
 var_type -> FLOAT
 varDecl -> VAR var_type IDENTIFIER SEMI_COLON
 inTypeDeclList -> inTypeDeclList varDecl
 var_type -> FLOAT
 varDecl -> VAR var_type IDENTIFIER SEMI_COLON
 inTypeDeclList -> inTypeDeclList varDecl
 typeDecl -> TYPE IDENTIFIER LEFT_BRACE inTypeDeclList RIGHT_BRACE
 declaration -> typeDecl
 decList -> decList declaration
 var_type -> IDENTIFIER
 typedVar -> IDENTIFIER COLON var_type
 parameters -> typedVar
 var_type -> IDENTIFIER
 typedVar -> IDENTIFIER COLON var_type
 parameters -> parameters COMMA typedVar
 var_type -> BOOL
 var_type -> BOOL
 primary -> IDENTIFIER
 call_access -> primary
 call_access -> call_access DOT IDENTIFIER
 unary -> call_access
 factor -> unary
 term -> factor
 shift -> term
 comparison -> shift
 primary -> IDENTIFIER
 call_access -> primary
 call_access -> call_access DOT IDENTIFIER
 call_access -> call_access DOT IDENTIFIER
 unary -> call_access
 factor -> unary
 term -> factor
 shift -> term
 comparison -> comparison GREATER_EQ shift
 equality -> comparison
 bitwise_and -> equality
 bitwise_xor -> bitwise_and
 bitwise_or -> bitwise_xor
 logic_and -> bitwise_or
 logic_or -> logic_and
 ternary -> logic_or
 assignment -> ternary
 expression -> assignment
 primary -> LEFT_PAREN expression RIGHT_PAREN
 call_access -> primary
 unary -> call_access
 factor -> unary
 term -> factor
 shift -> term
 comparison -> shift
 equality -> comparison
 bitwise_and -> equality
 bitwise_xor -> bitwise_and
 bitwise_or -> bitwise_xor
 logic_and -> bitwise_or
 primary -> IDENTIFIER
 call_access -> primary
 call_access -> call_access DOT IDENTIFIER
 unary -> call_access
 factor -> unary
 term -> factor
 shift -> term
 comparison -> shift
 primary -> IDENTIFIER
 call_access -> primary
 call_access -> call_access DOT IDENTIFIER
 call_access -> call_access DOT IDENTIFIER
 unary -> call_access
 factor -> unary
 term -> factor
 primary -> IDENTIFIER
 call_access -> primary
 call_access -> call_access DOT IDENTIFIER
 unary -> call_access
 factor -> unary
 term -> term PLUS factor
 shift -> term
 comparison -> comparison LESS_EQ shift
 equality -> comparison
 bitwise_and -> equality
 bitwise_xor -> bitwise_and
 bitwise_or -> bitwise_xor
 logic_and -> bitwise_or
 logic_or -> logic_and
 ternary -> logic_or
 assignment -> ternary
 expression -> assignment
 primary -> LEFT_PAREN expression RIGHT_PAREN
 call_access -> primary
 unary -> call_access
 factor -> unary
 term -> factor
 shift -> term
 comparison -> shift
 equality -> comparison
 bitwise_and -> equality
 bitwise_xor -> bitwise_and
 bitwise_or -> bitwise_xor
 logic_and -> logic_and DOUBLE_AND bitwise_or
 logic_or -> logic_and
 ternary -> logic_or
 assignment -> ternary
 expression -> assignment
 varDecl -> VAR var_type IDENTIFIER EQ expression SEMI_COLON
 declaration -> varDecl
 decList -> declaration
 var_type -> BOOL
 primary -> IDENTIFIER
 call_access -> primary
 call_access -> call_access DOT IDENTIFIER
 unary -> call_access
 factor -> unary
 term -> factor
 shift -> term
 comparison -> shift
 primary -> IDENTIFIER
 call_access -> primary
 call_access -> call_access DOT IDENTIFIER
 call_access -> call_access DOT IDENTIFIER
 unary -> call_access
 factor -> unary
 term -> factor
 shift -> term
 comparison -> comparison GREATER_EQ shift
 equality -> comparison
 bitwise_and -> equality
 bitwise_xor -> bitwise_and
 bitwise_or -> bitwise_xor
 logic_and -> bitwise_or
 logic_or -> logic_and
 ternary -> logic_or
 assignment -> ternary
 expression -> assignment
 primary -> LEFT_PAREN expression RIGHT_PAREN
 call_access -> primary
 unary -> call_access
 factor -> unary
 term -> factor
 shift -> term
 comparison -> shift
 equality -> comparison
 bitwise_and -> equality
 bitwise_xor -> bitwise_and
 bitwise_or -> bitwise_xor
 logic_and -> bitwise_or
 primary -> IDENTIFIER
 call_access -> primary
 call_access -> call_access DOT IDENTIFIER
 unary -> call_access
 factor -> unary
 term -> factor
 shift -> term
 comparison -> shift
 primary -> IDENTIFIER
 call_access -> primary
 call_access -> call_access DOT IDENTIFIER
 call_access -> call_access DOT IDENTIFIER
 unary -> call_access
 factor -> unary
 term -> factor
 primary -> IDENTIFIER
 call_access -> primary
 call_access -> call_access DOT IDENTIFIER
 unary -> call_access
 factor -> unary
 term -> term PLUS factor
 shift -> term
 comparison -> comparison LESS_EQ shift
 equality -> comparison
 bitwise_and -> equality
 bitwise_xor -> bitwise_and
 bitwise_or -> bitwise_xor
 logic_and -> bitwise_or
 logic_or -> logic_and
 ternary -> logic_or
 assignment -> ternary
 expression -> assignment
 primary -> LEFT_PAREN expression RIGHT_PAREN
 call_access -> primary
 unary -> call_access
 factor -> unary
 term -> factor
 shift -> term
 comparison -> shift
 equality -> comparison
 bitwise_and -> equality
 bitwise_xor -> bitwise_and
 bitwise_or -> bitwise_xor
 logic_and -> logic_and DOUBLE_AND bitwise_or
 logic_or -> logic_and
 ternary -> logic_or
 assignment -> ternary
 expression -> assignment
 varDecl -> VAR var_type IDENTIFIER EQ expression SEMI_COLON
 declaration -> varDecl
 decList -> decList declaration
 primary -> IDENTIFIER
 call_access -> primary
 unary -> call_access
 factor -> unary
 term -> factor
 shift -> term
 comparison -> shift
 equality -> comparison
 bitwise_and -> equality
 bitwise_xor -> bitwise_and
 bitwise_or -> bitwise_xor
 logic_and -> bitwise_or
 primary -> IDENTIFIER
 call_access -> primary
 unary -> call_access
 factor -> unary
 term -> factor
 shift -> term
 comparison -> shift
 equality -> comparison
 bitwise_and -> equality
 bitwise_xor -> bitwise_and
 bitwise_or -> bitwise_xor
 logic_and -> logic_and DOUBLE_AND bitwise_or
 logic_or -> logic_and
 ternary -> logic_or
 assignment -> ternary
 expression -> assignment
 returnStmt -> RET expression SEMI_COLON
 statement -> returnStmt
 declaration -> statement
 decList -> decList declaration
 block -> LEFT_BRACE decList RIGHT_BRACE
 function -> LEFT_PAREN parameters RIGHT_PAREN ARROW var_type block
 funDecl -> FUN IDENTIFIER function
 declaration -> funDecl
 decList -> decList declaration
 var_type -> IDENTIFIER
 varDecl -> VAR var_type IDENTIFIER SEMI_COLON
 declaration -> varDecl
 decList -> decList declaration
 primary -> IDENTIFIER
 call_access -> primary
 call_access -> call_access DOT IDENTIFIER
 primary -> FLOAT_CONSTANT
 call_access -> primary
 unary -> call_access
 factor -> unary
 term -> factor
 shift -> term
 comparison -> shift
 equality -> comparison
 bitwise_and -> equality
 bitwise_xor -> bitwise_and
 bitwise_or -> bitwise_xor
 logic_and -> bitwise_or
 logic_or -> logic_and
 ternary -> logic_or
 assignment -> ternary
 assignment -> call_access EQ assignment
 expression -> assignment
 exprStmt -> expression SEMI_COLON
 statement -> exprStmt
 declaration -> statement
 decList -> decList declaration
 primary -> IDENTIFIER
 call_access -> primary
 call_access -> call_access DOT IDENTIFIER
 primary -> FLOAT_CONSTANT
 call_access -> primary
 unary -> call_access
 factor -> unary
 term -> factor
 shift -> term
 comparison -> shift
 equality -> comparison
 bitwise_and -> equality
 bitwise_xor -> bitwise_and
 bitwise_or -> bitwise_xor
 logic_and -> bitwise_or
 logic_or -> logic_and
 ternary -> logic_or
 assignment -> ternary
 assignment -> call_access EQ assignment
 expression -> assignment
 exprStmt -> expression SEMI_COLON
 statement -> exprStmt
 declaration -> statement
 decList -> decList declaration
 var_type -> IDENTIFIER
 varDecl -> VAR var_type IDENTIFIER SEMI_COLON
 declaration -> varDecl
 decList -> decList declaration
 primary -> IDENTIFIER
 call_access -> primary
 call_access -> call_access DOT IDENTIFIER
 call_access -> call_access DOT IDENTIFIER
 primary -> FLOAT_CONSTANT
 call_access -> primary
 unary -> call_access
 factor -> unary
 term -> factor
 shift -> term
 comparison -> shift
 equality -> comparison
 bitwise_and -> equality
 bitwise_xor -> bitwise_and
 bitwise_or -> bitwise_xor
 logic_and -> bitwise_or
 logic_or -> logic_and
 ternary -> logic_or
 assignment -> ternary
 assignment -> call_access EQ assignment
 expression -> assignment
 exprStmt -> expression SEMI_COLON
 statement -> exprStmt
 declaration -> statement
 decList -> decList declaration
 primary -> IDENTIFIER
 call_access -> primary
 call_access -> call_access DOT IDENTIFIER
 call_access -> call_access DOT IDENTIFIER
 primary -> FLOAT_CONSTANT
 call_access -> primary
 unary -> call_access
 factor -> unary
 term -> factor
 shift -> term
 comparison -> shift
 equality -> comparison
 bitwise_and -> equality
 bitwise_xor -> bitwise_and
 bitwise_or -> bitwise_xor
 logic_and -> bitwise_or
 logic_or -> logic_and
 ternary -> logic_or
 assignment -> ternary
 assignment -> call_access EQ assignment
 expression -> assignment
 exprStmt -> expression SEMI_COLON
 statement -> exprStmt
 declaration -> statement
 decList -> decList declaration
 primary -> IDENTIFIER
 call_access -> primary
 call_access -> call_access DOT IDENTIFIER
 primary -> FLOAT_CONSTANT
 call_access -> primary
 unary -> call_access
 factor -> unary
 term -> factor
 shift -> term
 comparison -> shift
 equality -> comparison
 bitwise_and -> equality
 bitwise_xor -> bitwise_and
 bitwise_or -> bitwise_xor
 logic_and -> bitwise_or
 logic_or -> logic_and
 ternary -> logic_or
 assignment -> ternary
 assignment -> call_access EQ assignment
 expression -> assignment
 exprStmt -> expression SEMI_COLON
 statement -> exprStmt
 declaration -> statement
 decList -> decList declaration
 primary -> IDENTIFIER
 call_access -> primary
 call_access -> call_access DOT IDENTIFIER
 primary -> FLOAT_CONSTANT
 call_access -> primary
 unary -> call_access
 factor -> unary
 term -> factor
 shift -> term
 comparison -> shift
 equality -> comparison
 bitwise_and -> equality
 bitwise_xor -> bitwise_and
 bitwise_or -> bitwise_xor
 logic_and -> bitwise_or
 logic_or -> logic_and
 ternary -> logic_or
 assignment -> ternary
 assignment -> call_access EQ assignment
 expression -> assignment
 exprStmt -> expression SEMI_COLON
 statement -> exprStmt
 declaration -> statement
 decList -> decList declaration
 primary -> IDENTIFIER
 call_access -> primary
 primary -> IDENTIFIER
 call_access -> primary
 unary -> call_access
 factor -> unary
 term -> factor
 shift -> term
 comparison -> shift
 equality -> comparison
 bitwise_and -> equality
 bitwise_xor -> bitwise_and
 bitwise_or -> bitwise_xor
 logic_and -> bitwise_or
 logic_or -> logic_and
 ternary -> logic_or
 assignment -> ternary
 expression -> assignment
 arguments -> expression
 primary -> IDENTIFIER
 call_access -> primary
 unary -> call_access
 factor -> unary
 term -> factor
 shift -> term
 comparison -> shift
 equality -> comparison
 bitwise_and -> equality
 bitwise_xor -> bitwise_and
 bitwise_or -> bitwise_xor
 logic_and -> bitwise_or
 logic_or -> logic_and
 ternary -> logic_or
 assignment -> ternary
 expression -> assignment
 arguments -> arguments COMMA expression
 call_access -> call_access LEFT_PAREN arguments RIGHT_PAREN
 unary -> call_access
 factor -> unary
 term -> factor
 shift -> term
 comparison -> shift
 equality -> comparison
 bitwise_and -> equality
 bitwise_xor -> bitwise_and
 bitwise_or -> bitwise_xor
 logic_and -> bitwise_or
 logic_or -> logic_and
 ternary -> logic_or
 assignment -> ternary
 expression -> assignment
 primary -> STRING_CONSTANT
 call_access -> primary
 unary -> call_access
 factor -> unary
 term -> factor
 shift -> term
 comparison -> shift
 equality -> comparison
 bitwise_and -> equality
 bitwise_xor -> bitwise_and
 bitwise_or -> bitwise_xor
 logic_and -> bitwise_or
 logic_or -> logic_and
 ternary -> logic_or
 assignment -> ternary
 expression -> assignment
 echoStmt -> ECH expression SEMI_COLON
 statement -> echoStmt
 primary -> STRING_CONSTANT
 call_access -> primary
 unary -> call_access
 factor -> unary
 term -> factor
 shift -> term
 comparison -> shift
 equality -> comparison
 bitwise_and -> equality
 bitwise_xor -> bitwise_and
 bitwise_or -> bitwise_xor
 logic_and -> bitwise_or
 logic_or -> logic_and
 ternary -> logic_or
 assignment -> ternary
 expression -> assignment
 echoStmt -> ECH expression SEMI_COLON
 statement -> echoStmt
 ifStmt -> IF LEFT_PAREN expression RIGHT_PAREN statement ELSE statement
 statement -> ifStmt
 declaration -> statement
 decList -> decList declaration
 program -> decList

Parsed successfully.

=== VISUAL DERIVATION TREE (Parse Tree) ===
program
  decList
    decList
      decList
        decList
          decList
            decList
              decList
                decList
                  decList
                    decList
                      decList
                        decList
                          declaration
                            typeDecl
                              TYPE (type)
                              IDENTIFIER (Point)
                              LEFT_BRACE ({)
                              inTypeDeclList
                                inTypeDeclList
                                  varDecl
                                    VAR (var)
                                    var_type
                                      FLOAT (float)
                                    IDENTIFIER (x)
                                    SEMI_COLON (;)
                                varDecl
                                  VAR (var)
                                  var_type
                                    FLOAT (float)
                                  IDENTIFIER (y)
                                  SEMI_COLON (;)
                              RIGHT_BRACE (})
                        declaration
                          typeDecl
                            TYPE (type)
                            IDENTIFIER (Rect)
                            LEFT_BRACE ({)
                            inTypeDeclList
                              inTypeDeclList
                                inTypeDeclList
                                  varDecl
                                    VAR (var)
                                    var_type
                                      IDENTIFIER (Point)
                                    IDENTIFIER (origin)
                                    SEMI_COLON (;)
                                varDecl
                                  VAR (var)
                                  var_type
                                    FLOAT (float)
                                  IDENTIFIER (width)
                                  SEMI_COLON (;)
                              varDecl
                                VAR (var)
                                var_type
                                  FLOAT (float)
                                IDENTIFIER (height)
                                SEMI_COLON (;)
                            RIGHT_BRACE (})
                      declaration
                        funDecl
                          FUN (fun)
                          IDENTIFIER (isInside)
                          function
                            LEFT_PAREN (()
                            parameters
                              parameters
                                typedVar
                                  IDENTIFIER (p)
                                  COLON (:)
                                  var_type
                                    IDENTIFIER (Point)
                              COMMA (,)
                              typedVar
                                IDENTIFIER (r)
                                COLON (:)
                                var_type
                                  IDENTIFIER (Rect)
                            RIGHT_PAREN ())
                            ARROW (->)
                            var_type
                              BOOL (bool)
                            block
                              LEFT_BRACE ({)
                              decList
                                decList
                                  decList
                                    declaration
                                      varDecl
                                        VAR (var)
                                        var_type
                                          BOOL (bool)
                                        IDENTIFIER (withinX)
                                        EQ (=)
                                        expression
                                          assignment
                                            ternary
                                              logic_or
                                                logic_and
                                                  logic_and
                                                    bitwise_or
                                                      bitwise_xor
                                                        bitwise_and
                                                          equality
                                                            comparison
                                                              shift
                                                                term
                                                                  factor
                                                                    unary
                                                                      call_access
                                                                        primary
                                                                          LEFT_PAREN (()
                                                                          expression
                                                                            assignment
                                                                              ternary
                                                                                logic_or
                                                                                  logic_and
                                                                                    bitwise_or
                                                                                      bitwise_xor
                                                                                        bitwise_and
                                                                                          equality
                                                                                            comparison
                                                                                              comparison
                                                                                                shift
                                                                                                  term
                                                                                                    factor
                                                                                                      unary
                                                                                                        call_access
                                                                                                          call_access
                                                                                                            primary
                                                                                                              IDENTIFIER (p)
                                                                                                          DOT (.)
                                                                                                          IDENTIFIER (x)
                                                                                              GREATER_EQ (>=)
                                                                                              shift
                                                                                                term
                                                                                                  factor
                                                                                                    unary
                                                                                                      call_access
                                                                                                        call_access
                                                                                                          call_access
                                                                                                            primary
                                                                                                              IDENTIFIER (r)
                                                                                                          DOT (.)
                                                                                                          IDENTIFIER (origin)
                                                                                                        DOT (.)
                                                                                                        IDENTIFIER (x)
                                                                          RIGHT_PAREN ())
                                                  DOUBLE_AND (&&)
                                                  bitwise_or
                                                    bitwise_xor
                                                      bitwise_and
                                                        equality
                                                          comparison
                                                            shift
                                                              term
                                                                factor
                                                                  unary
                                                                    call_access
                                                                      primary
                                                                        LEFT_PAREN (()
                                                                        expression
                                                                          assignment
                                                                            ternary
                                                                              logic_or
                                                                                logic_and
                                                                                  bitwise_or
                                                                                    bitwise_xor
                                                                                      bitwise_and
                                                                                        equality
                                                                                          comparison
                                                                                            comparison
                                                                                              shift
                                                                                                term
                                                                                                  factor
                                                                                                    unary
                                                                                                      call_access
                                                                                                        call_access
                                                                                                          primary
                                                                                                            IDENTIFIER (p)
                                                                                                        DOT (.)
                                                                                                        IDENTIFIER (x)
                                                                                            LESS_EQ (<=)
                                                                                            shift
                                                                                              term
                                                                                                term
                                                                                                  factor
                                                                                                    unary
                                                                                                      call_access
                                                                                                        call_access
                                                                                                          call_access
                                                                                                            primary
                                                                                                              IDENTIFIER (r)
                                                                                                          DOT (.)
                                                                                                          IDENTIFIER (origin)
                                                                                                        DOT (.)
                                                                                                        IDENTIFIER (x)
                                                                                                PLUS (+)
                                                                                                factor
                                                                                                  unary
                                                                                                    call_access
                                                                                                      call_access
                                                                                                        primary
                                                                                                          IDENTIFIER (r)
                                                                                                      DOT (.)
                                                                                                      IDENTIFIER (width)
                                                                        RIGHT_PAREN ())
                                        SEMI_COLON (;)
                                  declaration
                                    varDecl
                                      VAR (var)
                                      var_type
                                        BOOL (bool)
                                      IDENTIFIER (withinY)
                                      EQ (=)
                                      expression
                                        assignment
                                          ternary
                                            logic_or
                                              logic_and
                                                logic_and
                                                  bitwise_or
                                                    bitwise_xor
                                                      bitwise_and
                                                        equality
                                                          comparison
                                                            shift
                                                              term
                                                                factor
                                                                  unary
                                                                    call_access
                                                                      primary
                                                                        LEFT_PAREN (()
                                                                        expression
                                                                          assignment
                                                                            ternary
                                                                              logic_or
                                                                                logic_and
                                                                                  bitwise_or
                                                                                    bitwise_xor
                                                                                      bitwise_and
                                                                                        equality
                                                                                          comparison
                                                                                            comparison
                                                                                              shift
                                                                                                term
                                                                                                  factor
                                                                                                    unary
                                                                                                      call_access
                                                                                                        call_access
                                                                                                          primary
                                                                                                            IDENTIFIER (p)
                                                                                                        DOT (.)
                                                                                                        IDENTIFIER (y)
                                                                                            GREATER_EQ (>=)
                                                                                            shift
                                                                                              term
                                                                                                factor
                                                                                                  unary
                                                                                                    call_access
                                                                                                      call_access
                                                                                                        call_access
                                                                                                          primary
                                                                                                            IDENTIFIER (r)
                                                                                                        DOT (.)
                                                                                                        IDENTIFIER (origin)
                                                                                                      DOT (.)
                                                                                                      IDENTIFIER (y)
                                                                        RIGHT_PAREN ())
                                                DOUBLE_AND (&&)
                                                bitwise_or
                                                  bitwise_xor
                                                    bitwise_and
                                                      equality
                                                        comparison
                                                          shift
                                                            term
                                                              factor
                                                                unary
                                                                  call_access
                                                                    primary
                                                                      LEFT_PAREN (()
                                                                      expression
                                                                        assignment
                                                                          ternary
                                                                            logic_or
                                                                              logic_and
                                                                                bitwise_or
                                                                                  bitwise_xor
                                                                                    bitwise_and
                                                                                      equality
                                                                                        comparison
                                                                                          comparison
                                                                                            shift
                                                                                              term
                                                                                                factor
                                                                                                  unary
                                                                                                    call_access
                                                                                                      call_access
                                                                                                        primary
                                                                                                          IDENTIFIER (p)
                                                                                                      DOT (.)
                                                                                                      IDENTIFIER (y)
                                                                                          LESS_EQ (<=)
                                                                                          shift
                                                                                            term
                                                                                              term
                                                                                                factor
                                                                                                  unary
                                                                                                    call_access
                                                                                                      call_access
                                                                                                        call_access
                                                                                                          primary
                                                                                                            IDENTIFIER (r)
                                                                                                        DOT (.)
                                                                                                        IDENTIFIER (origin)
                                                                                                      DOT (.)
                                                                                                      IDENTIFIER (y)
                                                                                              PLUS (+)
                                                                                              factor
                                                                                                unary
                                                                                                  call_access
                                                                                                    call_access
                                                                                                      primary
                                                                                                        IDENTIFIER (r)
                                                                                                    DOT (.)
                                                                                                    IDENTIFIER (height)
                                                                      RIGHT_PAREN ())
                                      SEMI_COLON (;)
                                declaration
                                  statement
                                    returnStmt
                                      RET (ret)
                                      expression
                                        assignment
                                          ternary
                                            logic_or
                                              logic_and
                                                logic_and
                                                  bitwise_or
                                                    bitwise_xor
                                                      bitwise_and
                                                        equality
                                                          comparison
                                                            shift
                                                              term
                                                                factor
                                                                  unary
                                                                    call_access
                                                                      primary
                                                                        IDENTIFIER (withinX)
                                                DOUBLE_AND (&&)
                                                bitwise_or
                                                  bitwise_xor
                                                    bitwise_and
                                                      equality
                                                        comparison
                                                          shift
                                                            term
                                                              factor
                                                                unary
                                                                  call_access
                                                                    primary
                                                                      IDENTIFIER (withinY)
                                      SEMI_COLON (;)
                              RIGHT_BRACE (})
                    declaration
                      varDecl
                        VAR (var)
                        var_type
                          IDENTIFIER (Point)
                        IDENTIFIER (myPoint)
                        SEMI_COLON (;)
                  declaration
                    statement
                      exprStmt
                        expression
                          assignment
                            call_access
                              call_access
                                primary
                                  IDENTIFIER (myPoint)
                              DOT (.)
                              IDENTIFIER (x)
                            EQ (=)
                            assignment
                              ternary
                                logic_or
                                  logic_and
                                    bitwise_or
                                      bitwise_xor
                                        bitwise_and
                                          equality
                                            comparison
                                              shift
                                                term
                                                  factor
                                                    unary
                                                      call_access
                                                        primary
                                                          FLOAT_CONSTANT (5.000000)
                        SEMI_COLON (;)
                declaration
                  statement
                    exprStmt
                      expression
                        assignment
                          call_access
                            call_access
                              primary
                                IDENTIFIER (myPoint)
                            DOT (.)
                            IDENTIFIER (y)
                          EQ (=)
                          assignment
                            ternary
                              logic_or
                                logic_and
                                  bitwise_or
                                    bitwise_xor
                                      bitwise_and
                                        equality
                                          comparison
                                            shift
                                              term
                                                factor
                                                  unary
                                                    call_access
                                                      primary
                                                        FLOAT_CONSTANT (10.000000)
                      SEMI_COLON (;)
              declaration
                varDecl
                  VAR (var)
                  var_type
                    IDENTIFIER (Rect)
                  IDENTIFIER (myRect)
                  SEMI_COLON (;)
            declaration
              statement
                exprStmt
                  expression
                    assignment
                      call_access
                        call_access
                          call_access
                            primary
                              IDENTIFIER (myRect)
                          DOT (.)
                          IDENTIFIER (origin)
                        DOT (.)
                        IDENTIFIER (x)
                      EQ (=)
                      assignment
                        ternary
                          logic_or
                            logic_and
                              bitwise_or
                                bitwise_xor
                                  bitwise_and
                                    equality
                                      comparison
                                        shift
                                          term
                                            factor
                                              unary
                                                call_access
                                                  primary
                                                    FLOAT_CONSTANT (0.000000)
                  SEMI_COLON (;)
          declaration
            statement
              exprStmt
                expression
                  assignment
                    call_access
                      call_access
                        call_access
                          primary
                            IDENTIFIER (myRect)
                        DOT (.)
                        IDENTIFIER (origin)
                      DOT (.)
                      IDENTIFIER (y)
                    EQ (=)
                    assignment
                      ternary
                        logic_or
                          logic_and
                            bitwise_or
                              bitwise_xor
                                bitwise_and
                                  equality
                                    comparison
                                      shift
                                        term
                                          factor
                                            unary
                                              call_access
                                                primary
                                                  FLOAT_CONSTANT (0.000000)
                SEMI_COLON (;)
        declaration
          statement
            exprStmt
              expression
                assignment
                  call_access
                    call_access
                      primary
                        IDENTIFIER (myRect)
                    DOT (.)
                    IDENTIFIER (width)
                  EQ (=)
                  assignment
                    ternary
                      logic_or
                        logic_and
                          bitwise_or
                            bitwise_xor
                              bitwise_and
                                equality
                                  comparison
                                    shift
                                      term
                                        factor
                                          unary
                                            call_access
                                              primary
                                                FLOAT_CONSTANT (10.000000)
              SEMI_COLON (;)
      declaration
        statement
          exprStmt
            expression
              assignment
                call_access
                  call_access
                    primary
                      IDENTIFIER (myRect)
                  DOT (.)
                  IDENTIFIER (height)
                EQ (=)
                assignment
                  ternary
                    logic_or
                      logic_and
                        bitwise_or
                          bitwise_xor
                            bitwise_and
                              equality
                                comparison
                                  shift
                                    term
                                      factor
                                        unary
                                          call_access
                                            primary
                                              FLOAT_CONSTANT (20.000000)
            SEMI_COLON (;)
    declaration
      statement
        ifStmt
          IF (if)
          LEFT_PAREN (()
          expression
            assignment
              ternary
                logic_or
                  logic_and
                    bitwise_or
                      bitwise_xor
                        bitwise_and
                          equality
                            comparison
                              shift
                                term
                                  factor
                                    unary
                                      call_access
                                        call_access
                                          primary
                                            IDENTIFIER (isInside)
                                        LEFT_PAREN (()
                                        arguments
                                          arguments
                                            expression
                                              assignment
                                                ternary
                                                  logic_or
                                                    logic_and
                                                      bitwise_or
                                                        bitwise_xor
                                                          bitwise_and
                                                            equality
                                                              comparison
                                                                shift
                                                                  term
                                                                    factor
                                                                      unary
                                                                        call_access
                                                                          primary
                                                                            IDENTIFIER (myPoint)
                                          COMMA (,)
                                          expression
                                            assignment
                                              ternary
                                                logic_or
                                                  logic_and
                                                    bitwise_or
                                                      bitwise_xor
                                                        bitwise_and
                                                          equality
                                                            comparison
                                                              shift
                                                                term
                                                                  factor
                                                                    unary
                                                                      call_access
                                                                        primary
                                                                          IDENTIFIER (myRect)
                                        RIGHT_PAREN ())
          RIGHT_PAREN ())
          statement
            echoStmt
              ECH (echo)
              expression
                assignment
                  ternary
                    logic_or
                      logic_and
                        bitwise_or
                          bitwise_xor
                            bitwise_and
                              equality
                                comparison
                                  shift
                                    term
                                      factor
                                        unary
                                          call_access
                                            primary
                                              STRING_CONSTANT (Collision detected)
              SEMI_COLON (;)
          ELSE (else)
          statement
            echoStmt
              ECH (echo)
              expression
                assignment
                  ternary
                    logic_or
                      logic_and
                        bitwise_or
                          bitwise_xor
                            bitwise_and
                              equality
                                comparison
                                  shift
                                    term
                                      factor
                                        unary
                                          call_access
                                            primary
                                              STRING_CONSTANT (No collision)
              SEMI_COLON (;)
