 var_type -> INT
 typedVar -> IDENTIFIER COLON var_type
 parameters -> typedVar
 var_type -> INT
 primary -> IDENTIFIER
 call_access -> primary
 unary -> call_access
 factor -> unary
 term -> factor
 shift -> term
 comparison -> shift
 primary -> INT_CONSTANT
 call_access -> primary
 unary -> call_access
 factor -> unary
 term -> factor
 shift -> term
 comparison -> comparison LESS_EQ shift
 equality -> comparison
 bitwise_and -> equality
 bitwise_xor -> bitwise_and
 bitwise_or -> bitwise_xor
 logic_and -> bitwise_or
 logic_or -> logic_and
 ternary -> logic_or
 assignment -> ternary
 expression -> assignment
 primary -> IDENTIFIER
 call_access -> primary
 unary -> call_access
 factor -> unary
 term -> factor
 shift -> term
 comparison -> shift
 equality -> comparison
 bitwise_and -> equality
 bitwise_xor -> bitwise_and
 bitwise_or -> bitwise_xor
 logic_and -> bitwise_or
 logic_or -> logic_and
 ternary -> logic_or
 assignment -> ternary
 expression -> assignment
 returnStmt -> RET expression SEMI_COLON
 statement -> returnStmt
 ifStmt -> IF LEFT_PAREN expression RIGHT_PAREN statement
 statement -> ifStmt
 declaration -> statement
 decList -> declaration
 primary -> IDENTIFIER
 call_access -> primary
 primary -> IDENTIFIER
 call_access -> primary
 unary -> call_access
 factor -> unary
 term -> factor
 primary -> INT_CONSTANT
 call_access -> primary
 unary -> call_access
 factor -> unary
 term -> term MINUS factor
 shift -> term
 comparison -> shift
 equality -> comparison
 bitwise_and -> equality
 bitwise_xor -> bitwise_and
 bitwise_or -> bitwise_xor
 logic_and -> bitwise_or
 logic_or -> logic_and
 ternary -> logic_or
 assignment -> ternary
 expression -> assignment
 arguments -> expression
 call_access -> call_access LEFT_PAREN arguments RIGHT_PAREN
 unary -> call_access
 factor -> unary
 term -> factor
 primary -> IDENTIFIER
 call_access -> primary
 primary -> IDENTIFIER
 call_access -> primary
 unary -> call_access
 factor -> unary
 term -> factor
 primary -> INT_CONSTANT
 call_access -> primary
 unary -> call_access
 factor -> unary
 term -> term MINUS factor
 shift -> term
 comparison -> shift
 equality -> comparison
 bitwise_and -> equality
 bitwise_xor -> bitwise_and
 bitwise_or -> bitwise_xor
 logic_and -> bitwise_or
 logic_or -> logic_and
 ternary -> logic_or
 assignment -> ternary
 expression -> assignment
 arguments -> expression
 call_access -> call_access LEFT_PAREN arguments RIGHT_PAREN
 unary -> call_access
 factor -> unary
 term -> term PLUS factor
 shift -> term
 comparison -> shift
 equality -> comparison
 bitwise_and -> equality
 bitwise_xor -> bitwise_and
 bitwise_or -> bitwise_xor
 logic_and -> bitwise_or
 logic_or -> logic_and
 ternary -> logic_or
 assignment -> ternary
 expression -> assignment
 returnStmt -> RET expression SEMI_COLON
 statement -> returnStmt
 declaration -> statement
 decList -> decList declaration
 block -> LEFT_BRACE decList RIGHT_BRACE
 function -> LEFT_PAREN parameters RIGHT_PAREN ARROW var_type block
 funDecl -> FUN IDENTIFIER function
 declaration -> funDecl
 decList -> declaration
 primary -> IDENTIFIER
 call_access -> primary
 primary -> INT_CONSTANT
 call_access -> primary
 unary -> call_access
 factor -> unary
 term -> factor
 shift -> term
 comparison -> shift
 equality -> comparison
 bitwise_and -> equality
 bitwise_xor -> bitwise_and
 bitwise_or -> bitwise_xor
 logic_and -> bitwise_or
 logic_or -> logic_and
 ternary -> logic_or
 assignment -> ternary
 expression -> assignment
 arguments -> expression
 call_access -> call_access LEFT_PAREN arguments RIGHT_PAREN
 unary -> call_access
 factor -> unary
 term -> factor
 shift -> term
 comparison -> shift
 equality -> comparison
 bitwise_and -> equality
 bitwise_xor -> bitwise_and
 bitwise_or -> bitwise_xor
 logic_and -> bitwise_or
 logic_or -> logic_and
 ternary -> logic_or
 assignment -> ternary
 expression -> assignment
 echoStmt -> ECH expression SEMI_COLON
 statement -> echoStmt
 declaration -> statement
 decList -> decList declaration
 program -> decList

Parsed successfully.

=== VISUAL DERIVATION TREE (Parse Tree) ===
program
  decList
    decList
      declaration
        funDecl
          FUN (fun)
          IDENTIFIER (fib)
          function
            LEFT_PAREN (()
            parameters
              typedVar
                IDENTIFIER (n)
                COLON (:)
                var_type
                  INT (int)
            RIGHT_PAREN ())
            ARROW (->)
            var_type
              INT (int)
            block
              LEFT_BRACE ({)
              decList
                decList
                  declaration
                    statement
                      ifStmt
                        IF (if)
                        LEFT_PAREN (()
                        expression
                          assignment
                            ternary
                              logic_or
                                logic_and
                                  bitwise_or
                                    bitwise_xor
                                      bitwise_and
                                        equality
                                          comparison
                                            comparison
                                              shift
                                                term
                                                  factor
                                                    unary
                                                      call_access
                                                        primary
                                                          IDENTIFIER (n)
                                            LESS_EQ (<=)
                                            shift
                                              term
                                                factor
                                                  unary
                                                    call_access
                                                      primary
                                                        INT_CONSTANT (1)
                        RIGHT_PAREN ())
                        statement
                          returnStmt
                            RET (ret)
                            expression
                              assignment
                                ternary
                                  logic_or
                                    logic_and
                                      bitwise_or
                                        bitwise_xor
                                          bitwise_and
                                            equality
                                              comparison
                                                shift
                                                  term
                                                    factor
                                                      unary
                                                        call_access
                                                          primary
                                                            IDENTIFIER (n)
                            SEMI_COLON (;)
                declaration
                  statement
                    returnStmt
                      RET (ret)
                      expression
                        assignment
                          ternary
                            logic_or
                              logic_and
                                bitwise_or
                                  bitwise_xor
                                    bitwise_and
                                      equality
                                        comparison
                                          shift
                                            term
                                              term
                                                factor
                                                  unary
                                                    call_access
                                                      call_access
                                                        primary
                                                          IDENTIFIER (fib)
                                                      LEFT_PAREN (()
                                                      arguments
                                                        expression
                                                          assignment
                                                            ternary
                                                              logic_or
                                                                logic_and
                                                                  bitwise_or
                                                                    bitwise_xor
                                                                      bitwise_and
                                                                        equality
                                                                          comparison
                                                                            shift
                                                                              term
                                                                                term
                                                                                  factor
                                                                                    unary
                                                                                      call_access
                                                                                        primary
                                                                                          IDENTIFIER (n)
                                                                                MINUS (-)
                                                                                factor
                                                                                  unary
                                                                                    call_access
                                                                                      primary
                                                                                        INT_CONSTANT (1)
                                                      RIGHT_PAREN ())
                                              PLUS (+)
                                              factor
                                                unary
                                                  call_access
                                                    call_access
                                                      primary
                                                        IDENTIFIER (fib)
                                                    LEFT_PAREN (()
                                                    arguments
                                                      expression
                                                        assignment
                                                          ternary
                                                            logic_or
                                                              logic_and
                                                                bitwise_or
                                                                  bitwise_xor
                                                                    bitwise_and
                                                                      equality
                                                                        comparison
                                                                          shift
                                                                            term
                                                                              term
                                                                                factor
                                                                                  unary
                                                                                    call_access
                                                                                      primary
                                                                                        IDENTIFIER (n)
                                                                              MINUS (-)
                                                                              factor
                                                                                unary
                                                                                  call_access
                                                                                    primary
                                                                                      INT_CONSTANT (2)
                                                    RIGHT_PAREN ())
                      SEMI_COLON (;)
              RIGHT_BRACE (})
    declaration
      statement
        echoStmt
          ECH (echo)
          expression
            assignment
              ternary
                logic_or
                  logic_and
                    bitwise_or
                      bitwise_xor
                        bitwise_and
                          equality
                            comparison
                              shift
                                term
                                  factor
                                    unary
                                      call_access
                                        call_access
                                          primary
                                            IDENTIFIER (fib)
                                        LEFT_PAREN (()
                                        arguments
                                          expression
                                            assignment
                                              ternary
                                                logic_or
                                                  logic_and
                                                    bitwise_or
                                                      bitwise_xor
                                                        bitwise_and
                                                          equality
                                                            comparison
                                                              shift
                                                                term
                                                                  factor
                                                                    unary
                                                                      call_access
                                                                        primary
                                                                          INT_CONSTANT (10)
                                        RIGHT_PAREN ())
          SEMI_COLON (;)
