 var_type -> INT
 primary -> INT_CONSTANT
 call_access -> primary
 unary -> call_access
 factor -> unary
 term -> factor
 shift -> term
 comparison -> shift
 equality -> comparison
 bitwise_and -> equality
 bitwise_xor -> bitwise_and
 bitwise_or -> bitwise_xor
 logic_and -> bitwise_or
 logic_or -> logic_and
 ternary -> logic_or
 assignment -> ternary
 expression -> assignment
 varDecl -> VAR var_type IDENTIFIER EQ expression SEMI_COLON
 declaration -> varDecl
 decList -> declaration
 primary -> IDENTIFIER
 call_access -> primary
 unary -> call_access
 factor -> unary
 term -> factor
 shift -> term
 comparison -> shift
 primary -> INT_CONSTANT
 call_access -> primary
 unary -> call_access
 factor -> unary
 term -> factor
 shift -> term
 comparison -> comparison GREATER shift
 equality -> comparison
 bitwise_and -> equality
 bitwise_xor -> bitwise_and
 bitwise_or -> bitwise_xor
 logic_and -> bitwise_or
 logic_or -> logic_and
 ternary -> logic_or
 assignment -> ternary
 expression -> assignment
 breakStmt -> BREAK SEMI_COLON
 statement -> breakStmt
 declaration -> statement
 decList -> declaration
 block -> LEFT_BRACE decList RIGHT_BRACE
 statement -> block
 ifStmt -> IF LEFT_PAREN expression RIGHT_PAREN statement
 statement -> ifStmt
 declaration -> statement
 decList -> decList declaration
 program -> decList

Parsed successfully.

=== VISUAL DERIVATION TREE (Parse Tree) ===
program
  decList
    decList
      declaration
        varDecl
          VAR (var)
          var_type
            INT (int)
          IDENTIFIER (x)
          EQ (=)
          expression
            assignment
              ternary
                logic_or
                  logic_and
                    bitwise_or
                      bitwise_xor
                        bitwise_and
                          equality
                            comparison
                              shift
                                term
                                  factor
                                    unary
                                      call_access
                                        primary
                                          INT_CONSTANT (5)
          SEMI_COLON (;)
    declaration
      statement
        ifStmt
          IF (if)
          LEFT_PAREN (()
          expression
            assignment
              ternary
                logic_or
                  logic_and
                    bitwise_or
                      bitwise_xor
                        bitwise_and
                          equality
                            comparison
                              comparison
                                shift
                                  term
                                    factor
                                      unary
                                        call_access
                                          primary
                                            IDENTIFIER (x)
                              GREATER (>)
                              shift
                                term
                                  factor
                                    unary
                                      call_access
                                        primary
                                          INT_CONSTANT (0)
          RIGHT_PAREN ())
          statement
            block
              LEFT_BRACE ({)
              decList
                declaration
                  statement
                    breakStmt
                      BREAK (break)
                      SEMI_COLON (;)
              RIGHT_BRACE (})
