 var_type -> BOOL
 primary -> BOOL_CONSTANT
 call_access -> primary
 unary -> call_access
 factor -> unary
 term -> factor
 shift -> term
 comparison -> shift
 equality -> comparison
 bitwise_and -> equality
 bitwise_xor -> bitwise_and
 bitwise_or -> bitwise_xor
 logic_and -> bitwise_or
 logic_or -> logic_and
 ternary -> logic_or
 assignment -> ternary
 expression -> assignment
 varDecl -> VAR var_type IDENTIFIER EQ expression SEMI_COLON
 declaration -> varDecl
 decList -> declaration
 var_type -> INT
 primary -> INT_CONSTANT
 call_access -> primary
 unary -> call_access
 factor -> unary
 term -> factor
 shift -> term
 comparison -> shift
 equality -> comparison
 bitwise_and -> equality
 bitwise_xor -> bitwise_and
 bitwise_or -> bitwise_xor
 logic_and -> bitwise_or
 logic_or -> logic_and
 ternary -> logic_or
 assignment -> ternary
 expression -> assignment
 varDecl -> VAR var_type IDENTIFIER EQ expression SEMI_COLON
 declaration -> varDecl
 decList -> decList declaration
 var_type -> BOOL
 primary -> IDENTIFIER
 call_access -> primary
 unary -> call_access
 factor -> unary
 term -> factor
 shift -> term
 comparison -> shift
 equality -> comparison
 primary -> IDENTIFIER
 call_access -> primary
 unary -> call_access
 factor -> unary
 term -> factor
 shift -> term
 comparison -> shift
 equality -> equality EQ_EQ comparison
 bitwise_and -> equality
 bitwise_xor -> bitwise_and
 bitwise_or -> bitwise_xor
 logic_and -> bitwise_or
 logic_or -> logic_and
 ternary -> logic_or
 assignment -> ternary
 expression -> assignment
 primary -> LEFT_PAREN expression RIGHT_PAREN
 call_access -> primary
 unary -> call_access
 factor -> unary
 term -> factor
 shift -> term
 comparison -> shift
 equality -> comparison
 bitwise_and -> equality
 bitwise_xor -> bitwise_and
 bitwise_or -> bitwise_xor
 logic_and -> bitwise_or
 logic_or -> logic_and
 ternary -> logic_or
 assignment -> ternary
 expression -> assignment
 varDecl -> VAR var_type IDENTIFIER EQ expression SEMI_COLON
 declaration -> varDecl
 decList -> decList declaration
 program -> decList

Parsed successfully.

=== VISUAL DERIVATION TREE (Parse Tree) ===
program
  decList
    decList
      decList
        declaration
          varDecl
            VAR (var)
            var_type
              BOOL (bool)
            IDENTIFIER (flag)
            EQ (=)
            expression
              assignment
                ternary
                  logic_or
                    logic_and
                      bitwise_or
                        bitwise_xor
                          bitwise_and
                            equality
                              comparison
                                shift
                                  term
                                    factor
                                      unary
                                        call_access
                                          primary
                                            BOOL_CONSTANT (true)
            SEMI_COLON (;)
      declaration
        varDecl
          VAR (var)
          var_type
            INT (int)
          IDENTIFIER (val)
          EQ (=)
          expression
            assignment
              ternary
                logic_or
                  logic_and
                    bitwise_or
                      bitwise_xor
                        bitwise_and
                          equality
                            comparison
                              shift
                                term
                                  factor
                                    unary
                                      call_access
                                        primary
                                          INT_CONSTANT (1)
          SEMI_COLON (;)
    declaration
      varDecl
        VAR (var)
        var_type
          BOOL (bool)
        IDENTIFIER (res)
        EQ (=)
        expression
          assignment
            ternary
              logic_or
                logic_and
                  bitwise_or
                    bitwise_xor
                      bitwise_and
                        equality
                          comparison
                            shift
                              term
                                factor
                                  unary
                                    call_access
                                      primary
                                        LEFT_PAREN (()
                                        expression
                                          assignment
                                            ternary
                                              logic_or
                                                logic_and
                                                  bitwise_or
                                                    bitwise_xor
                                                      bitwise_and
                                                        equality
                                                          equality
                                                            comparison
                                                              shift
                                                                term
                                                                  factor
                                                                    unary
                                                                      call_access
                                                                        primary
                                                                          IDENTIFIER (flag)
                                                          EQ_EQ (==)
                                                          comparison
                                                            shift
                                                              term
                                                                factor
                                                                  unary
                                                                    call_access
                                                                      primary
                                                                        IDENTIFIER (val)
                                        RIGHT_PAREN ())
        SEMI_COLON (;)
