 var_type -> STRING
 varDecl -> VAR var_type IDENTIFIER SEMI_COLON
 inTypeDeclList -> varDecl
 var_type -> INT
 varDecl -> VAR var_type IDENTIFIER SEMI_COLON
 inTypeDeclList -> inTypeDeclList varDecl
 typeDecl -> TYPE IDENTIFIER LEFT_BRACE inTypeDeclList RIGHT_BRACE
 declaration -> typeDecl
 decList -> declaration
 var_type -> IDENTIFIER
 varDecl -> VAR var_type IDENTIFIER SEMI_COLON
 declaration -> varDecl
 decList -> decList declaration
 primary -> IDENTIFIER
 call_access -> primary
 call_access -> call_access DOT IDENTIFIER
 primary -> STRING_CONSTANT
 call_access -> primary
 unary -> call_access
 factor -> unary
 term -> factor
 shift -> term
 comparison -> shift
 equality -> comparison
 bitwise_and -> equality
 bitwise_xor -> bitwise_and
 bitwise_or -> bitwise_xor
 logic_and -> bitwise_or
 logic_or -> logic_and
 ternary -> logic_or
 assignment -> ternary
 assignment -> call_access EQ assignment
 expression -> assignment
 exprStmt -> expression SEMI_COLON
 statement -> exprStmt
 declaration -> statement
 decList -> decList declaration
 program -> decList

Parsed successfully.

=== VISUAL DERIVATION TREE (Parse Tree) ===
program
  decList
    decList
      decList
        declaration
          typeDecl
            TYPE (type)
            IDENTIFIER (Student)
            LEFT_BRACE ({)
            inTypeDeclList
              inTypeDeclList
                varDecl
                  VAR (var)
                  var_type
                    STRING (string)
                  IDENTIFIER (name)
                  SEMI_COLON (;)
              varDecl
                VAR (var)
                var_type
                  INT (int)
                IDENTIFIER (age)
                SEMI_COLON (;)
            RIGHT_BRACE (})
      declaration
        varDecl
          VAR (var)
          var_type
            IDENTIFIER (Student)
          IDENTIFIER (s)
          SEMI_COLON (;)
    declaration
      statement
        exprStmt
          expression
            assignment
              call_access
                call_access
                  primary
                    IDENTIFIER (s)
                DOT (.)
                IDENTIFIER (grade)
              EQ (=)
              assignment
                ternary
                  logic_or
                    logic_and
                      bitwise_or
                        bitwise_xor
                          bitwise_and
                            equality
                              comparison
                                shift
                                  term
                                    factor
                                      unary
                                        call_access
                                          primary
                                            STRING_CONSTANT (A)
          SEMI_COLON (;)
