 primary -> BOOL_CONSTANT
 call_access -> primary
 unary -> call_access
 factor -> unary
 term -> factor
 shift -> term
 comparison -> shift
 equality -> comparison
 bitwise_and -> equality
 bitwise_xor -> bitwise_and
 bitwise_or -> bitwise_xor
 logic_and -> bitwise_or
 logic_or -> logic_and
 ternary -> logic_or
 assignment -> ternary
 expression -> assignment
 var_type -> INT
 primary -> INT_CONSTANT
 call_access -> primary
 unary -> call_access
 factor -> unary
 term -> factor
 shift -> term
 comparison -> shift
 equality -> comparison
 bitwise_and -> equality
 bitwise_xor -> bitwise_and
 bitwise_or -> bitwise_xor
 logic_and -> bitwise_or
 logic_or -> logic_and
 ternary -> logic_or
 assignment -> ternary
 expression -> assignment
 varDecl -> VAR var_type IDENTIFIER EQ expression SEMI_COLON
 declaration -> varDecl
 decList -> declaration
 block -> LEFT_BRACE decList RIGHT_BRACE
 statement -> block
 ifStmt -> IF LEFT_PAREN expression RIGHT_PAREN statement
 statement -> ifStmt
 declaration -> statement
 decList -> declaration
 primary -> IDENTIFIER
 call_access -> primary
 unary -> call_access
 factor -> unary
 term -> factor
 shift -> term
 comparison -> shift
 equality -> comparison
 bitwise_and -> equality
 bitwise_xor -> bitwise_and
 bitwise_or -> bitwise_xor
 logic_and -> bitwise_or
 logic_or -> logic_and
 ternary -> logic_or
 assignment -> ternary
 expression -> assignment
 echoStmt -> ECH expression SEMI_COLON
 statement -> echoStmt
 declaration -> statement
 decList -> decList declaration
 program -> decList

Parsed successfully.

=== VISUAL DERIVATION TREE (Parse Tree) ===
program
  decList
    decList
      declaration
        statement
          ifStmt
            IF (if)
            LEFT_PAREN (()
            expression
              assignment
                ternary
                  logic_or
                    logic_and
                      bitwise_or
                        bitwise_xor
                          bitwise_and
                            equality
                              comparison
                                shift
                                  term
                                    factor
                                      unary
                                        call_access
                                          primary
                                            BOOL_CONSTANT (true)
            RIGHT_PAREN ())
            statement
              block
                LEFT_BRACE ({)
                decList
                  declaration
                    varDecl
                      VAR (var)
                      var_type
                        INT (int)
                      IDENTIFIER (local_var)
                      EQ (=)
                      expression
                        assignment
                          ternary
                            logic_or
                              logic_and
                                bitwise_or
                                  bitwise_xor
                                    bitwise_and
                                      equality
                                        comparison
                                          shift
                                            term
                                              factor
                                                unary
                                                  call_access
                                                    primary
                                                      INT_CONSTANT (100)
                      SEMI_COLON (;)
                RIGHT_BRACE (})
    declaration
      statement
        echoStmt
          ECH (echo)
          expression
            assignment
              ternary
                logic_or
                  logic_and
                    bitwise_or
                      bitwise_xor
                        bitwise_and
                          equality
                            comparison
                              shift
                                term
                                  factor
                                    unary
                                      call_access
                                        primary
                                          IDENTIFIER (local_var)
          SEMI_COLON (;)
