Parsed OK
IR
+------+----------------+----------------------------------+----------------------------------+----------------------------------+
| idx  | opcode         | arg1                             | arg2                             | res                              |
+------+----------------+----------------------------------+----------------------------------+----------------------------------+
| 0000 | =              | 10                               | _                                | _sym1                            |
| 0001 | ==             | _sym1                            | 10                               | t3                               |
| 0002 | IF_FALSE       | t3                               | _L0                              | _                                |
| 0003 | =              | 5                                | _                                | t2                               |
| 0004 | GOTO           | _L1                              | _                                | _                                |
| 0005 | LABEL          | _                                | _                                | _L0                              |
| 0006 | =              | 10.5                             | _                                | t2                               |
| 0007 | LABEL          | _                                | _                                | _L1                              |
| 0008 | =              | t2                               | _                                | _sym2                            |
| 0009 | =              | 10                               | _                                | _sym3                            |
| 0010 | +              | _sym2                            | _sym3                            | t4                               |
| 0011 | =              | t4                               | _                                | _sym2                            |
+------+----------------+----------------------------------+----------------------------------+----------------------------------+

--- Symbol Table (Debug) ---
+-------+----------------------------------+-------+--------------------------+
| Index | Name                             | Depth | Type                     |
+-------+----------------------------------+-------+--------------------------+
| _sym1 | x                                | 0     | float                    |
| _sym2 | y                                | 0     | float                    |
| _sym3 | z                                | 0     | int                      |
+-------+----------------------------------+-------+--------------------------+

--- Type Registry (Debug) ---
+------------------------------+----------------------------------------------------+
| Index | Type Name            | Members (Name : Type)                              |
+------------------------------+----------------------------------------------------+
+------------------------------+----------------------------------------------------+
