Parsed OK
IR
+------+----------------+----------------------------------+----------------------------------+----------------------------------+
| idx  | opcode         | arg1                             | arg2                             | res                              |
+------+----------------+----------------------------------+----------------------------------+----------------------------------+
| 0000 | ECHO           | Hello!                           | _                                | _                                |
| 0001 | +              | 1                                | 2                                | t2                               |
| 0002 | IF_FALSE       | false                            | _L0                              | _                                |
| 0003 | LABEL          | _                                | _                                | _L0                              |
| 0004 | LABEL          | _                                | _                                | _L1                              |
| 0005 | IF_FALSE       | false                            | _L2                              | _                                |
| 0006 | GOTO           | _L2                              | _                                | _                                |
| 0007 | GOTO           | _L1                              | _                                | _                                |
| 0008 | LABEL          | _                                | _                                | _L2                              |
| 0009 | LABEL          | _                                | _                                | _L3                              |
| 0010 | GOTO           | _L4                              | _                                | _                                |
| 0011 | LABEL          | _                                | _                                | _L4                              |
| 0012 | IF_FALSE       | false                            | _L5                              | _                                |
| 0013 | GOTO           | _L3                              | _                                | _                                |
| 0014 | LABEL          | _                                | _                                | _L5                              |
| 0015 | IF_FALSE       | false                            | _L6                              | _                                |
| 0016 | LABEL          | _                                | _                                | _L6                              |
| 0017 | IF_FALSE       | true                             | _L7                              | _                                |
| 0018 | LABEL          | _                                | _                                | _L8                              |
| 0019 | IF_FALSE       | true                             | _L9                              | _                                |
| 0020 | GOTO           | _L9                              | _                                | _                                |
| 0021 | GOTO           | _L8                              | _                                | _                                |
| 0022 | LABEL          | _                                | _                                | _L9                              |
| 0023 | GOTO           | _L10                             | _                                | _                                |
| 0024 | LABEL          | _                                | _                                | _L7                              |
| 0025 | IF_FALSE       | false                            | _L11                             | _                                |
| 0026 | GOTO           | _L12                             | _                                | _                                |
| 0027 | LABEL          | _                                | _                                | _L11                             |
| 0028 | +              | 1                                | 2                                | t3                               |
| 0029 | LABEL          | _                                | _                                | _L12                             |
| 0030 | LABEL          | _                                | _                                | _L10                             |
| 0031 | FUNC           | _sym1                            | 2                                | int                              |
| 0032 | FUNC_PARAM     | _sym1                            | 0:_sym2                          | int                              |
| 0033 | FUNC_PARAM     | _sym1                            | 1:_sym3                          | int                              |
| 0034 | +              | _sym2                            | _sym3                            | t4                               |
| 0035 | RETURN         | t4                               | _                                | _                                |
| 0036 | ENDFUNC        | _                                | _                                | _                                |
+------+----------------+----------------------------------+----------------------------------+----------------------------------+

--- Symbol Table (Debug) ---
+-------+----------------------------------+-------+--------------------------+
| Index | Name                             | Depth | Type                     |
+-------+----------------------------------+-------+--------------------------+
| _sym1 | add                              | 0     | int                      |
| _sym2 | a                                | 1     | int                      |
| _sym3 | b                                | 1     | int                      |
+-------+----------------------------------+-------+--------------------------+

--- Type Registry (Debug) ---
+------------------------------+----------------------------------------------------+
| Index | Type Name            | Members (Name : Type)                              |
+------------------------------+----------------------------------------------------+
+------------------------------+----------------------------------------------------+
