Parsed OK
IR
+------+----------------+----------------------------------+----------------------------------+----------------------------------+
| idx  | opcode         | arg1                             | arg2                             | res                              |
+------+----------------+----------------------------------+----------------------------------+----------------------------------+
| 0000 | !=             | 1                                | 0                                | t3                               |
| 0001 | IF_FALSE       | t3                               | _L0                              | _                                |
| 0002 | =              | 2                                | _                                | t2                               |
| 0003 | GOTO           | _L1                              | _                                | _                                |
| 0004 | LABEL          | _                                | _                                | _L0                              |
| 0005 | !=             | 3                                | 0                                | t5                               |
| 0006 | IF_FALSE       | t5                               | _L2                              | _                                |
| 0007 | =              | 4                                | _                                | t4                               |
| 0008 | GOTO           | _L3                              | _                                | _                                |
| 0009 | LABEL          | _                                | _                                | _L2                              |
| 0010 | =              | 5                                | _                                | t4                               |
| 0011 | LABEL          | _                                | _                                | _L3                              |
| 0012 | =              | t4                               | _                                | t2                               |
| 0013 | LABEL          | _                                | _                                | _L1                              |
| 0014 | !=             | 1                                | 0                                | t7                               |
| 0015 | IF_FALSE       | t7                               | _L4                              | _                                |
| 0016 | !=             | 2                                | 0                                | t9                               |
| 0017 | IF_FALSE       | t9                               | _L6                              | _                                |
| 0018 | =              | 3                                | _                                | t8                               |
| 0019 | GOTO           | _L7                              | _                                | _                                |
| 0020 | LABEL          | _                                | _                                | _L6                              |
| 0021 | =              | 4                                | _                                | t8                               |
| 0022 | LABEL          | _                                | _                                | _L7                              |
| 0023 | =              | t8                               | _                                | t6                               |
| 0024 | GOTO           | _L5                              | _                                | _                                |
| 0025 | LABEL          | _                                | _                                | _L4                              |
| 0026 | =              | 5                                | _                                | t6                               |
| 0027 | LABEL          | _                                | _                                | _L5                              |
| 0028 | !=             | 1                                | 0                                | t11                              |
| 0029 | IF_FALSE       | t11                              | _L8                              | _                                |
| 0030 | !=             | 2                                | 0                                | t13                              |
| 0031 | IF_FALSE       | t13                              | _L10                             | _                                |
| 0032 | =              | 3                                | _                                | t12                              |
| 0033 | GOTO           | _L11                             | _                                | _                                |
| 0034 | LABEL          | _                                | _                                | _L10                             |
| 0035 | !=             | 4                                | 0                                | t15                              |
| 0036 | IF_FALSE       | t15                              | _L12                             | _                                |
| 0037 | =              | 5                                | _                                | t14                              |
| 0038 | GOTO           | _L13                             | _                                | _                                |
| 0039 | LABEL          | _                                | _                                | _L12                             |
| 0040 | =              | 6                                | _                                | t14                              |
| 0041 | LABEL          | _                                | _                                | _L13                             |
| 0042 | =              | t14                              | _                                | t12                              |
| 0043 | LABEL          | _                                | _                                | _L11                             |
| 0044 | =              | t12                              | _                                | t10                              |
| 0045 | GOTO           | _L9                              | _                                | _                                |
| 0046 | LABEL          | _                                | _                                | _L8                              |
| 0047 | =              | 7                                | _                                | t10                              |
| 0048 | LABEL          | _                                | _                                | _L9                              |
| 0049 | !=             | 1                                | 0                                | t17                              |
| 0050 | IF_FALSE       | t17                              | _L14                             | _                                |
| 0051 | =              | 2                                | _                                | t16                              |
| 0052 | GOTO           | _L15                             | _                                | _                                |
| 0053 | LABEL          | _                                | _                                | _L14                             |
| 0054 | =              | 3                                | _                                | t16                              |
| 0055 | LABEL          | _                                | _                                | _L15                             |
| 0056 | =              | t16                              | _                                | _sym1                            |
| 0057 | !=             | 1                                | 0                                | t19                              |
| 0058 | IF_FALSE       | t19                              | _L16                             | _                                |
| 0059 | =              | 2                                | _                                | _sym2                            |
| 0060 | =              | 2                                | _                                | t18                              |
| 0061 | GOTO           | _L17                             | _                                | _                                |
| 0062 | LABEL          | _                                | _                                | _L16                             |
| 0063 | =              | 3                                | _                                | _sym3                            |
| 0064 | =              | 3                                | _                                | t18                              |
| 0065 | LABEL          | _                                | _                                | _L17                             |
| 0066 | =              | t18                              | _                                | _sym1                            |
| 0067 | !=             | 1                                | 0                                | t21                              |
| 0068 | IF_FALSE       | t21                              | _L18                             | _                                |
| 0069 | =              | 2                                | _                                | _sym3                            |
| 0070 | =              | 2                                | _                                | t20                              |
| 0071 | GOTO           | _L19                             | _                                | _                                |
| 0072 | LABEL          | _                                | _                                | _L18                             |
| 0073 | =              | 3                                | _                                | _sym4                            |
| 0074 | =              | 3                                | _                                | t20                              |
| 0075 | LABEL          | _                                | _                                | _L19                             |
| 0076 | =              | t20                              | _                                | _sym2                            |
| 0077 | =              | t20                              | _                                | _sym1                            |
+------+----------------+----------------------------------+----------------------------------+----------------------------------+

--- Symbol Table (Debug) ---
+-------+----------------------------------+-------+--------------------------+
| Index | Name                             | Depth | Type                     |
+-------+----------------------------------+-------+--------------------------+
| _sym1 | a                                | 0     | int                      |
| _sym2 | b                                | 0     | int                      |
| _sym3 | c                                | 0     | int                      |
| _sym4 | d                                | 0     | int                      |
+-------+----------------------------------+-------+--------------------------+

--- Type Registry (Debug) ---
+------------------------------+----------------------------------------------------+
| Index | Type Name            | Members (Name : Type)                              |
+------------------------------+----------------------------------------------------+
+------------------------------+----------------------------------------------------+
